<?xml version="1.0" encoding="UTF-8"?>
<coverage generated="1744976931521" clover="3.2.0">
  <project timestamp="1744976931521" name="All files">
    <metrics statements="899" coveredstatements="528" conditionals="308" coveredconditionals="152" methods="136" coveredmethods="63" elements="1343" coveredelements="743" complexity="0" loc="899" ncloc="899" packages="3" files="12" classes="12"/>
    <package name="src">
      <metrics statements="569" coveredstatements="361" conditionals="176" coveredconditionals="103" methods="90" coveredmethods="42"/>
      <file name="app.ts" path="/Users/user/Desktop/Seng2021 Backend/src/app.ts">
        <metrics statements="564" coveredstatements="356" conditionals="176" coveredconditionals="103" methods="90" coveredmethods="42"/>
        <line num="1" count="19" type="stmt"/>
        <line num="2" count="19" type="stmt"/>
        <line num="3" count="19" type="stmt"/>
        <line num="4" count="19" type="stmt"/>
        <line num="5" count="19" type="stmt"/>
        <line num="19" count="19" type="stmt"/>
        <line num="28" count="19" type="stmt"/>
        <line num="29" count="19" type="stmt"/>
        <line num="30" count="19" type="stmt"/>
        <line num="31" count="19" type="stmt"/>
        <line num="32" count="19" type="stmt"/>
        <line num="33" count="19" type="stmt"/>
        <line num="34" count="19" type="stmt"/>
        <line num="35" count="19" type="stmt"/>
        <line num="36" count="19" type="stmt"/>
        <line num="37" count="19" type="stmt"/>
        <line num="38" count="19" type="stmt"/>
        <line num="39" count="19" type="stmt"/>
        <line num="44" count="19" type="stmt"/>
        <line num="46" count="19" type="stmt"/>
        <line num="48" count="19" type="stmt"/>
        <line num="49" count="19" type="stmt"/>
        <line num="56" count="19" type="cond" truecount="1" falsecount="1"/>
        <line num="57" count="19" type="stmt"/>
        <line num="60" count="19" type="stmt"/>
        <line num="61" count="19" type="stmt"/>
        <line num="63" count="19" type="cond" truecount="2" falsecount="0"/>
        <line num="64" count="19" type="cond" truecount="2" falsecount="0"/>
        <line num="65" count="19" type="stmt"/>
        <line num="73" count="19" type="stmt"/>
        <line num="74" count="0" type="stmt"/>
        <line num="80" count="19" type="stmt"/>
        <line num="81" count="0" type="stmt"/>
        <line num="85" count="19" type="stmt"/>
        <line num="86" count="2" type="stmt"/>
        <line num="87" count="2" type="stmt"/>
        <line num="88" count="2" type="stmt"/>
        <line num="89" count="2" type="stmt"/>
        <line num="91" count="1" type="cond" truecount="1" falsecount="0"/>
        <line num="92" count="1" type="stmt"/>
        <line num="94" count="0" type="stmt"/>
        <line num="96" count="1" type="stmt"/>
        <line num="100" count="19" type="stmt"/>
        <line num="101" count="4" type="stmt"/>
        <line num="103" count="4" type="cond" truecount="1" falsecount="0"/>
        <line num="104" count="1" type="stmt"/>
        <line num="107" count="3" type="stmt"/>
        <line num="108" count="3" type="stmt"/>
        <line num="110" count="2" type="stmt"/>
        <line num="112" count="2" type="cond" truecount="1" falsecount="0"/>
        <line num="113" count="1" type="stmt"/>
        <line num="118" count="1" type="stmt"/>
        <line num="122" count="1" type="cond" truecount="1" falsecount="0"/>
        <line num="123" count="1" type="stmt"/>
        <line num="128" count="19" type="stmt"/>
        <line num="130" count="3" type="stmt"/>
        <line num="131" count="3" type="stmt"/>
        <line num="132" count="3" type="stmt"/>
        <line num="133" count="3" type="stmt"/>
        <line num="134" count="3" type="stmt"/>
        <line num="135" count="3" type="stmt"/>
        <line num="136" count="1" type="stmt"/>
        <line num="140" count="2" type="cond" truecount="1" falsecount="0"/>
        <line num="141" count="2" type="stmt"/>
        <line num="143" count="0" type="stmt"/>
        <line num="148" count="19" type="stmt"/>
        <line num="149" count="13" type="stmt"/>
        <line num="150" count="13" type="stmt"/>
        <line num="151" count="11" type="stmt"/>
        <line num="152" count="11" type="cond" truecount="1" falsecount="0"/>
        <line num="153" count="1" type="stmt"/>
        <line num="155" count="10" type="stmt"/>
        <line num="156" count="10" type="stmt"/>
        <line num="161" count="2" type="cond" truecount="1" falsecount="0"/>
        <line num="162" count="2" type="stmt"/>
        <line num="164" count="0" type="stmt"/>
        <line num="168" count="19" type="stmt"/>
        <line num="169" count="0" type="stmt"/>
        <line num="170" count="0" type="stmt"/>
        <line num="172" count="0" type="stmt"/>
        <line num="173" count="0" type="cond" truecount="0" falsecount="1"/>
        <line num="174" count="0" type="stmt"/>
        <line num="177" count="0" type="stmt"/>
        <line num="180" count="0" type="stmt"/>
        <line num="182" count="0" type="stmt"/>
        <line num="184" count="0" type="stmt"/>
        <line num="186" count="0" type="stmt"/>
        <line num="191" count="0" type="cond" truecount="0" falsecount="1"/>
        <line num="192" count="0" type="stmt"/>
        <line num="194" count="0" type="stmt"/>
        <line num="198" count="19" type="stmt"/>
        <line num="200" count="5" type="stmt"/>
        <line num="201" count="5" type="stmt"/>
        <line num="202" count="5" type="stmt"/>
        <line num="203" count="4" type="stmt"/>
        <line num="205" count="4" type="cond" truecount="1" falsecount="0"/>
        <line num="206" count="1" type="stmt"/>
        <line num="211" count="3" type="stmt"/>
        <line num="212" count="3" type="stmt"/>
        <line num="214" count="3" type="cond" truecount="1" falsecount="0"/>
        <line num="215" count="1" type="stmt"/>
        <line num="218" count="2" type="stmt"/>
        <line num="219" count="2" type="cond" truecount="1" falsecount="0"/>
        <line num="220" count="1" type="stmt"/>
        <line num="225" count="1" type="stmt"/>
        <line num="226" count="1" type="stmt"/>
        <line num="230" count="1" type="cond" truecount="1" falsecount="0"/>
        <line num="231" count="1" type="stmt"/>
        <line num="233" count="0" type="stmt"/>
        <line num="238" count="19" type="stmt"/>
        <line num="239" count="5" type="stmt"/>
        <line num="241" count="5" type="stmt"/>
        <line num="242" count="5" type="stmt"/>
        <line num="243" count="5" type="cond" truecount="1" falsecount="0"/>
        <line num="244" count="1" type="stmt"/>
        <line num="248" count="4" type="stmt"/>
        <line num="249" count="4" type="stmt"/>
        <line num="251" count="3" type="cond" truecount="1" falsecount="0"/>
        <line num="252" count="1" type="stmt"/>
        <line num="255" count="2" type="stmt"/>
        <line num="256" count="2" type="cond" truecount="1" falsecount="0"/>
        <line num="257" count="1" type="stmt"/>
        <line num="261" count="1" type="stmt"/>
        <line num="262" count="1" type="stmt"/>
        <line num="264" count="1" type="cond" truecount="0" falsecount="1"/>
        <line num="265" count="0" type="stmt"/>
        <line num="269" count="1" type="stmt"/>
        <line num="274" count="4" type="cond" truecount="1" falsecount="0"/>
        <line num="275" count="4" type="cond" truecount="1" falsecount="0"/>
        <line num="276" count="1" type="stmt"/>
        <line num="278" count="3" type="cond" truecount="1" falsecount="0"/>
        <line num="279" count="1" type="stmt"/>
        <line num="281" count="2" type="cond" truecount="1" falsecount="0"/>
        <line num="282" count="1" type="stmt"/>
        <line num="284" count="1" type="stmt"/>
        <line num="286" count="0" type="stmt"/>
        <line num="290" count="19" type="stmt"/>
        <line num="291" count="7" type="stmt"/>
        <line num="292" count="7" type="stmt"/>
        <line num="293" count="7" type="stmt"/>
        <line num="294" count="5" type="stmt"/>
        <line num="295" count="5" type="cond" truecount="1" falsecount="0"/>
        <line num="296" count="1" type="stmt"/>
        <line num="298" count="4" type="stmt"/>
        <line num="300" count="1" type="stmt"/>
        <line num="305" count="5" type="cond" truecount="1" falsecount="0"/>
        <line num="306" count="5" type="stmt"/>
        <line num="308" count="0" type="stmt"/>
        <line num="313" count="19" type="stmt"/>
        <line num="314" count="5" type="stmt"/>
        <line num="316" count="5" type="stmt"/>
        <line num="317" count="5" type="stmt"/>
        <line num="318" count="5" type="cond" truecount="1" falsecount="0"/>
        <line num="319" count="1" type="stmt"/>
        <line num="323" count="4" type="stmt"/>
        <line num="324" count="4" type="stmt"/>
        <line num="326" count="3" type="cond" truecount="1" falsecount="0"/>
        <line num="327" count="1" type="stmt"/>
        <line num="330" count="2" type="stmt"/>
        <line num="331" count="2" type="cond" truecount="1" falsecount="0"/>
        <line num="332" count="1" type="stmt"/>
        <line num="336" count="1" type="stmt"/>
        <line num="337" count="1" type="stmt"/>
        <line num="339" count="1" type="cond" truecount="0" falsecount="1"/>
        <line num="340" count="0" type="stmt"/>
        <line num="344" count="1" type="stmt"/>
        <line num="349" count="4" type="cond" truecount="1" falsecount="0"/>
        <line num="350" count="4" type="cond" truecount="1" falsecount="0"/>
        <line num="351" count="1" type="stmt"/>
        <line num="353" count="3" type="cond" truecount="1" falsecount="0"/>
        <line num="354" count="1" type="stmt"/>
        <line num="356" count="2" type="cond" truecount="1" falsecount="0"/>
        <line num="357" count="1" type="stmt"/>
        <line num="359" count="1" type="stmt"/>
        <line num="361" count="0" type="stmt"/>
        <line num="366" count="19" type="stmt"/>
        <line num="367" count="4" type="stmt"/>
        <line num="377" count="4" type="stmt"/>
        <line num="379" count="4" type="stmt"/>
        <line num="380" count="4" type="stmt"/>
        <line num="382" count="4" type="stmt"/>
        <line num="383" count="4" type="cond" truecount="1" falsecount="0"/>
        <line num="384" count="1" type="stmt"/>
        <line num="388" count="3" type="stmt"/>
        <line num="389" count="3" type="stmt"/>
        <line num="391" count="3" type="cond" truecount="1" falsecount="0"/>
        <line num="392" count="1" type="stmt"/>
        <line num="396" count="2" type="cond" truecount="1" falsecount="0"/>
        <line num="406" count="1" type="stmt"/>
        <line num="410" count="1" type="stmt"/>
        <line num="426" count="1" type="stmt"/>
        <line num="438" count="1" type="stmt"/>
        <line num="440" count="1" type="cond" truecount="0" falsecount="1"/>
        <line num="441" count="0" type="stmt"/>
        <line num="445" count="1" type="stmt"/>
        <line num="450" count="3" type="cond" truecount="1" falsecount="0"/>
        <line num="451" count="3" type="cond" truecount="1" falsecount="0"/>
        <line num="452" count="1" type="stmt"/>
        <line num="454" count="2" type="cond" truecount="1" falsecount="0"/>
        <line num="455" count="1" type="stmt"/>
        <line num="457" count="1" type="cond" truecount="1" falsecount="0"/>
        <line num="458" count="1" type="stmt"/>
        <line num="462" count="0" type="stmt"/>
        <line num="466" count="19" type="stmt"/>
        <line num="467" count="7" type="stmt"/>
        <line num="468" count="7" type="stmt"/>
        <line num="470" count="7" type="stmt"/>
        <line num="473" count="7" type="cond" truecount="1" falsecount="0"/>
        <line num="474" count="1" type="stmt"/>
        <line num="479" count="6" type="stmt"/>
        <line num="480" count="6" type="cond" truecount="1" falsecount="0"/>
        <line num="481" count="1" type="stmt"/>
        <line num="485" count="5" type="stmt"/>
        <line num="486" count="5" type="cond" truecount="1" falsecount="0"/>
        <line num="487" count="1" type="stmt"/>
        <line num="493" count="4" type="stmt"/>
        <line num="496" count="3" type="cond" truecount="0" falsecount="1"/>
        <line num="497" count="0" type="stmt"/>
        <line num="501" count="3" type="stmt"/>
        <line num="504" count="2" type="stmt"/>
        <line num="509" count="2" type="stmt"/>
        <line num="512" count="1" type="stmt"/>
        <line num="513" count="1" type="stmt"/>
        <line num="515" count="3" type="stmt"/>
        <line num="519" count="19" type="stmt"/>
        <line num="520" count="7" type="stmt"/>
        <line num="521" count="7" type="stmt"/>
        <line num="523" count="7" type="stmt"/>
        <line num="526" count="7" type="cond" truecount="1" falsecount="0"/>
        <line num="527" count="1" type="stmt"/>
        <line num="530" count="6" type="stmt"/>
        <line num="531" count="6" type="cond" truecount="1" falsecount="0"/>
        <line num="532" count="1" type="stmt"/>
        <line num="537" count="5" type="stmt"/>
        <line num="538" count="5" type="cond" truecount="1" falsecount="0"/>
        <line num="539" count="1" type="stmt"/>
        <line num="543" count="4" type="stmt"/>
        <line num="544" count="4" type="cond" truecount="1" falsecount="0"/>
        <line num="545" count="1" type="stmt"/>
        <line num="552" count="3" type="stmt"/>
        <line num="560" count="3" type="stmt"/>
        <line num="562" count="2" type="cond" truecount="1" falsecount="0"/>
        <line num="563" count="1" type="stmt"/>
        <line num="567" count="1" type="stmt"/>
        <line num="569" count="1" type="stmt"/>
        <line num="576" count="1" type="stmt"/>
        <line num="581" count="19" type="stmt"/>
        <line num="583" count="4" type="stmt"/>
        <line num="584" count="4" type="stmt"/>
        <line num="586" count="4" type="stmt"/>
        <line num="588" count="4" type="cond" truecount="1" falsecount="0"/>
        <line num="589" count="1" type="stmt"/>
        <line num="593" count="3" type="stmt"/>
        <line num="594" count="2" type="cond" truecount="1" falsecount="0"/>
        <line num="595" count="1" type="stmt"/>
        <line num="598" count="1" type="stmt"/>
        <line num="599" count="1" type="stmt"/>
        <line num="601" count="1" type="cond" truecount="1" falsecount="0"/>
        <line num="602" count="1" type="stmt"/>
        <line num="604" count="0" type="stmt"/>
        <line num="609" count="19" type="stmt"/>
        <line num="611" count="0" type="stmt"/>
        <line num="613" count="0" type="stmt"/>
        <line num="614" count="0" type="stmt"/>
        <line num="616" count="0" type="cond" truecount="0" falsecount="1"/>
        <line num="617" count="0" type="stmt"/>
        <line num="620" count="0" type="stmt"/>
        <line num="621" count="0" type="cond" truecount="0" falsecount="1"/>
        <line num="622" count="0" type="stmt"/>
        <line num="625" count="0" type="stmt"/>
        <line num="626" count="0" type="stmt"/>
        <line num="627" count="0" type="stmt"/>
        <line num="630" count="0" type="stmt"/>
        <line num="632" count="0" type="cond" truecount="0" falsecount="1"/>
        <line num="633" count="0" type="stmt"/>
        <line num="635" count="0" type="stmt"/>
        <line num="643" count="19" type="stmt"/>
        <line num="645" count="4" type="stmt"/>
        <line num="646" count="4" type="stmt"/>
        <line num="648" count="4" type="cond" truecount="1" falsecount="0"/>
        <line num="649" count="1" type="stmt"/>
        <line num="652" count="3" type="stmt"/>
        <line num="653" count="2" type="cond" truecount="1" falsecount="0"/>
        <line num="654" count="1" type="stmt"/>
        <line num="657" count="1" type="stmt"/>
        <line num="658" count="1" type="stmt"/>
        <line num="660" count="1" type="cond" truecount="1" falsecount="0"/>
        <line num="661" count="1" type="stmt"/>
        <line num="663" count="0" type="stmt"/>
        <line num="668" count="19" type="stmt"/>
        <line num="670" count="8" type="stmt"/>
        <line num="671" count="8" type="stmt"/>
        <line num="673" count="8" type="cond" truecount="1" falsecount="0"/>
        <line num="674" count="2" type="stmt"/>
        <line num="677" count="6" type="stmt"/>
        <line num="678" count="4" type="cond" truecount="1" falsecount="0"/>
        <line num="679" count="2" type="stmt"/>
        <line num="682" count="2" type="stmt"/>
        <line num="683" count="2" type="stmt"/>
        <line num="684" count="5" type="stmt"/>
        <line num="687" count="2" type="stmt"/>
        <line num="689" count="2" type="cond" truecount="1" falsecount="0"/>
        <line num="690" count="2" type="stmt"/>
        <line num="692" count="0" type="stmt"/>
        <line num="697" count="19" type="stmt"/>
        <line num="699" count="4" type="stmt"/>
        <line num="701" count="4" type="stmt"/>
        <line num="704" count="4" type="stmt"/>
        <line num="707" count="4" type="cond" truecount="1" falsecount="0"/>
        <line num="708" count="1" type="stmt"/>
        <line num="713" count="3" type="stmt"/>
        <line num="714" count="3" type="cond" truecount="1" falsecount="0"/>
        <line num="715" count="1" type="stmt"/>
        <line num="719" count="2" type="stmt"/>
        <line num="720" count="2" type="cond" truecount="1" falsecount="0"/>
        <line num="721" count="1" type="stmt"/>
        <line num="724" count="1" type="stmt"/>
        <line num="725" count="1" type="cond" truecount="0" falsecount="1"/>
        <line num="726" count="0" type="stmt"/>
        <line num="729" count="1" type="stmt"/>
        <line num="745" count="0" type="stmt"/>
        <line num="749" count="19" type="stmt"/>
        <line num="750" count="8" type="stmt"/>
        <line num="752" count="8" type="stmt"/>
        <line num="753" count="8" type="cond" truecount="1" falsecount="0"/>
        <line num="754" count="1" type="stmt"/>
        <line num="757" count="8" type="stmt"/>
        <line num="758" count="8" type="stmt"/>
        <line num="759" count="2" type="stmt"/>
        <line num="761" count="7" type="cond" truecount="1" falsecount="0"/>
        <line num="762" count="6" type="stmt"/>
        <line num="764" count="1" type="stmt"/>
        <line num="768" count="19" type="stmt"/>
        <line num="769" count="3" type="stmt"/>
        <line num="771" count="3" type="stmt"/>
        <line num="772" count="3" type="stmt"/>
        <line num="773" count="3" type="cond" truecount="1" falsecount="0"/>
        <line num="774" count="1" type="stmt"/>
        <line num="777" count="3" type="stmt"/>
        <line num="779" count="2" type="stmt"/>
        <line num="780" count="2" type="cond" truecount="1" falsecount="0"/>
        <line num="781" count="1" type="stmt"/>
        <line num="784" count="2" type="stmt"/>
        <line num="787" count="0" type="stmt"/>
        <line num="795" count="0" type="stmt"/>
        <line num="797" count="3" type="cond" truecount="1" falsecount="0"/>
        <line num="798" count="3" type="stmt"/>
        <line num="800" count="0" type="stmt"/>
        <line num="804" count="19" type="stmt"/>
        <line num="805" count="0" type="stmt"/>
        <line num="806" count="0" type="stmt"/>
        <line num="808" count="0" type="stmt"/>
        <line num="809" count="0" type="cond" truecount="0" falsecount="3"/>
        <line num="810" count="0" type="stmt"/>
        <line num="813" count="0" type="stmt"/>
        <line num="814" count="0" type="stmt"/>
        <line num="815" count="0" type="cond" truecount="0" falsecount="1"/>
        <line num="816" count="0" type="stmt"/>
        <line num="819" count="0" type="stmt"/>
        <line num="821" count="0" type="cond" truecount="0" falsecount="1"/>
        <line num="822" count="0" type="stmt"/>
        <line num="824" count="0" type="stmt"/>
        <line num="828" count="19" type="stmt"/>
        <line num="829" count="0" type="stmt"/>
        <line num="830" count="0" type="stmt"/>
        <line num="832" count="0" type="cond" truecount="0" falsecount="3"/>
        <line num="833" count="0" type="stmt"/>
        <line num="836" count="0" type="stmt"/>
        <line num="838" count="0" type="cond" truecount="0" falsecount="1"/>
        <line num="839" count="0" type="stmt"/>
        <line num="842" count="0" type="stmt"/>
        <line num="844" count="0" type="cond" truecount="0" falsecount="1"/>
        <line num="845" count="0" type="stmt"/>
        <line num="847" count="0" type="stmt"/>
        <line num="851" count="19" type="stmt"/>
        <line num="852" count="0" type="stmt"/>
        <line num="860" count="0" type="stmt"/>
        <line num="862" count="0" type="stmt"/>
        <line num="872" count="0" type="stmt"/>
        <line num="874" count="0" type="cond" truecount="0" falsecount="2"/>
        <line num="875" count="0" type="stmt"/>
        <line num="877" count="0" type="stmt"/>
        <line num="882" count="19" type="stmt"/>
        <line num="883" count="0" type="stmt"/>
        <line num="891" count="0" type="stmt"/>
        <line num="893" count="0" type="stmt"/>
        <line num="903" count="0" type="stmt"/>
        <line num="905" count="0" type="cond" truecount="0" falsecount="2"/>
        <line num="906" count="0" type="stmt"/>
        <line num="908" count="0" type="stmt"/>
        <line num="914" count="19" type="stmt"/>
        <line num="915" count="0" type="stmt"/>
        <line num="916" count="0" type="stmt"/>
        <line num="918" count="0" type="cond" truecount="0" falsecount="3"/>
        <line num="919" count="0" type="stmt"/>
        <line num="922" count="0" type="stmt"/>
        <line num="923" count="0" type="stmt"/>
        <line num="925" count="0" type="cond" truecount="0" falsecount="1"/>
        <line num="926" count="0" type="stmt"/>
        <line num="928" count="0" type="stmt"/>
        <line num="932" count="19" type="stmt"/>
        <line num="933" count="0" type="stmt"/>
        <line num="934" count="0" type="stmt"/>
        <line num="936" count="0" type="cond" truecount="0" falsecount="3"/>
        <line num="937" count="0" type="stmt"/>
        <line num="940" count="0" type="stmt"/>
        <line num="941" count="0" type="stmt"/>
        <line num="943" count="0" type="cond" truecount="0" falsecount="1"/>
        <line num="944" count="0" type="stmt"/>
        <line num="946" count="0" type="stmt"/>
        <line num="950" count="19" type="stmt"/>
        <line num="951" count="4" type="stmt"/>
        <line num="952" count="4" type="stmt"/>
        <line num="954" count="4" type="cond" truecount="5" falsecount="0"/>
        <line num="955" count="2" type="stmt"/>
        <line num="958" count="2" type="cond" truecount="13" falsecount="4"/>
        <line num="959" count="0" type="stmt"/>
        <line num="962" count="2" type="stmt"/>
        <line num="969" count="1" type="stmt"/>
        <line num="975" count="3" type="cond" truecount="1" falsecount="0"/>
        <line num="976" count="3" type="stmt"/>
        <line num="978" count="0" type="stmt"/>
        <line num="982" count="19" type="stmt"/>
        <line num="983" count="4" type="stmt"/>
        <line num="984" count="4" type="stmt"/>
        <line num="986" count="4" type="cond" truecount="3" falsecount="0"/>
        <line num="987" count="1" type="stmt"/>
        <line num="990" count="3" type="stmt"/>
        <line num="995" count="2" type="cond" truecount="1" falsecount="0"/>
        <line num="996" count="1" type="stmt"/>
        <line num="999" count="1" type="stmt"/>
        <line num="1004" count="2" type="cond" truecount="1" falsecount="0"/>
        <line num="1005" count="2" type="stmt"/>
        <line num="1007" count="0" type="stmt"/>
        <line num="1011" count="19" type="stmt"/>
        <line num="1012" count="4" type="stmt"/>
        <line num="1013" count="4" type="stmt"/>
        <line num="1015" count="4" type="cond" truecount="1" falsecount="0"/>
        <line num="1016" count="1" type="stmt"/>
        <line num="1019" count="3" type="stmt"/>
        <line num="1024" count="2" type="cond" truecount="1" falsecount="0"/>
        <line num="1025" count="1" type="stmt"/>
        <line num="1028" count="1" type="stmt"/>
        <line num="1030" count="1" type="stmt"/>
        <line num="1035" count="19" type="stmt"/>
        <line num="1036" count="0" type="stmt"/>
        <line num="1037" count="0" type="stmt"/>
        <line num="1038" count="0" type="stmt"/>
        <line num="1041" count="0" type="stmt"/>
        <line num="1046" count="0" type="cond" truecount="0" falsecount="1"/>
        <line num="1047" count="0" type="stmt"/>
        <line num="1050" count="0" type="cond" truecount="0" falsecount="1"/>
        <line num="1051" count="0" type="stmt"/>
        <line num="1054" count="0" type="cond" truecount="0" falsecount="17"/>
        <line num="1055" count="0" type="stmt"/>
        <line num="1058" count="0" type="stmt"/>
        <line num="1065" count="0" type="stmt"/>
        <line num="1071" count="0" type="cond" truecount="0" falsecount="1"/>
        <line num="1072" count="0" type="stmt"/>
        <line num="1074" count="0" type="stmt"/>
        <line num="1078" count="19" type="stmt"/>
        <line num="1079" count="0" type="stmt"/>
        <line num="1080" count="0" type="stmt"/>
        <line num="1081" count="0" type="stmt"/>
        <line num="1083" count="0" type="cond" truecount="0" falsecount="3"/>
        <line num="1084" count="0" type="stmt"/>
        <line num="1087" count="0" type="cond" truecount="0" falsecount="3"/>
        <line num="1088" count="0" type="stmt"/>
        <line num="1091" count="0" type="stmt"/>
        <line num="1096" count="0" type="cond" truecount="0" falsecount="1"/>
        <line num="1097" count="0" type="stmt"/>
        <line num="1100" count="0" type="stmt"/>
        <line num="1105" count="0" type="cond" truecount="0" falsecount="1"/>
        <line num="1106" count="0" type="stmt"/>
        <line num="1108" count="0" type="stmt"/>
        <line num="1112" count="19" type="stmt"/>
        <line num="1113" count="0" type="stmt"/>
        <line num="1114" count="0" type="stmt"/>
        <line num="1115" count="0" type="stmt"/>
        <line num="1117" count="0" type="cond" truecount="0" falsecount="1"/>
        <line num="1118" count="0" type="stmt"/>
        <line num="1121" count="0" type="cond" truecount="0" falsecount="1"/>
        <line num="1122" count="0" type="stmt"/>
        <line num="1126" count="0" type="stmt"/>
        <line num="1131" count="0" type="cond" truecount="0" falsecount="1"/>
        <line num="1132" count="0" type="stmt"/>
        <line num="1136" count="0" type="stmt"/>
        <line num="1141" count="0" type="cond" truecount="0" falsecount="1"/>
        <line num="1142" count="0" type="stmt"/>
        <line num="1145" count="0" type="stmt"/>
        <line num="1147" count="0" type="stmt"/>
        <line num="1151" count="19" type="stmt"/>
        <line num="1152" count="0" type="stmt"/>
        <line num="1153" count="0" type="stmt"/>
        <line num="1155" count="0" type="cond" truecount="0" falsecount="1"/>
        <line num="1156" count="0" type="stmt"/>
        <line num="1160" count="0" type="stmt"/>
        <line num="1165" count="0" type="cond" truecount="0" falsecount="1"/>
        <line num="1166" count="0" type="stmt"/>
        <line num="1170" count="0" type="stmt"/>
        <line num="1175" count="0" type="stmt"/>
        <line num="1177" count="0" type="stmt"/>
        <line num="1182" count="19" type="stmt"/>
        <line num="1183" count="0" type="stmt"/>
        <line num="1184" count="0" type="stmt"/>
        <line num="1185" count="0" type="stmt"/>
        <line num="1186" count="0" type="stmt"/>
        <line num="1188" count="0" type="stmt"/>
        <line num="1189" count="0" type="stmt"/>
        <line num="1193" count="0" type="stmt"/>
        <line num="1197" count="19" type="stmt"/>
        <line num="1198" count="0" type="stmt"/>
        <line num="1199" count="0" type="stmt"/>
        <line num="1200" count="0" type="stmt"/>
        <line num="1201" count="0" type="stmt"/>
        <line num="1203" count="0" type="stmt"/>
        <line num="1208" count="0" type="stmt"/>
        <line num="1212" count="19" type="stmt"/>
        <line num="1213" count="0" type="stmt"/>
        <line num="1214" count="0" type="stmt"/>
        <line num="1215" count="0" type="stmt"/>
        <line num="1216" count="0" type="stmt"/>
        <line num="1218" count="0" type="stmt"/>
        <line num="1220" count="0" type="stmt"/>
        <line num="1224" count="19" type="stmt"/>
        <line num="1225" count="0" type="stmt"/>
        <line num="1226" count="0" type="stmt"/>
        <line num="1227" count="0" type="stmt"/>
        <line num="1228" count="0" type="stmt"/>
        <line num="1229" count="0" type="stmt"/>
        <line num="1230" count="0" type="stmt"/>
        <line num="1231" count="0" type="stmt"/>
        <line num="1236" count="0" type="stmt"/>
        <line num="1240" count="19" type="stmt"/>
        <line num="1241" count="0" type="stmt"/>
        <line num="1242" count="0" type="stmt"/>
        <line num="1243" count="0" type="stmt"/>
        <line num="1244" count="0" type="stmt"/>
        <line num="1245" count="0" type="stmt"/>
        <line num="1247" count="0" type="stmt"/>
        <line num="1251" count="19" type="stmt"/>
        <line num="1252" count="0" type="stmt"/>
        <line num="1253" count="0" type="stmt"/>
        <line num="1254" count="0" type="stmt"/>
        <line num="1255" count="0" type="stmt"/>
        <line num="1256" count="0" type="stmt"/>
        <line num="1258" count="0" type="stmt"/>
        <line num="1263" count="19" type="stmt"/>
        <line num="1264" count="0" type="stmt"/>
        <line num="1268" count="19" type="stmt"/>
        <line num="1269" count="0" type="stmt"/>
        <line num="1273" count="19" type="stmt"/>
        <line num="1274" count="0" type="stmt"/>
        <line num="1278" count="19" type="stmt"/>
        <line num="1279" count="0" type="stmt"/>
        <line num="1290" count="19" type="stmt"/>
        <line num="1291" count="1" type="stmt"/>
        <line num="1302" count="1" type="stmt"/>
        <line num="1306" count="19" type="stmt"/>
        <line num="1308" count="76" type="cond" truecount="2" falsecount="0"/>
        <line num="1315" count="19" type="cond" truecount="0" falsecount="1"/>
        <line num="1316" count="0" type="stmt"/>
        <line num="1317" count="0" type="stmt"/>
        <line num="1321" count="19" type="stmt"/>
      </file>
      <file name="db.ts" path="/Users/user/Desktop/Seng2021 Backend/src/db.ts">
        <metrics statements="5" coveredstatements="5" conditionals="0" coveredconditionals="0" methods="0" coveredmethods="0"/>
        <line num="1" count="17" type="stmt"/>
        <line num="2" count="17" type="stmt"/>
        <line num="4" count="17" type="stmt"/>
        <line num="6" count="17" type="stmt"/>
        <line num="18" count="17" type="stmt"/>
      </file>
    </package>
    <package name="src.services">
      <metrics statements="303" coveredstatements="141" conditionals="123" coveredconditionals="41" methods="44" coveredmethods="19"/>
      <file name="buyerId.ts" path="/Users/user/Desktop/Seng2021 Backend/src/services/buyerId.ts">
        <metrics statements="26" coveredstatements="5" conditionals="8" coveredconditionals="0" methods="3" coveredmethods="0"/>
        <line num="2" count="19" type="stmt"/>
        <line num="3" count="19" type="stmt"/>
        <line num="6" count="19" type="stmt"/>
        <line num="7" count="0" type="stmt"/>
        <line num="11" count="0" type="cond" truecount="0" falsecount="1"/>
        <line num="12" count="0" type="stmt"/>
        <line num="15" count="0" type="cond" truecount="0" falsecount="1"/>
        <line num="16" count="0" type="stmt"/>
        <line num="19" count="0" type="stmt"/>
        <line num="23" count="19" type="stmt"/>
        <line num="34" count="0" type="stmt"/>
        <line num="36" count="0" type="stmt"/>
        <line num="43" count="0" type="stmt"/>
        <line num="51" count="0" type="stmt"/>
        <line num="53" count="0" type="cond" truecount="0" falsecount="5"/>
        <line num="54" count="0" type="stmt"/>
        <line num="57" count="0" type="stmt"/>
        <line num="60" count="0" type="stmt"/>
        <line num="65" count="0" type="stmt"/>
        <line num="66" count="0" type="stmt"/>
        <line num="69" count="19" type="stmt"/>
        <line num="70" count="0" type="stmt"/>
        <line num="78" count="0" type="cond" truecount="0" falsecount="1"/>
        <line num="79" count="0" type="stmt"/>
        <line num="83" count="0" type="stmt"/>
        <line num="85" count="0" type="stmt"/>
      </file>
      <file name="buyerService.ts" path="/Users/user/Desktop/Seng2021 Backend/src/services/buyerService.ts">
        <metrics statements="65" coveredstatements="46" conditionals="13" coveredconditionals="7" methods="10" coveredmethods="5"/>
        <line num="2" count="17" type="stmt"/>
        <line num="4" count="17" type="stmt"/>
        <line num="13" count="17" type="stmt"/>
        <line num="15" count="2" type="stmt"/>
        <line num="16" count="2" type="stmt"/>
        <line num="18" count="2" type="cond" truecount="1" falsecount="0"/>
        <line num="19" count="1" type="stmt"/>
        <line num="21" count="1" type="stmt"/>
        <line num="24" count="17" type="stmt"/>
        <line num="45" count="10" type="stmt"/>
        <line num="49" count="10" type="stmt"/>
        <line num="57" count="10" type="stmt"/>
        <line num="64" count="10" type="stmt"/>
        <line num="72" count="10" type="stmt"/>
        <line num="73" count="10" type="cond" truecount="2" falsecount="0"/>
        <line num="79" count="10" type="stmt"/>
        <line num="87" count="10" type="stmt"/>
        <line num="94" count="10" type="stmt"/>
        <line num="102" count="10" type="stmt"/>
        <line num="103" count="10" type="cond" truecount="1" falsecount="1"/>
        <line num="109" count="10" type="stmt"/>
        <line num="115" count="10" type="stmt"/>
        <line num="122" count="10" type="stmt"/>
        <line num="128" count="10" type="stmt"/>
        <line num="129" count="10" type="cond" truecount="1" falsecount="1"/>
        <line num="133" count="10" type="stmt"/>
        <line num="146" count="10" type="stmt"/>
        <line num="155" count="10" type="stmt"/>
        <line num="156" count="10" type="stmt"/>
        <line num="159" count="17" type="stmt"/>
        <line num="169" count="0" type="stmt"/>
        <line num="171" count="0" type="stmt"/>
        <line num="184" count="0" type="stmt"/>
        <line num="193" count="0" type="stmt"/>
        <line num="194" count="0" type="stmt"/>
        <line num="198" count="17" type="stmt"/>
        <line num="201" count="4" type="stmt"/>
        <line num="202" count="4" type="stmt"/>
        <line num="204" count="3" type="cond" truecount="1" falsecount="0"/>
        <line num="205" count="1" type="stmt"/>
        <line num="208" count="2" type="stmt"/>
        <line num="209" count="2" type="cond" truecount="1" falsecount="0"/>
        <line num="210" count="1" type="stmt"/>
        <line num="214" count="1" type="stmt"/>
        <line num="215" count="1" type="stmt"/>
        <line num="218" count="17" type="stmt"/>
        <line num="219" count="3" type="stmt"/>
        <line num="231" count="3" type="stmt"/>
        <line num="232" count="2" type="stmt"/>
        <line num="235" count="17" type="stmt"/>
        <line num="236" count="0" type="stmt"/>
        <line num="240" count="0" type="cond" truecount="0" falsecount="1"/>
        <line num="241" count="0" type="stmt"/>
        <line num="245" count="17" type="stmt"/>
        <line num="252" count="0" type="stmt"/>
        <line num="253" count="0" type="stmt"/>
        <line num="259" count="0" type="cond" truecount="0" falsecount="1"/>
        <line num="260" count="0" type="stmt"/>
        <line num="264" count="0" type="stmt"/>
        <line num="269" count="0" type="cond" truecount="0" falsecount="1"/>
        <line num="270" count="0" type="stmt"/>
        <line num="273" count="0" type="stmt"/>
        <line num="278" count="0" type="cond" truecount="0" falsecount="1"/>
        <line num="279" count="0" type="stmt"/>
        <line num="282" count="0" type="stmt"/>
      </file>
      <file name="exampleService.ts" path="/Users/user/Desktop/Seng2021 Backend/src/services/exampleService.ts">
        <metrics statements="5" coveredstatements="5" conditionals="1" coveredconditionals="1" methods="1" coveredmethods="1"/>
        <line num="1" count="19" type="stmt"/>
        <line num="3" count="19" type="stmt"/>
        <line num="4" count="10" type="stmt"/>
        <line num="5" count="10" type="cond" truecount="1" falsecount="0"/>
        <line num="6" count="2" type="stmt"/>
      </file>
      <file name="loginService.ts" path="/Users/user/Desktop/Seng2021 Backend/src/services/loginService.ts">
        <metrics statements="29" coveredstatements="29" conditionals="18" coveredconditionals="18" methods="4" coveredmethods="4"/>
        <line num="2" count="15" type="stmt"/>
        <line num="3" count="15" type="stmt"/>
        <line num="4" count="15" type="stmt"/>
        <line num="5" count="15" type="stmt"/>
        <line num="6" count="15" type="stmt"/>
        <line num="7" count="15" type="stmt"/>
        <line num="10" count="15" type="stmt"/>
        <line num="15" count="8" type="stmt"/>
        <line num="16" count="8" type="stmt"/>
        <line num="17" count="8" type="stmt"/>
        <line num="19" count="1" type="cond" truecount="1" falsecount="0"/>
        <line num="20" count="1" type="stmt"/>
        <line num="27" count="7" type="cond" truecount="3" falsecount="0"/>
        <line num="28" count="1" type="stmt"/>
        <line num="31" count="6" type="cond" truecount="3" falsecount="0"/>
        <line num="32" count="1" type="stmt"/>
        <line num="35" count="5" type="stmt"/>
        <line num="36" count="21" type="cond" truecount="5" falsecount="0"/>
        <line num="37" count="1" type="stmt"/>
        <line num="44" count="4" type="stmt"/>
        <line num="45" count="13" type="cond" truecount="5" falsecount="0"/>
        <line num="46" count="1" type="stmt"/>
        <line num="53" count="3" type="cond" truecount="1" falsecount="0"/>
        <line num="54" count="1" type="stmt"/>
        <line num="60" count="2" type="stmt"/>
        <line num="61" count="2" type="stmt"/>
        <line num="68" count="15" type="stmt"/>
        <line num="69" count="11" type="stmt"/>
        <line num="70" count="11" type="stmt"/>
      </file>
      <file name="sellerId.ts" path="/Users/user/Desktop/Seng2021 Backend/src/services/sellerId.ts">
        <metrics statements="26" coveredstatements="5" conditionals="8" coveredconditionals="0" methods="3" coveredmethods="0"/>
        <line num="2" count="19" type="stmt"/>
        <line num="3" count="19" type="stmt"/>
        <line num="14" count="19" type="stmt"/>
        <line num="15" count="0" type="stmt"/>
        <line num="23" count="0" type="cond" truecount="0" falsecount="1"/>
        <line num="24" count="0" type="stmt"/>
        <line num="28" count="0" type="stmt"/>
        <line num="30" count="0" type="stmt"/>
        <line num="40" count="19" type="stmt"/>
        <line num="41" count="0" type="stmt"/>
        <line num="45" count="0" type="cond" truecount="0" falsecount="1"/>
        <line num="46" count="0" type="stmt"/>
        <line num="49" count="0" type="cond" truecount="0" falsecount="1"/>
        <line num="50" count="0" type="stmt"/>
        <line num="53" count="0" type="stmt"/>
        <line num="56" count="19" type="stmt"/>
        <line num="67" count="0" type="stmt"/>
        <line num="69" count="0" type="stmt"/>
        <line num="76" count="0" type="stmt"/>
        <line num="84" count="0" type="stmt"/>
        <line num="86" count="0" type="cond" truecount="0" falsecount="5"/>
        <line num="87" count="0" type="stmt"/>
        <line num="90" count="0" type="stmt"/>
        <line num="93" count="0" type="stmt"/>
        <line num="98" count="0" type="stmt"/>
        <line num="99" count="0" type="stmt"/>
      </file>
      <file name="sellerService.ts" path="/Users/user/Desktop/Seng2021 Backend/src/services/sellerService.ts">
        <metrics statements="152" coveredstatements="51" conditionals="75" coveredconditionals="15" methods="23" coveredmethods="9"/>
        <line num="2" count="18" type="stmt"/>
        <line num="3" count="18" type="stmt"/>
        <line num="91" count="18" type="stmt"/>
        <line num="92" count="5" type="stmt"/>
        <line num="93" count="5" type="stmt"/>
        <line num="96" count="4" type="cond" truecount="3" falsecount="0"/>
        <line num="102" count="18" type="stmt"/>
        <line num="103" count="3" type="stmt"/>
        <line num="104" count="3" type="stmt"/>
        <line num="107" count="3" type="cond" truecount="4" falsecount="0"/>
        <line num="108" count="3" type="stmt"/>
        <line num="112" count="0" type="stmt"/>
        <line num="116" count="18" type="stmt"/>
        <line num="117" count="3" type="stmt"/>
        <line num="119" count="3" type="stmt"/>
        <line num="137" count="3" type="stmt"/>
        <line num="140" count="2" type="cond" truecount="1" falsecount="0"/>
        <line num="141" count="1" type="stmt"/>
        <line num="145" count="1" type="stmt"/>
        <line num="148" count="1" type="stmt"/>
        <line num="180" count="2" type="stmt"/>
        <line num="184" count="18" type="stmt"/>
        <line num="185" count="5" type="stmt"/>
        <line num="191" count="5" type="stmt"/>
        <line num="228" count="1" type="stmt"/>
        <line num="232" count="18" type="stmt"/>
        <line num="233" count="0" type="stmt"/>
        <line num="238" count="0" type="cond" truecount="0" falsecount="1"/>
        <line num="239" count="0" type="stmt"/>
        <line num="242" count="0" type="stmt"/>
        <line num="244" count="0" type="stmt"/>
        <line num="249" count="0" type="stmt"/>
        <line num="258" count="18" type="stmt"/>
        <line num="259" count="3" type="cond" truecount="3" falsecount="0"/>
        <line num="260" count="1" type="stmt"/>
        <line num="264" count="2" type="stmt"/>
        <line num="265" count="2" type="stmt"/>
        <line num="266" count="2" type="cond" truecount="1" falsecount="0"/>
        <line num="267" count="1" type="stmt"/>
        <line num="271" count="1" type="stmt"/>
        <line num="272" count="1" type="stmt"/>
        <line num="273" count="1" type="cond" truecount="2" falsecount="0"/>
        <line num="275" count="1" type="stmt"/>
        <line num="277" count="1" type="stmt"/>
        <line num="280" count="1" type="stmt"/>
        <line num="281" count="1" type="stmt"/>
        <line num="284" count="1" type="stmt"/>
        <line num="285" count="1" type="stmt"/>
        <line num="288" count="18" type="stmt"/>
        <line num="289" count="4" type="stmt"/>
        <line num="290" count="4" type="stmt"/>
        <line num="292" count="3" type="cond" truecount="1" falsecount="0"/>
        <line num="293" count="1" type="stmt"/>
        <line num="321" count="0" type="stmt"/>
        <line num="322" count="0" type="stmt"/>
        <line num="324" count="0" type="stmt"/>
        <line num="325" count="0" type="stmt"/>
        <line num="327" count="0" type="stmt"/>
        <line num="328" count="0" type="stmt"/>
        <line num="330" count="0" type="stmt"/>
        <line num="331" count="0" type="stmt"/>
        <line num="332" count="0" type="stmt"/>
        <line num="335" count="0" type="stmt"/>
        <line num="399" count="0" type="stmt"/>
        <line num="404" count="0" type="stmt"/>
        <line num="405" count="0" type="stmt"/>
        <line num="406" count="0" type="stmt"/>
        <line num="413" count="0" type="cond" truecount="0" falsecount="1"/>
        <line num="414" count="0" type="stmt"/>
        <line num="417" count="0" type="stmt"/>
        <line num="418" count="0" type="stmt"/>
        <line num="421" count="0" type="stmt"/>
        <line num="427" count="0" type="stmt"/>
        <line num="428" count="0" type="stmt"/>
        <line num="438" count="0" type="cond" truecount="0" falsecount="1"/>
        <line num="439" count="0" type="stmt"/>
        <line num="442" count="0" type="stmt"/>
        <line num="443" count="0" type="stmt"/>
        <line num="446" count="0" type="stmt"/>
        <line num="450" count="18" type="stmt"/>
        <line num="451" count="0" type="cond" truecount="0" falsecount="3"/>
        <line num="452" count="0" type="stmt"/>
        <line num="455" count="0" type="cond" truecount="0" falsecount="3"/>
        <line num="456" count="0" type="stmt"/>
        <line num="459" count="0" type="stmt"/>
        <line num="460" count="0" type="stmt"/>
        <line num="461" count="0" type="cond" truecount="0" falsecount="2"/>
        <line num="462" count="0" type="stmt"/>
        <line num="464" count="0" type="cond" truecount="0" falsecount="2"/>
        <line num="465" count="0" type="stmt"/>
        <line num="467" count="0" type="cond" truecount="0" falsecount="2"/>
        <line num="468" count="0" type="stmt"/>
        <line num="470" count="0" type="cond" truecount="0" falsecount="1"/>
        <line num="471" count="0" type="stmt"/>
        <line num="474" count="0" type="stmt"/>
        <line num="475" count="0" type="stmt"/>
        <line num="476" count="0" type="stmt"/>
        <line num="477" count="0" type="stmt"/>
        <line num="480" count="18" type="stmt"/>
        <line num="481" count="0" type="stmt"/>
        <line num="482" count="0" type="stmt"/>
        <line num="483" count="0" type="stmt"/>
        <line num="484" count="0" type="stmt"/>
        <line num="485" count="0" type="stmt"/>
        <line num="488" count="18" type="stmt"/>
        <line num="489" count="0" type="cond" truecount="0" falsecount="3"/>
        <line num="490" count="0" type="stmt"/>
        <line num="493" count="0" type="cond" truecount="0" falsecount="3"/>
        <line num="494" count="0" type="stmt"/>
        <line num="497" count="0" type="cond" truecount="0" falsecount="1"/>
        <line num="498" count="0" type="stmt"/>
        <line num="501" count="0" type="stmt"/>
        <line num="502" count="0" type="stmt"/>
        <line num="503" count="0" type="cond" truecount="0" falsecount="2"/>
        <line num="504" count="0" type="stmt"/>
        <line num="506" count="0" type="cond" truecount="0" falsecount="2"/>
        <line num="507" count="0" type="stmt"/>
        <line num="509" count="0" type="cond" truecount="0" falsecount="2"/>
        <line num="510" count="0" type="stmt"/>
        <line num="512" count="0" type="cond" truecount="0" falsecount="1"/>
        <line num="513" count="0" type="stmt"/>
        <line num="516" count="0" type="stmt"/>
        <line num="517" count="0" type="stmt"/>
        <line num="521" count="18" type="stmt"/>
        <line num="523" count="0" type="cond" truecount="0" falsecount="3"/>
        <line num="524" count="0" type="stmt"/>
        <line num="527" count="0" type="cond" truecount="0" falsecount="2"/>
        <line num="528" count="0" type="stmt"/>
        <line num="536" count="0" type="stmt"/>
        <line num="544" count="0" type="stmt"/>
        <line num="545" count="0" type="stmt"/>
        <line num="549" count="0" type="stmt"/>
        <line num="550" count="0" type="cond" truecount="0" falsecount="3"/>
        <line num="552" count="0" type="stmt"/>
        <line num="602" count="0" type="stmt"/>
        <line num="613" count="0" type="stmt"/>
        <line num="615" count="0" type="cond" truecount="0" falsecount="1"/>
        <line num="616" count="0" type="stmt"/>
        <line num="619" count="0" type="stmt"/>
        <line num="622" count="18" type="stmt"/>
        <line num="623" count="0" type="cond" truecount="0" falsecount="3"/>
        <line num="624" count="0" type="stmt"/>
        <line num="627" count="0" type="stmt"/>
        <line num="631" count="0" type="cond" truecount="0" falsecount="1"/>
        <line num="632" count="0" type="stmt"/>
        <line num="635" count="0" type="stmt"/>
        <line num="639" count="0" type="cond" truecount="0" falsecount="1"/>
        <line num="640" count="0" type="stmt"/>
        <line num="643" count="0" type="stmt"/>
        <line num="644" count="0" type="stmt"/>
        <line num="645" count="0" type="stmt"/>
        <line num="647" count="0" type="stmt"/>
      </file>
    </package>
    <package name="src.validation">
      <metrics statements="27" coveredstatements="26" conditionals="9" coveredconditionals="8" methods="2" coveredmethods="2"/>
      <file name="formValidation.ts" path="/Users/user/Desktop/Seng2021 Backend/src/validation/formValidation.ts">
        <metrics statements="14" coveredstatements="13" conditionals="6" coveredconditionals="5" methods="1" coveredmethods="1"/>
        <line num="1" count="15" type="stmt"/>
        <line num="3" count="15" type="stmt"/>
        <line num="4" count="3" type="cond" truecount="0" falsecount="1"/>
        <line num="5" count="0" type="stmt"/>
        <line num="8" count="3" type="stmt"/>
        <line num="9" count="3" type="stmt"/>
        <line num="10" count="3" type="stmt"/>
        <line num="11" count="30" type="cond" truecount="1" falsecount="0"/>
        <line num="12" count="24" type="stmt"/>
        <line num="14" count="30" type="cond" truecount="1" falsecount="0"/>
        <line num="15" count="6" type="stmt"/>
        <line num="18" count="3" type="cond" truecount="3" falsecount="0"/>
        <line num="19" count="1" type="stmt"/>
        <line num="21" count="2" type="stmt"/>
      </file>
      <file name="orderSchema.ts" path="/Users/user/Desktop/Seng2021 Backend/src/validation/orderSchema.ts">
        <metrics statements="3" coveredstatements="3" conditionals="0" coveredconditionals="0" methods="0" coveredmethods="0"/>
        <line num="1" count="19" type="stmt"/>
        <line num="3" count="19" type="stmt"/>
        <line num="27" count="19" type="stmt"/>
      </file>
      <file name="orderSchemav2.ts" path="/Users/user/Desktop/Seng2021 Backend/src/validation/orderSchemav2.ts">
        <metrics statements="3" coveredstatements="3" conditionals="0" coveredconditionals="0" methods="0" coveredmethods="0"/>
        <line num="1" count="19" type="stmt"/>
        <line num="3" count="19" type="stmt"/>
        <line num="12" count="19" type="stmt"/>
      </file>
      <file name="security.ts" path="/Users/user/Desktop/Seng2021 Backend/src/validation/security.ts">
        <metrics statements="7" coveredstatements="7" conditionals="3" coveredconditionals="3" methods="1" coveredmethods="1"/>
        <line num="1" count="19" type="stmt"/>
        <line num="3" count="19" type="stmt"/>
        <line num="4" count="55" type="cond" truecount="2" falsecount="0"/>
        <line num="5" count="2" type="stmt"/>
        <line num="6" count="53" type="cond" truecount="1" falsecount="0"/>
        <line num="7" count="4" type="stmt"/>
        <line num="9" count="49" type="stmt"/>
      </file>
    </package>
  </project>
</coverage>
