{"/Users/user/Desktop/Seng2021 Backend/src/app.ts": {"path":"/Users/user/Desktop/Seng2021 Backend/src/app.ts","statementMap":{"0":{"start":{"line":1,"column":0},"end":{"line":1,"column":73}},"1":{"start":{"line":2,"column":0},"end":{"line":2,"column":53}},"2":{"start":{"line":3,"column":0},"end":{"line":3,"column":53}},"3":{"start":{"line":4,"column":0},"end":{"line":4,"column":28}},"4":{"start":{"line":5,"column":0},"end":{"line":5,"column":null}},"5":{"start":{"line":19,"column":0},"end":{"line":19,"column":null}},"6":{"start":{"line":28,"column":13},"end":{"line":28,"column":28}},"7":{"start":{"line":29,"column":0},"end":{"line":29,"column":51}},"8":{"start":{"line":30,"column":0},"end":{"line":30,"column":55}},"9":{"start":{"line":31,"column":18},"end":{"line":31,"column":47}},"10":{"start":{"line":32,"column":13},"end":{"line":32,"column":30}},"11":{"start":{"line":33,"column":13},"end":{"line":33,"column":28}},"12":{"start":{"line":34,"column":0},"end":{"line":34,"column":72}},"13":{"start":{"line":35,"column":0},"end":{"line":35,"column":28}},"14":{"start":{"line":36,"column":0},"end":{"line":36,"column":31}},"15":{"start":{"line":37,"column":0},"end":{"line":37,"column":24}},"16":{"start":{"line":38,"column":0},"end":{"line":38,"column":91}},"17":{"start":{"line":39,"column":0},"end":{"line":39,"column":null}},"18":{"start":{"line":44,"column":0},"end":{"line":44,"column":55}},"19":{"start":{"line":46,"column":0},"end":{"line":46,"column":16}},"20":{"start":{"line":48,"column":12},"end":{"line":48,"column":21}},"21":{"start":{"line":49,"column":0},"end":{"line":55,"column":2}},"22":{"start":{"line":56,"column":16},"end":{"line":56,"column":75}},"23":{"start":{"line":57,"column":24},"end":{"line":57,"column":74}},"24":{"start":{"line":60,"column":0},"end":{"line":60,"column":16}},"25":{"start":{"line":61,"column":0},"end":{"line":61,"column":72}},"26":{"start":{"line":63,"column":21},"end":{"line":63,"column":57}},"27":{"start":{"line":64,"column":21},"end":{"line":64,"column":50}},"28":{"start":{"line":65,"column":19},"end":{"line":65,"column":42}},"29":{"start":{"line":73,"column":0},"end":{"line":77,"column":3}},"30":{"start":{"line":74,"column":2},"end":{"line":76,"column":4}},"31":{"start":{"line":80,"column":0},"end":{"line":82,"column":3}},"32":{"start":{"line":81,"column":2},"end":{"line":81,"column":28}},"33":{"start":{"line":85,"column":0},"end":{"line":97,"column":3}},"34":{"start":{"line":86,"column":26},"end":{"line":86,"column":34}},"35":{"start":{"line":87,"column":2},"end":{"line":95,"column":3}},"36":{"start":{"line":88,"column":4},"end":{"line":88,"column":55}},"37":{"start":{"line":89,"column":4},"end":{"line":89,"column":35}},"38":{"start":{"line":91,"column":4},"end":{"line":93,"column":5}},"39":{"start":{"line":92,"column":6},"end":{"line":92,"column":23}},"40":{"start":{"line":94,"column":4},"end":{"line":94,"column":58}},"41":{"start":{"line":96,"column":2},"end":{"line":96,"column":62}},"42":{"start":{"line":100,"column":0},"end":{"line":126,"column":3}},"43":{"start":{"line":100,"column":70},"end":{"line":126,"column":2}},"44":{"start":{"line":101,"column":18},"end":{"line":101,"column":50}},"45":{"start":{"line":103,"column":2},"end":{"line":105,"column":3}},"46":{"start":{"line":104,"column":4},"end":{"line":104,"column":80}},"47":{"start":{"line":107,"column":2},"end":{"line":125,"column":3}},"48":{"start":{"line":108,"column":4},"end":{"line":108,"column":55}},"49":{"start":{"line":110,"column":24},"end":{"line":110,"column":50}},"50":{"start":{"line":112,"column":4},"end":{"line":116,"column":5}},"51":{"start":{"line":113,"column":6},"end":{"line":115,"column":8}},"52":{"start":{"line":118,"column":4},"end":{"line":120,"column":68}},"53":{"start":{"line":122,"column":4},"end":{"line":124,"column":5}},"54":{"start":{"line":123,"column":6},"end":{"line":123,"column":23}},"55":{"start":{"line":128,"column":0},"end":{"line":146,"column":2}},"56":{"start":{"line":130,"column":27},"end":{"line":145,"column":null}},"57":{"start":{"line":131,"column":4},"end":{"line":144,"column":5}},"58":{"start":{"line":132,"column":6},"end":{"line":132,"column":57}},"59":{"start":{"line":133,"column":22},"end":{"line":133,"column":60}},"60":{"start":{"line":134,"column":23},"end":{"line":134,"column":50}},"61":{"start":{"line":135,"column":6},"end":{"line":135,"column":52}},"62":{"start":{"line":136,"column":6},"end":{"line":138,"column":9}},"63":{"start":{"line":140,"column":6},"end":{"line":142,"column":7}},"64":{"start":{"line":141,"column":8},"end":{"line":141,"column":51}},"65":{"start":{"line":143,"column":6},"end":{"line":143,"column":45}},"66":{"start":{"line":148,"column":0},"end":{"line":166,"column":3}},"67":{"start":{"line":148,"column":55},"end":{"line":166,"column":2}},"68":{"start":{"line":149,"column":2},"end":{"line":165,"column":3}},"69":{"start":{"line":150,"column":4},"end":{"line":150,"column":55}},"70":{"start":{"line":151,"column":29},"end":{"line":151,"column":59}},"71":{"start":{"line":152,"column":4},"end":{"line":154,"column":5}},"72":{"start":{"line":153,"column":6},"end":{"line":153,"column":62}},"73":{"start":{"line":155,"column":20},"end":{"line":155,"column":45}},"74":{"start":{"line":156,"column":4},"end":{"line":159,"column":7}},"75":{"start":{"line":161,"column":4},"end":{"line":163,"column":5}},"76":{"start":{"line":162,"column":6},"end":{"line":162,"column":23}},"77":{"start":{"line":164,"column":4},"end":{"line":164,"column":59}},"78":{"start":{"line":168,"column":0},"end":{"line":196,"column":5}},"79":{"start":{"line":168,"column":58},"end":{"line":196,"column":4}},"80":{"start":{"line":169,"column":4},"end":{"line":195,"column":5}},"81":{"start":{"line":170,"column":6},"end":{"line":170,"column":57}},"82":{"start":{"line":172,"column":31},"end":{"line":172,"column":63}},"83":{"start":{"line":173,"column":6},"end":{"line":175,"column":7}},"84":{"start":{"line":174,"column":8},"end":{"line":174,"column":64}},"85":{"start":{"line":177,"column":104},"end":{"line":177,"column":112}},"86":{"start":{"line":180,"column":6},"end":{"line":180,"column":58}},"87":{"start":{"line":182,"column":22},"end":{"line":182,"column":134}},"88":{"start":{"line":184,"column":22},"end":{"line":184,"column":51}},"89":{"start":{"line":186,"column":6},"end":{"line":189,"column":9}},"90":{"start":{"line":191,"column":6},"end":{"line":193,"column":7}},"91":{"start":{"line":192,"column":8},"end":{"line":192,"column":25}},"92":{"start":{"line":194,"column":6},"end":{"line":194,"column":61}},"93":{"start":{"line":198,"column":0},"end":{"line":236,"column":2}},"94":{"start":{"line":200,"column":27},"end":{"line":235,"column":null}},"95":{"start":{"line":201,"column":4},"end":{"line":234,"column":5}},"96":{"start":{"line":202,"column":6},"end":{"line":202,"column":57}},"97":{"start":{"line":203,"column":22},"end":{"line":203,"column":54}},"98":{"start":{"line":205,"column":6},"end":{"line":209,"column":7}},"99":{"start":{"line":206,"column":8},"end":{"line":208,"column":10}},"100":{"start":{"line":211,"column":30},"end":{"line":211,"column":79}},"101":{"start":{"line":212,"column":31},"end":{"line":212,"column":75}},"102":{"start":{"line":214,"column":6},"end":{"line":216,"column":7}},"103":{"start":{"line":215,"column":8},"end":{"line":215,"column":57}},"104":{"start":{"line":218,"column":28},"end":{"line":218,"column":61}},"105":{"start":{"line":219,"column":6},"end":{"line":223,"column":7}},"106":{"start":{"line":220,"column":8},"end":{"line":222,"column":10}},"107":{"start":{"line":225,"column":6},"end":{"line":225,"column":33}},"108":{"start":{"line":226,"column":6},"end":{"line":228,"column":70}},"109":{"start":{"line":230,"column":6},"end":{"line":232,"column":7}},"110":{"start":{"line":231,"column":8},"end":{"line":231,"column":25}},"111":{"start":{"line":233,"column":6},"end":{"line":233,"column":60}},"112":{"start":{"line":238,"column":0},"end":{"line":288,"column":3}},"113":{"start":{"line":238,"column":74},"end":{"line":288,"column":2}},"114":{"start":{"line":239,"column":22},"end":{"line":239,"column":32}},"115":{"start":{"line":241,"column":2},"end":{"line":287,"column":3}},"116":{"start":{"line":242,"column":26},"end":{"line":242,"column":47}},"117":{"start":{"line":243,"column":4},"end":{"line":245,"column":5}},"118":{"start":{"line":244,"column":6},"end":{"line":244,"column":42}},"119":{"start":{"line":248,"column":28},"end":{"line":248,"column":77}},"120":{"start":{"line":249,"column":29},"end":{"line":249,"column":79}},"121":{"start":{"line":251,"column":4},"end":{"line":253,"column":5}},"122":{"start":{"line":252,"column":6},"end":{"line":252,"column":41}},"123":{"start":{"line":255,"column":26},"end":{"line":255,"column":59}},"124":{"start":{"line":256,"column":4},"end":{"line":258,"column":5}},"125":{"start":{"line":257,"column":6},"end":{"line":257,"column":71}},"126":{"start":{"line":261,"column":24},"end":{"line":261,"column":103}},"127":{"start":{"line":262,"column":25},"end":{"line":262,"column":71}},"128":{"start":{"line":264,"column":4},"end":{"line":266,"column":5}},"129":{"start":{"line":265,"column":6},"end":{"line":265,"column":55}},"130":{"start":{"line":269,"column":4},"end":{"line":272,"column":7}},"131":{"start":{"line":274,"column":4},"end":{"line":285,"column":5}},"132":{"start":{"line":275,"column":6},"end":{"line":277,"column":7}},"133":{"start":{"line":276,"column":8},"end":{"line":276,"column":51}},"134":{"start":{"line":278,"column":6},"end":{"line":280,"column":7}},"135":{"start":{"line":279,"column":8},"end":{"line":279,"column":51}},"136":{"start":{"line":281,"column":6},"end":{"line":283,"column":7}},"137":{"start":{"line":282,"column":8},"end":{"line":282,"column":51}},"138":{"start":{"line":284,"column":6},"end":{"line":284,"column":61}},"139":{"start":{"line":286,"column":4},"end":{"line":286,"column":59}},"140":{"start":{"line":290,"column":0},"end":{"line":310,"column":3}},"141":{"start":{"line":290,"column":70},"end":{"line":310,"column":2}},"142":{"start":{"line":291,"column":22},"end":{"line":291,"column":32}},"143":{"start":{"line":292,"column":2},"end":{"line":309,"column":3}},"144":{"start":{"line":293,"column":4},"end":{"line":293,"column":55}},"145":{"start":{"line":294,"column":26},"end":{"line":294,"column":47}},"146":{"start":{"line":295,"column":4},"end":{"line":297,"column":5}},"147":{"start":{"line":296,"column":6},"end":{"line":296,"column":56}},"148":{"start":{"line":298,"column":4},"end":{"line":298,"column":37}},"149":{"start":{"line":300,"column":4},"end":{"line":303,"column":7}},"150":{"start":{"line":305,"column":4},"end":{"line":307,"column":5}},"151":{"start":{"line":306,"column":6},"end":{"line":306,"column":23}},"152":{"start":{"line":308,"column":4},"end":{"line":308,"column":61}},"153":{"start":{"line":313,"column":0},"end":{"line":363,"column":3}},"154":{"start":{"line":313,"column":71},"end":{"line":363,"column":2}},"155":{"start":{"line":314,"column":22},"end":{"line":314,"column":32}},"156":{"start":{"line":316,"column":2},"end":{"line":362,"column":3}},"157":{"start":{"line":317,"column":26},"end":{"line":317,"column":47}},"158":{"start":{"line":318,"column":4},"end":{"line":320,"column":5}},"159":{"start":{"line":319,"column":6},"end":{"line":319,"column":42}},"160":{"start":{"line":323,"column":28},"end":{"line":323,"column":77}},"161":{"start":{"line":324,"column":29},"end":{"line":324,"column":79}},"162":{"start":{"line":326,"column":4},"end":{"line":328,"column":5}},"163":{"start":{"line":327,"column":6},"end":{"line":327,"column":41}},"164":{"start":{"line":330,"column":26},"end":{"line":330,"column":59}},"165":{"start":{"line":331,"column":4},"end":{"line":333,"column":5}},"166":{"start":{"line":332,"column":6},"end":{"line":332,"column":71}},"167":{"start":{"line":336,"column":24},"end":{"line":336,"column":110}},"168":{"start":{"line":337,"column":25},"end":{"line":337,"column":71}},"169":{"start":{"line":339,"column":4},"end":{"line":341,"column":5}},"170":{"start":{"line":340,"column":6},"end":{"line":340,"column":55}},"171":{"start":{"line":344,"column":4},"end":{"line":347,"column":7}},"172":{"start":{"line":349,"column":4},"end":{"line":360,"column":5}},"173":{"start":{"line":350,"column":6},"end":{"line":352,"column":7}},"174":{"start":{"line":351,"column":8},"end":{"line":351,"column":51}},"175":{"start":{"line":353,"column":6},"end":{"line":355,"column":7}},"176":{"start":{"line":354,"column":8},"end":{"line":354,"column":51}},"177":{"start":{"line":356,"column":6},"end":{"line":358,"column":7}},"178":{"start":{"line":357,"column":8},"end":{"line":357,"column":51}},"179":{"start":{"line":359,"column":6},"end":{"line":359,"column":61}},"180":{"start":{"line":361,"column":4},"end":{"line":361,"column":59}},"181":{"start":{"line":366,"column":0},"end":{"line":464,"column":3}},"182":{"start":{"line":366,"column":70},"end":{"line":464,"column":2}},"183":{"start":{"line":367,"column":22},"end":{"line":367,"column":32}},"184":{"start":{"line":377,"column":6},"end":{"line":377,"column":14}},"185":{"start":{"line":379,"column":2},"end":{"line":463,"column":3}},"186":{"start":{"line":380,"column":4},"end":{"line":380,"column":55}},"187":{"start":{"line":382,"column":26},"end":{"line":382,"column":47}},"188":{"start":{"line":383,"column":4},"end":{"line":385,"column":5}},"189":{"start":{"line":384,"column":6},"end":{"line":384,"column":42}},"190":{"start":{"line":388,"column":28},"end":{"line":388,"column":70}},"191":{"start":{"line":389,"column":29},"end":{"line":389,"column":79}},"192":{"start":{"line":391,"column":4},"end":{"line":393,"column":5}},"193":{"start":{"line":392,"column":6},"end":{"line":392,"column":41}},"194":{"start":{"line":396,"column":4},"end":{"line":407,"column":5}},"195":{"start":{"line":406,"column":6},"end":{"line":406,"column":49}},"196":{"start":{"line":410,"column":24},"end":{"line":424,"column":10}},"197":{"start":{"line":426,"column":19},"end":{"line":436,"column":6}},"198":{"start":{"line":438,"column":25},"end":{"line":438,"column":62}},"199":{"start":{"line":440,"column":4},"end":{"line":442,"column":5}},"200":{"start":{"line":441,"column":6},"end":{"line":441,"column":48}},"201":{"start":{"line":445,"column":4},"end":{"line":448,"column":7}},"202":{"start":{"line":450,"column":4},"end":{"line":460,"column":5}},"203":{"start":{"line":451,"column":6},"end":{"line":453,"column":7}},"204":{"start":{"line":452,"column":8},"end":{"line":452,"column":51}},"205":{"start":{"line":454,"column":6},"end":{"line":456,"column":7}},"206":{"start":{"line":455,"column":8},"end":{"line":455,"column":51}},"207":{"start":{"line":457,"column":6},"end":{"line":459,"column":7}},"208":{"start":{"line":458,"column":8},"end":{"line":458,"column":51}},"209":{"start":{"line":462,"column":4},"end":{"line":462,"column":14}},"210":{"start":{"line":466,"column":0},"end":{"line":517,"column":3}},"211":{"start":{"line":466,"column":73},"end":{"line":517,"column":2}},"212":{"start":{"line":467,"column":2},"end":{"line":516,"column":3}},"213":{"start":{"line":468,"column":4},"end":{"line":468,"column":55}},"214":{"start":{"line":470,"column":20},"end":{"line":470,"column":58}},"215":{"start":{"line":473,"column":4},"end":{"line":475,"column":5}},"216":{"start":{"line":474,"column":6},"end":{"line":474,"column":55}},"217":{"start":{"line":479,"column":19},"end":{"line":479,"column":48}},"218":{"start":{"line":480,"column":4},"end":{"line":482,"column":5}},"219":{"start":{"line":481,"column":6},"end":{"line":481,"column":55}},"220":{"start":{"line":485,"column":23},"end":{"line":485,"column":77}},"221":{"start":{"line":486,"column":4},"end":{"line":490,"column":5}},"222":{"start":{"line":487,"column":6},"end":{"line":489,"column":8}},"223":{"start":{"line":493,"column":25},"end":{"line":493,"column":55}},"224":{"start":{"line":496,"column":4},"end":{"line":498,"column":5}},"225":{"start":{"line":497,"column":6},"end":{"line":497,"column":55}},"226":{"start":{"line":501,"column":24},"end":{"line":501,"column":55}},"227":{"start":{"line":504,"column":24},"end":{"line":508,"column":10}},"228":{"start":{"line":509,"column":4},"end":{"line":509,"column":45}},"229":{"start":{"line":512,"column":4},"end":{"line":512,"column":53}},"230":{"start":{"line":513,"column":4},"end":{"line":513,"column":38}},"231":{"start":{"line":515,"column":4},"end":{"line":515,"column":62}},"232":{"start":{"line":519,"column":0},"end":{"line":578,"column":3}},"233":{"start":{"line":519,"column":75},"end":{"line":578,"column":2}},"234":{"start":{"line":520,"column":2},"end":{"line":577,"column":3}},"235":{"start":{"line":521,"column":4},"end":{"line":521,"column":55}},"236":{"start":{"line":523,"column":20},"end":{"line":523,"column":58}},"237":{"start":{"line":526,"column":4},"end":{"line":528,"column":5}},"238":{"start":{"line":527,"column":6},"end":{"line":527,"column":55}},"239":{"start":{"line":530,"column":29},"end":{"line":530,"column":37}},"240":{"start":{"line":531,"column":4},"end":{"line":533,"column":5}},"241":{"start":{"line":532,"column":6},"end":{"line":532,"column":65}},"242":{"start":{"line":537,"column":19},"end":{"line":537,"column":48}},"243":{"start":{"line":538,"column":4},"end":{"line":540,"column":5}},"244":{"start":{"line":539,"column":6},"end":{"line":539,"column":55}},"245":{"start":{"line":543,"column":23},"end":{"line":543,"column":77}},"246":{"start":{"line":544,"column":4},"end":{"line":548,"column":5}},"247":{"start":{"line":545,"column":6},"end":{"line":547,"column":8}},"248":{"start":{"line":552,"column":24},"end":{"line":558,"column":10}},"249":{"start":{"line":560,"column":19},"end":{"line":560,"column":73}},"250":{"start":{"line":562,"column":4},"end":{"line":564,"column":5}},"251":{"start":{"line":563,"column":6},"end":{"line":563,"column":71}},"252":{"start":{"line":567,"column":4},"end":{"line":567,"column":50}},"253":{"start":{"line":569,"column":4},"end":{"line":574,"column":7}},"254":{"start":{"line":576,"column":4},"end":{"line":576,"column":67}},"255":{"start":{"line":581,"column":0},"end":{"line":606,"column":3}},"256":{"start":{"line":581,"column":73},"end":{"line":606,"column":2}},"257":{"start":{"line":583,"column":2},"end":{"line":605,"column":3}},"258":{"start":{"line":584,"column":19},"end":{"line":584,"column":44}},"259":{"start":{"line":586,"column":18},"end":{"line":586,"column":43}},"260":{"start":{"line":588,"column":4},"end":{"line":590,"column":5}},"261":{"start":{"line":589,"column":6},"end":{"line":589,"column":64}},"262":{"start":{"line":593,"column":17},"end":{"line":593,"column":45}},"263":{"start":{"line":594,"column":4},"end":{"line":596,"column":5}},"264":{"start":{"line":595,"column":6},"end":{"line":595,"column":62}},"265":{"start":{"line":598,"column":19},"end":{"line":598,"column":54}},"266":{"start":{"line":599,"column":4},"end":{"line":599,"column":37}},"267":{"start":{"line":601,"column":4},"end":{"line":603,"column":5}},"268":{"start":{"line":602,"column":6},"end":{"line":602,"column":23}},"269":{"start":{"line":604,"column":4},"end":{"line":604,"column":70}},"270":{"start":{"line":609,"column":0},"end":{"line":640,"column":2}},"271":{"start":{"line":611,"column":27},"end":{"line":639,"column":null}},"272":{"start":{"line":613,"column":4},"end":{"line":638,"column":5}},"273":{"start":{"line":614,"column":20},"end":{"line":614,"column":45}},"274":{"start":{"line":616,"column":6},"end":{"line":618,"column":7}},"275":{"start":{"line":617,"column":8},"end":{"line":617,"column":66}},"276":{"start":{"line":620,"column":21},"end":{"line":620,"column":49}},"277":{"start":{"line":621,"column":6},"end":{"line":623,"column":7}},"278":{"start":{"line":622,"column":8},"end":{"line":622,"column":64}},"279":{"start":{"line":625,"column":21},"end":{"line":625,"column":56}},"280":{"start":{"line":626,"column":28},"end":{"line":627,"column":null}},"281":{"start":{"line":627,"column":24},"end":{"line":627,"column":64}},"282":{"start":{"line":630,"column":6},"end":{"line":630,"column":54}},"283":{"start":{"line":632,"column":6},"end":{"line":634,"column":7}},"284":{"start":{"line":633,"column":8},"end":{"line":633,"column":25}},"285":{"start":{"line":635,"column":6},"end":{"line":637,"column":8}},"286":{"start":{"line":643,"column":0},"end":{"line":665,"column":3}},"287":{"start":{"line":643,"column":71},"end":{"line":665,"column":2}},"288":{"start":{"line":645,"column":2},"end":{"line":664,"column":3}},"289":{"start":{"line":646,"column":18},"end":{"line":646,"column":43}},"290":{"start":{"line":648,"column":4},"end":{"line":650,"column":5}},"291":{"start":{"line":649,"column":6},"end":{"line":649,"column":63}},"292":{"start":{"line":652,"column":18},"end":{"line":652,"column":46}},"293":{"start":{"line":653,"column":4},"end":{"line":655,"column":5}},"294":{"start":{"line":654,"column":6},"end":{"line":654,"column":61}},"295":{"start":{"line":657,"column":19},"end":{"line":657,"column":53}},"296":{"start":{"line":658,"column":4},"end":{"line":658,"column":37}},"297":{"start":{"line":660,"column":4},"end":{"line":662,"column":5}},"298":{"start":{"line":661,"column":6},"end":{"line":661,"column":23}},"299":{"start":{"line":663,"column":4},"end":{"line":663,"column":69}},"300":{"start":{"line":668,"column":0},"end":{"line":694,"column":3}},"301":{"start":{"line":668,"column":78},"end":{"line":694,"column":2}},"302":{"start":{"line":670,"column":2},"end":{"line":693,"column":3}},"303":{"start":{"line":671,"column":18},"end":{"line":671,"column":43}},"304":{"start":{"line":673,"column":4},"end":{"line":675,"column":5}},"305":{"start":{"line":674,"column":6},"end":{"line":674,"column":63}},"306":{"start":{"line":677,"column":17},"end":{"line":677,"column":45}},"307":{"start":{"line":678,"column":4},"end":{"line":680,"column":5}},"308":{"start":{"line":679,"column":6},"end":{"line":679,"column":61}},"309":{"start":{"line":682,"column":22},"end":{"line":682,"column":56}},"310":{"start":{"line":683,"column":26},"end":{"line":684,"column":null}},"311":{"start":{"line":684,"column":22},"end":{"line":684,"column":61}},"312":{"start":{"line":687,"column":4},"end":{"line":687,"column":52}},"313":{"start":{"line":689,"column":4},"end":{"line":691,"column":5}},"314":{"start":{"line":690,"column":6},"end":{"line":690,"column":23}},"315":{"start":{"line":692,"column":4},"end":{"line":692,"column":69}},"316":{"start":{"line":697,"column":0},"end":{"line":747,"column":3}},"317":{"start":{"line":697,"column":51},"end":{"line":747,"column":2}},"318":{"start":{"line":699,"column":2},"end":{"line":746,"column":3}},"319":{"start":{"line":701,"column":4},"end":{"line":701,"column":55}},"320":{"start":{"line":704,"column":20},"end":{"line":704,"column":58}},"321":{"start":{"line":707,"column":4},"end":{"line":709,"column":5}},"322":{"start":{"line":708,"column":6},"end":{"line":708,"column":55}},"323":{"start":{"line":713,"column":19},"end":{"line":713,"column":48}},"324":{"start":{"line":714,"column":4},"end":{"line":716,"column":5}},"325":{"start":{"line":715,"column":6},"end":{"line":715,"column":55}},"326":{"start":{"line":719,"column":23},"end":{"line":719,"column":72}},"327":{"start":{"line":720,"column":4},"end":{"line":722,"column":5}},"328":{"start":{"line":721,"column":6},"end":{"line":721,"column":76}},"329":{"start":{"line":724,"column":25},"end":{"line":724,"column":55}},"330":{"start":{"line":725,"column":4},"end":{"line":727,"column":5}},"331":{"start":{"line":726,"column":6},"end":{"line":726,"column":55}},"332":{"start":{"line":729,"column":4},"end":{"line":743,"column":7}},"333":{"start":{"line":745,"column":4},"end":{"line":745,"column":62}},"334":{"start":{"line":749,"column":0},"end":{"line":766,"column":3}},"335":{"start":{"line":749,"column":57},"end":{"line":766,"column":2}},"336":{"start":{"line":750,"column":51},"end":{"line":750,"column":59}},"337":{"start":{"line":752,"column":23},"end":{"line":752,"column":51}},"338":{"start":{"line":753,"column":2},"end":{"line":755,"column":3}},"339":{"start":{"line":754,"column":4},"end":{"line":754,"column":62}},"340":{"start":{"line":757,"column":2},"end":{"line":765,"column":3}},"341":{"start":{"line":758,"column":4},"end":{"line":758,"column":61}},"342":{"start":{"line":759,"column":4},"end":{"line":759,"column":70}},"343":{"start":{"line":761,"column":4},"end":{"line":763,"column":5}},"344":{"start":{"line":762,"column":6},"end":{"line":762,"column":23}},"345":{"start":{"line":764,"column":4},"end":{"line":764,"column":58}},"346":{"start":{"line":768,"column":0},"end":{"line":802,"column":3}},"347":{"start":{"line":768,"column":54},"end":{"line":802,"column":2}},"348":{"start":{"line":769,"column":30},"end":{"line":769,"column":38}},"349":{"start":{"line":771,"column":2},"end":{"line":801,"column":3}},"350":{"start":{"line":772,"column":17},"end":{"line":772,"column":45}},"351":{"start":{"line":773,"column":4},"end":{"line":775,"column":5}},"352":{"start":{"line":774,"column":6},"end":{"line":774,"column":69}},"353":{"start":{"line":777,"column":52},"end":{"line":777,"column":56}},"354":{"start":{"line":779,"column":28},"end":{"line":779,"column":73}},"355":{"start":{"line":780,"column":4},"end":{"line":782,"column":5}},"356":{"start":{"line":781,"column":6},"end":{"line":781,"column":69}},"357":{"start":{"line":784,"column":18},"end":{"line":786,"column":6}},"358":{"start":{"line":787,"column":27},"end":{"line":794,"column":6}},"359":{"start":{"line":795,"column":4},"end":{"line":795,"column":45}},"360":{"start":{"line":797,"column":4},"end":{"line":799,"column":5}},"361":{"start":{"line":798,"column":6},"end":{"line":798,"column":23}},"362":{"start":{"line":800,"column":4},"end":{"line":800,"column":58}},"363":{"start":{"line":804,"column":0},"end":{"line":826,"column":3}},"364":{"start":{"line":804,"column":61},"end":{"line":826,"column":2}},"365":{"start":{"line":805,"column":2},"end":{"line":825,"column":3}},"366":{"start":{"line":806,"column":23},"end":{"line":806,"column":32}},"367":{"start":{"line":808,"column":4},"end":{"line":808,"column":36}},"368":{"start":{"line":809,"column":4},"end":{"line":811,"column":5}},"369":{"start":{"line":810,"column":6},"end":{"line":810,"column":48}},"370":{"start":{"line":813,"column":22},"end":{"line":813,"column":62}},"371":{"start":{"line":814,"column":4},"end":{"line":814,"column":42}},"372":{"start":{"line":815,"column":4},"end":{"line":817,"column":5}},"373":{"start":{"line":816,"column":6},"end":{"line":816,"column":60}},"374":{"start":{"line":819,"column":4},"end":{"line":819,"column":56}},"375":{"start":{"line":821,"column":4},"end":{"line":823,"column":5}},"376":{"start":{"line":822,"column":6},"end":{"line":822,"column":23}},"377":{"start":{"line":824,"column":4},"end":{"line":824,"column":58}},"378":{"start":{"line":828,"column":0},"end":{"line":849,"column":3}},"379":{"start":{"line":828,"column":62},"end":{"line":849,"column":2}},"380":{"start":{"line":829,"column":2},"end":{"line":848,"column":3}},"381":{"start":{"line":830,"column":23},"end":{"line":830,"column":32}},"382":{"start":{"line":832,"column":4},"end":{"line":834,"column":5}},"383":{"start":{"line":833,"column":6},"end":{"line":833,"column":48}},"384":{"start":{"line":836,"column":22},"end":{"line":836,"column":63}},"385":{"start":{"line":838,"column":4},"end":{"line":840,"column":5}},"386":{"start":{"line":839,"column":6},"end":{"line":839,"column":60}},"387":{"start":{"line":842,"column":4},"end":{"line":842,"column":57}},"388":{"start":{"line":844,"column":4},"end":{"line":846,"column":5}},"389":{"start":{"line":845,"column":6},"end":{"line":845,"column":23}},"390":{"start":{"line":847,"column":4},"end":{"line":847,"column":58}},"391":{"start":{"line":851,"column":0},"end":{"line":880,"column":5}},"392":{"start":{"line":851,"column":61},"end":{"line":880,"column":4}},"393":{"start":{"line":852,"column":4},"end":{"line":879,"column":5}},"394":{"start":{"line":860,"column":10},"end":{"line":860,"column":18}},"395":{"start":{"line":862,"column":22},"end":{"line":870,"column":null}},"396":{"start":{"line":872,"column":6},"end":{"line":872,"column":40}},"397":{"start":{"line":874,"column":6},"end":{"line":878,"column":7}},"398":{"start":{"line":875,"column":8},"end":{"line":875,"column":25}},"399":{"start":{"line":877,"column":8},"end":{"line":877,"column":57}},"400":{"start":{"line":882,"column":2},"end":{"line":911,"column":5}},"401":{"start":{"line":882,"column":64},"end":{"line":911,"column":4}},"402":{"start":{"line":883,"column":4},"end":{"line":910,"column":5}},"403":{"start":{"line":891,"column":10},"end":{"line":891,"column":18}},"404":{"start":{"line":893,"column":23},"end":{"line":901,"column":null}},"405":{"start":{"line":903,"column":6},"end":{"line":903,"column":41}},"406":{"start":{"line":905,"column":6},"end":{"line":909,"column":7}},"407":{"start":{"line":906,"column":8},"end":{"line":906,"column":25}},"408":{"start":{"line":908,"column":8},"end":{"line":908,"column":57}},"409":{"start":{"line":914,"column":0},"end":{"line":930,"column":3}},"410":{"start":{"line":914,"column":65},"end":{"line":930,"column":2}},"411":{"start":{"line":915,"column":2},"end":{"line":929,"column":3}},"412":{"start":{"line":916,"column":24},"end":{"line":916,"column":33}},"413":{"start":{"line":918,"column":4},"end":{"line":920,"column":5}},"414":{"start":{"line":919,"column":6},"end":{"line":919,"column":49}},"415":{"start":{"line":922,"column":25},"end":{"line":922,"column":68}},"416":{"start":{"line":923,"column":4},"end":{"line":923,"column":39}},"417":{"start":{"line":925,"column":4},"end":{"line":927,"column":5}},"418":{"start":{"line":926,"column":6},"end":{"line":926,"column":23}},"419":{"start":{"line":928,"column":4},"end":{"line":928,"column":53}},"420":{"start":{"line":932,"column":0},"end":{"line":948,"column":3}},"421":{"start":{"line":932,"column":66},"end":{"line":948,"column":2}},"422":{"start":{"line":933,"column":2},"end":{"line":947,"column":3}},"423":{"start":{"line":934,"column":25},"end":{"line":934,"column":34}},"424":{"start":{"line":936,"column":4},"end":{"line":938,"column":5}},"425":{"start":{"line":937,"column":6},"end":{"line":937,"column":50}},"426":{"start":{"line":940,"column":26},"end":{"line":940,"column":71}},"427":{"start":{"line":941,"column":4},"end":{"line":941,"column":40}},"428":{"start":{"line":943,"column":4},"end":{"line":945,"column":5}},"429":{"start":{"line":944,"column":6},"end":{"line":944,"column":23}},"430":{"start":{"line":946,"column":4},"end":{"line":946,"column":53}},"431":{"start":{"line":950,"column":0},"end":{"line":980,"column":5}},"432":{"start":{"line":950,"column":62},"end":{"line":980,"column":4}},"433":{"start":{"line":951,"column":4},"end":{"line":979,"column":5}},"434":{"start":{"line":952,"column":48},"end":{"line":952,"column":56}},"435":{"start":{"line":954,"column":6},"end":{"line":956,"column":7}},"436":{"start":{"line":955,"column":8},"end":{"line":955,"column":81}},"437":{"start":{"line":958,"column":6},"end":{"line":960,"column":7}},"438":{"start":{"line":959,"column":8},"end":{"line":959,"column":81}},"439":{"start":{"line":962,"column":21},"end":{"line":966,"column":null}},"440":{"start":{"line":969,"column":6},"end":{"line":972,"column":9}},"441":{"start":{"line":975,"column":6},"end":{"line":977,"column":7}},"442":{"start":{"line":976,"column":8},"end":{"line":976,"column":25}},"443":{"start":{"line":978,"column":6},"end":{"line":978,"column":60}},"444":{"start":{"line":982,"column":2},"end":{"line":1009,"column":5}},"445":{"start":{"line":982,"column":65},"end":{"line":1009,"column":4}},"446":{"start":{"line":983,"column":4},"end":{"line":1008,"column":5}},"447":{"start":{"line":984,"column":21},"end":{"line":984,"column":29}},"448":{"start":{"line":986,"column":6},"end":{"line":988,"column":7}},"449":{"start":{"line":987,"column":8},"end":{"line":987,"column":68}},"450":{"start":{"line":990,"column":21},"end":{"line":992,"column":null}},"451":{"start":{"line":995,"column":6},"end":{"line":997,"column":7}},"452":{"start":{"line":996,"column":8},"end":{"line":996,"column":59}},"453":{"start":{"line":999,"column":6},"end":{"line":1002,"column":9}},"454":{"start":{"line":1004,"column":6},"end":{"line":1006,"column":7}},"455":{"start":{"line":1005,"column":8},"end":{"line":1005,"column":25}},"456":{"start":{"line":1007,"column":6},"end":{"line":1007,"column":60}},"457":{"start":{"line":1011,"column":2},"end":{"line":1032,"column":5}},"458":{"start":{"line":1011,"column":59},"end":{"line":1032,"column":4}},"459":{"start":{"line":1012,"column":4},"end":{"line":1031,"column":5}},"460":{"start":{"line":1013,"column":24},"end":{"line":1013,"column":51}},"461":{"start":{"line":1015,"column":6},"end":{"line":1017,"column":7}},"462":{"start":{"line":1016,"column":8},"end":{"line":1016,"column":60}},"463":{"start":{"line":1019,"column":21},"end":{"line":1021,"column":null}},"464":{"start":{"line":1024,"column":6},"end":{"line":1026,"column":7}},"465":{"start":{"line":1025,"column":8},"end":{"line":1025,"column":59}},"466":{"start":{"line":1028,"column":6},"end":{"line":1028,"column":56}},"467":{"start":{"line":1030,"column":6},"end":{"line":1030,"column":66}},"468":{"start":{"line":1035,"column":2},"end":{"line":1076,"column":5}},"469":{"start":{"line":1035,"column":74},"end":{"line":1076,"column":4}},"470":{"start":{"line":1036,"column":4},"end":{"line":1075,"column":5}},"471":{"start":{"line":1037,"column":23},"end":{"line":1037,"column":62}},"472":{"start":{"line":1038,"column":48},"end":{"line":1038,"column":56}},"473":{"start":{"line":1041,"column":26},"end":{"line":1043,"column":null}},"474":{"start":{"line":1046,"column":6},"end":{"line":1048,"column":7}},"475":{"start":{"line":1047,"column":8},"end":{"line":1047,"column":66}},"476":{"start":{"line":1050,"column":6},"end":{"line":1052,"column":7}},"477":{"start":{"line":1051,"column":8},"end":{"line":1051,"column":67}},"478":{"start":{"line":1054,"column":6},"end":{"line":1056,"column":7}},"479":{"start":{"line":1055,"column":8},"end":{"line":1055,"column":81}},"480":{"start":{"line":1058,"column":21},"end":{"line":1062,"column":null}},"481":{"start":{"line":1065,"column":6},"end":{"line":1068,"column":9}},"482":{"start":{"line":1071,"column":6},"end":{"line":1073,"column":7}},"483":{"start":{"line":1072,"column":8},"end":{"line":1072,"column":25}},"484":{"start":{"line":1074,"column":6},"end":{"line":1074,"column":60}},"485":{"start":{"line":1078,"column":2},"end":{"line":1110,"column":5}},"486":{"start":{"line":1078,"column":75},"end":{"line":1110,"column":4}},"487":{"start":{"line":1079,"column":4},"end":{"line":1109,"column":5}},"488":{"start":{"line":1080,"column":23},"end":{"line":1080,"column":62}},"489":{"start":{"line":1081,"column":28},"end":{"line":1081,"column":36}},"490":{"start":{"line":1083,"column":6},"end":{"line":1085,"column":7}},"491":{"start":{"line":1084,"column":8},"end":{"line":1084,"column":67}},"492":{"start":{"line":1087,"column":6},"end":{"line":1089,"column":7}},"493":{"start":{"line":1088,"column":8},"end":{"line":1088,"column":68}},"494":{"start":{"line":1091,"column":21},"end":{"line":1093,"column":null}},"495":{"start":{"line":1096,"column":6},"end":{"line":1098,"column":7}},"496":{"start":{"line":1097,"column":8},"end":{"line":1097,"column":59}},"497":{"start":{"line":1100,"column":6},"end":{"line":1103,"column":9}},"498":{"start":{"line":1105,"column":6},"end":{"line":1107,"column":7}},"499":{"start":{"line":1106,"column":8},"end":{"line":1106,"column":25}},"500":{"start":{"line":1108,"column":6},"end":{"line":1108,"column":60}},"501":{"start":{"line":1112,"column":2},"end":{"line":1149,"column":5}},"502":{"start":{"line":1112,"column":78},"end":{"line":1149,"column":4}},"503":{"start":{"line":1113,"column":4},"end":{"line":1148,"column":5}},"504":{"start":{"line":1114,"column":23},"end":{"line":1114,"column":62}},"505":{"start":{"line":1115,"column":24},"end":{"line":1115,"column":63}},"506":{"start":{"line":1117,"column":6},"end":{"line":1119,"column":7}},"507":{"start":{"line":1118,"column":8},"end":{"line":1118,"column":67}},"508":{"start":{"line":1121,"column":6},"end":{"line":1123,"column":7}},"509":{"start":{"line":1122,"column":8},"end":{"line":1122,"column":68}},"510":{"start":{"line":1126,"column":27},"end":{"line":1128,"column":null}},"511":{"start":{"line":1131,"column":6},"end":{"line":1133,"column":7}},"512":{"start":{"line":1132,"column":8},"end":{"line":1132,"column":61}},"513":{"start":{"line":1136,"column":28},"end":{"line":1138,"column":null}},"514":{"start":{"line":1141,"column":6},"end":{"line":1143,"column":7}},"515":{"start":{"line":1142,"column":8},"end":{"line":1142,"column":75}},"516":{"start":{"line":1145,"column":6},"end":{"line":1145,"column":63}},"517":{"start":{"line":1147,"column":6},"end":{"line":1147,"column":66}},"518":{"start":{"line":1151,"column":2},"end":{"line":1179,"column":5}},"519":{"start":{"line":1151,"column":83},"end":{"line":1179,"column":4}},"520":{"start":{"line":1152,"column":4},"end":{"line":1178,"column":5}},"521":{"start":{"line":1153,"column":23},"end":{"line":1153,"column":62}},"522":{"start":{"line":1155,"column":6},"end":{"line":1157,"column":7}},"523":{"start":{"line":1156,"column":8},"end":{"line":1156,"column":67}},"524":{"start":{"line":1160,"column":27},"end":{"line":1162,"column":null}},"525":{"start":{"line":1165,"column":6},"end":{"line":1167,"column":7}},"526":{"start":{"line":1166,"column":8},"end":{"line":1166,"column":61}},"527":{"start":{"line":1170,"column":28},"end":{"line":1172,"column":null}},"528":{"start":{"line":1175,"column":6},"end":{"line":1175,"column":61}},"529":{"start":{"line":1177,"column":6},"end":{"line":1177,"column":67}},"530":{"start":{"line":1182,"column":0},"end":{"line":1195,"column":3}},"531":{"start":{"line":1182,"column":77},"end":{"line":1195,"column":2}},"532":{"start":{"line":1183,"column":2},"end":{"line":1194,"column":3}},"533":{"start":{"line":1184,"column":4},"end":{"line":1184,"column":55}},"534":{"start":{"line":1185,"column":20},"end":{"line":1185,"column":58}},"535":{"start":{"line":1186,"column":27},"end":{"line":1186,"column":64}},"536":{"start":{"line":1188,"column":4},"end":{"line":1188,"column":62}},"537":{"start":{"line":1189,"column":4},"end":{"line":1191,"column":7}},"538":{"start":{"line":1193,"column":4},"end":{"line":1193,"column":47}},"539":{"start":{"line":1197,"column":0},"end":{"line":1210,"column":3}},"540":{"start":{"line":1197,"column":77},"end":{"line":1210,"column":2}},"541":{"start":{"line":1198,"column":2},"end":{"line":1209,"column":3}},"542":{"start":{"line":1199,"column":4},"end":{"line":1199,"column":55}},"543":{"start":{"line":1200,"column":20},"end":{"line":1200,"column":58}},"544":{"start":{"line":1201,"column":29},"end":{"line":1201,"column":66}},"545":{"start":{"line":1203,"column":4},"end":{"line":1206,"column":7}},"546":{"start":{"line":1208,"column":4},"end":{"line":1208,"column":47}},"547":{"start":{"line":1212,"column":0},"end":{"line":1222,"column":3}},"548":{"start":{"line":1212,"column":66},"end":{"line":1222,"column":2}},"549":{"start":{"line":1213,"column":2},"end":{"line":1221,"column":3}},"550":{"start":{"line":1214,"column":4},"end":{"line":1214,"column":55}},"551":{"start":{"line":1215,"column":21},"end":{"line":1215,"column":60}},"552":{"start":{"line":1216,"column":19},"end":{"line":1216,"column":60}},"553":{"start":{"line":1218,"column":4},"end":{"line":1218,"column":35}},"554":{"start":{"line":1220,"column":4},"end":{"line":1220,"column":47}},"555":{"start":{"line":1224,"column":0},"end":{"line":1238,"column":3}},"556":{"start":{"line":1224,"column":71},"end":{"line":1238,"column":2}},"557":{"start":{"line":1225,"column":2},"end":{"line":1237,"column":3}},"558":{"start":{"line":1226,"column":4},"end":{"line":1226,"column":55}},"559":{"start":{"line":1227,"column":20},"end":{"line":1227,"column":58}},"560":{"start":{"line":1228,"column":21},"end":{"line":1228,"column":59}},"561":{"start":{"line":1229,"column":22},"end":{"line":1229,"column":51}},"562":{"start":{"line":1230,"column":4},"end":{"line":1230,"column":52}},"563":{"start":{"line":1231,"column":4},"end":{"line":1234,"column":7}},"564":{"start":{"line":1236,"column":4},"end":{"line":1236,"column":47}},"565":{"start":{"line":1240,"column":0},"end":{"line":1249,"column":null}},"566":{"start":{"line":1240,"column":73},"end":{"line":1249,"column":2}},"567":{"start":{"line":1241,"column":2},"end":{"line":1248,"column":3}},"568":{"start":{"line":1242,"column":4},"end":{"line":1242,"column":55}},"569":{"start":{"line":1243,"column":21},"end":{"line":1243,"column":60}},"570":{"start":{"line":1244,"column":21},"end":{"line":1244,"column":59}},"571":{"start":{"line":1245,"column":4},"end":{"line":1245,"column":37}},"572":{"start":{"line":1247,"column":4},"end":{"line":1247,"column":47}},"573":{"start":{"line":1251,"column":0},"end":{"line":1260,"column":null}},"574":{"start":{"line":1251,"column":71},"end":{"line":1260,"column":2}},"575":{"start":{"line":1252,"column":2},"end":{"line":1259,"column":3}},"576":{"start":{"line":1253,"column":4},"end":{"line":1253,"column":55}},"577":{"start":{"line":1254,"column":20},"end":{"line":1254,"column":58}},"578":{"start":{"line":1255,"column":21},"end":{"line":1255,"column":57}},"579":{"start":{"line":1256,"column":4},"end":{"line":1256,"column":37}},"580":{"start":{"line":1258,"column":4},"end":{"line":1258,"column":47}},"581":{"start":{"line":1263,"column":0},"end":{"line":1266,"column":null}},"582":{"start":{"line":1263,"column":70},"end":{"line":1266,"column":2}},"583":{"start":{"line":1264,"column":2},"end":{"line":1264,"column":29}},"584":{"start":{"line":1268,"column":0},"end":{"line":1271,"column":null}},"585":{"start":{"line":1268,"column":71},"end":{"line":1271,"column":2}},"586":{"start":{"line":1269,"column":2},"end":{"line":1269,"column":29}},"587":{"start":{"line":1273,"column":0},"end":{"line":1276,"column":null}},"588":{"start":{"line":1273,"column":77},"end":{"line":1276,"column":2}},"589":{"start":{"line":1274,"column":2},"end":{"line":1274,"column":29}},"590":{"start":{"line":1278,"column":0},"end":{"line":1281,"column":null}},"591":{"start":{"line":1278,"column":72},"end":{"line":1281,"column":2}},"592":{"start":{"line":1279,"column":2},"end":{"line":1279,"column":29}},"593":{"start":{"line":1290,"column":0},"end":{"line":1303,"column":3}},"594":{"start":{"line":1291,"column":16},"end":{"line":1301,"column":6}},"595":{"start":{"line":1302,"column":2},"end":{"line":1302,"column":34}},"596":{"start":{"line":1306,"column":0},"end":{"line":1313,"column":2}},"597":{"start":{"line":1308,"column":4},"end":{"line":1311,"column":7}},"598":{"start":{"line":1315,"column":0},"end":{"line":1319,"column":1}},"599":{"start":{"line":1316,"column":2},"end":{"line":1318,"column":5}},"600":{"start":{"line":1317,"column":4},"end":{"line":1317,"column":61}},"601":{"start":{"line":1321,"column":0},"end":{"line":1321,"column":19}}},"fnMap":{"0":{"name":"(anonymous_17)","decl":{"start":{"line":73,"column":13},"end":{"line":73,"column":14}},"loc":{"start":{"line":73,"column":26},"end":{"line":77,"column":1}}},"1":{"name":"(anonymous_18)","decl":{"start":{"line":80,"column":18},"end":{"line":80,"column":19}},"loc":{"start":{"line":80,"column":31},"end":{"line":82,"column":1}}},"2":{"name":"(anonymous_19)","decl":{"start":{"line":85,"column":20},"end":{"line":85,"column":21}},"loc":{"start":{"line":85,"column":39},"end":{"line":97,"column":1}}},"3":{"name":"(anonymous_20)","decl":{"start":{"line":100,"column":45},"end":{"line":100,"column":52}},"loc":{"start":{"line":100,"column":70},"end":{"line":126,"column":2}}},"4":{"name":"(anonymous_21)","decl":{"start":{"line":100,"column":70},"end":{"line":100,"column":null}},"loc":{"start":{"line":100,"column":70},"end":{"line":126,"column":1}}},"5":{"name":"(anonymous_22)","decl":{"start":{"line":130,"column":2},"end":{"line":130,"column":9}},"loc":{"start":{"line":130,"column":27},"end":{"line":145,"column":null}}},"6":{"name":"(anonymous_23)","decl":{"start":{"line":130,"column":27},"end":{"line":130,"column":null}},"loc":{"start":{"line":130,"column":27},"end":{"line":145,"column":3}}},"7":{"name":"(anonymous_24)","decl":{"start":{"line":148,"column":30},"end":{"line":148,"column":37}},"loc":{"start":{"line":148,"column":55},"end":{"line":166,"column":2}}},"8":{"name":"(anonymous_25)","decl":{"start":{"line":148,"column":55},"end":{"line":148,"column":null}},"loc":{"start":{"line":148,"column":55},"end":{"line":166,"column":1}}},"9":{"name":"(anonymous_26)","decl":{"start":{"line":168,"column":33},"end":{"line":168,"column":40}},"loc":{"start":{"line":168,"column":58},"end":{"line":196,"column":4}}},"10":{"name":"(anonymous_27)","decl":{"start":{"line":168,"column":58},"end":{"line":168,"column":null}},"loc":{"start":{"line":168,"column":58},"end":{"line":196,"column":3}}},"11":{"name":"(anonymous_28)","decl":{"start":{"line":200,"column":2},"end":{"line":200,"column":9}},"loc":{"start":{"line":200,"column":27},"end":{"line":235,"column":null}}},"12":{"name":"(anonymous_29)","decl":{"start":{"line":200,"column":27},"end":{"line":200,"column":null}},"loc":{"start":{"line":200,"column":27},"end":{"line":235,"column":3}}},"13":{"name":"(anonymous_30)","decl":{"start":{"line":238,"column":49},"end":{"line":238,"column":56}},"loc":{"start":{"line":238,"column":74},"end":{"line":288,"column":2}}},"14":{"name":"(anonymous_31)","decl":{"start":{"line":238,"column":74},"end":{"line":238,"column":null}},"loc":{"start":{"line":238,"column":74},"end":{"line":288,"column":1}}},"15":{"name":"(anonymous_32)","decl":{"start":{"line":290,"column":45},"end":{"line":290,"column":52}},"loc":{"start":{"line":290,"column":70},"end":{"line":310,"column":2}}},"16":{"name":"(anonymous_33)","decl":{"start":{"line":290,"column":70},"end":{"line":290,"column":null}},"loc":{"start":{"line":290,"column":70},"end":{"line":310,"column":1}}},"17":{"name":"(anonymous_34)","decl":{"start":{"line":313,"column":46},"end":{"line":313,"column":53}},"loc":{"start":{"line":313,"column":71},"end":{"line":363,"column":2}}},"18":{"name":"(anonymous_35)","decl":{"start":{"line":313,"column":71},"end":{"line":313,"column":null}},"loc":{"start":{"line":313,"column":71},"end":{"line":363,"column":1}}},"19":{"name":"(anonymous_36)","decl":{"start":{"line":366,"column":45},"end":{"line":366,"column":52}},"loc":{"start":{"line":366,"column":70},"end":{"line":464,"column":2}}},"20":{"name":"(anonymous_37)","decl":{"start":{"line":366,"column":70},"end":{"line":366,"column":null}},"loc":{"start":{"line":366,"column":70},"end":{"line":464,"column":1}}},"21":{"name":"(anonymous_38)","decl":{"start":{"line":466,"column":48},"end":{"line":466,"column":55}},"loc":{"start":{"line":466,"column":73},"end":{"line":517,"column":2}}},"22":{"name":"(anonymous_39)","decl":{"start":{"line":466,"column":73},"end":{"line":466,"column":null}},"loc":{"start":{"line":466,"column":73},"end":{"line":517,"column":1}}},"23":{"name":"(anonymous_40)","decl":{"start":{"line":519,"column":50},"end":{"line":519,"column":57}},"loc":{"start":{"line":519,"column":75},"end":{"line":578,"column":2}}},"24":{"name":"(anonymous_41)","decl":{"start":{"line":519,"column":75},"end":{"line":519,"column":null}},"loc":{"start":{"line":519,"column":75},"end":{"line":578,"column":1}}},"25":{"name":"(anonymous_42)","decl":{"start":{"line":581,"column":48},"end":{"line":581,"column":55}},"loc":{"start":{"line":581,"column":73},"end":{"line":606,"column":2}}},"26":{"name":"(anonymous_43)","decl":{"start":{"line":581,"column":73},"end":{"line":581,"column":null}},"loc":{"start":{"line":581,"column":73},"end":{"line":606,"column":1}}},"27":{"name":"(anonymous_44)","decl":{"start":{"line":611,"column":2},"end":{"line":611,"column":9}},"loc":{"start":{"line":611,"column":27},"end":{"line":639,"column":null}}},"28":{"name":"(anonymous_45)","decl":{"start":{"line":611,"column":27},"end":{"line":611,"column":null}},"loc":{"start":{"line":611,"column":27},"end":{"line":639,"column":3}}},"29":{"name":"(anonymous_46)","decl":{"start":{"line":627,"column":8},"end":{"line":627,"column":9}},"loc":{"start":{"line":627,"column":24},"end":{"line":627,"column":64}}},"30":{"name":"(anonymous_47)","decl":{"start":{"line":643,"column":46},"end":{"line":643,"column":53}},"loc":{"start":{"line":643,"column":71},"end":{"line":665,"column":2}}},"31":{"name":"(anonymous_48)","decl":{"start":{"line":643,"column":71},"end":{"line":643,"column":null}},"loc":{"start":{"line":643,"column":71},"end":{"line":665,"column":1}}},"32":{"name":"(anonymous_49)","decl":{"start":{"line":668,"column":53},"end":{"line":668,"column":60}},"loc":{"start":{"line":668,"column":78},"end":{"line":694,"column":2}}},"33":{"name":"(anonymous_50)","decl":{"start":{"line":668,"column":78},"end":{"line":668,"column":null}},"loc":{"start":{"line":668,"column":78},"end":{"line":694,"column":1}}},"34":{"name":"(anonymous_51)","decl":{"start":{"line":684,"column":6},"end":{"line":684,"column":7}},"loc":{"start":{"line":684,"column":22},"end":{"line":684,"column":61}}},"35":{"name":"(anonymous_52)","decl":{"start":{"line":697,"column":26},"end":{"line":697,"column":33}},"loc":{"start":{"line":697,"column":51},"end":{"line":747,"column":2}}},"36":{"name":"(anonymous_53)","decl":{"start":{"line":697,"column":51},"end":{"line":697,"column":null}},"loc":{"start":{"line":697,"column":51},"end":{"line":747,"column":1}}},"37":{"name":"(anonymous_54)","decl":{"start":{"line":749,"column":32},"end":{"line":749,"column":39}},"loc":{"start":{"line":749,"column":57},"end":{"line":766,"column":2}}},"38":{"name":"(anonymous_55)","decl":{"start":{"line":749,"column":57},"end":{"line":749,"column":null}},"loc":{"start":{"line":749,"column":57},"end":{"line":766,"column":1}}},"39":{"name":"(anonymous_56)","decl":{"start":{"line":768,"column":29},"end":{"line":768,"column":36}},"loc":{"start":{"line":768,"column":54},"end":{"line":802,"column":2}}},"40":{"name":"(anonymous_57)","decl":{"start":{"line":768,"column":54},"end":{"line":768,"column":null}},"loc":{"start":{"line":768,"column":54},"end":{"line":802,"column":1}}},"41":{"name":"(anonymous_58)","decl":{"start":{"line":804,"column":36},"end":{"line":804,"column":43}},"loc":{"start":{"line":804,"column":61},"end":{"line":826,"column":2}}},"42":{"name":"(anonymous_59)","decl":{"start":{"line":804,"column":61},"end":{"line":804,"column":null}},"loc":{"start":{"line":804,"column":61},"end":{"line":826,"column":1}}},"43":{"name":"(anonymous_60)","decl":{"start":{"line":828,"column":37},"end":{"line":828,"column":44}},"loc":{"start":{"line":828,"column":62},"end":{"line":849,"column":2}}},"44":{"name":"(anonymous_61)","decl":{"start":{"line":828,"column":62},"end":{"line":828,"column":null}},"loc":{"start":{"line":828,"column":62},"end":{"line":849,"column":1}}},"45":{"name":"(anonymous_62)","decl":{"start":{"line":851,"column":36},"end":{"line":851,"column":43}},"loc":{"start":{"line":851,"column":61},"end":{"line":880,"column":4}}},"46":{"name":"(anonymous_63)","decl":{"start":{"line":851,"column":61},"end":{"line":851,"column":null}},"loc":{"start":{"line":851,"column":61},"end":{"line":880,"column":3}}},"47":{"name":"(anonymous_64)","decl":{"start":{"line":882,"column":39},"end":{"line":882,"column":46}},"loc":{"start":{"line":882,"column":64},"end":{"line":911,"column":4}}},"48":{"name":"(anonymous_65)","decl":{"start":{"line":882,"column":64},"end":{"line":882,"column":null}},"loc":{"start":{"line":882,"column":64},"end":{"line":911,"column":3}}},"49":{"name":"(anonymous_66)","decl":{"start":{"line":914,"column":40},"end":{"line":914,"column":47}},"loc":{"start":{"line":914,"column":65},"end":{"line":930,"column":2}}},"50":{"name":"(anonymous_67)","decl":{"start":{"line":914,"column":65},"end":{"line":914,"column":null}},"loc":{"start":{"line":914,"column":65},"end":{"line":930,"column":1}}},"51":{"name":"(anonymous_68)","decl":{"start":{"line":932,"column":41},"end":{"line":932,"column":48}},"loc":{"start":{"line":932,"column":66},"end":{"line":948,"column":2}}},"52":{"name":"(anonymous_69)","decl":{"start":{"line":932,"column":66},"end":{"line":932,"column":null}},"loc":{"start":{"line":932,"column":66},"end":{"line":948,"column":1}}},"53":{"name":"(anonymous_70)","decl":{"start":{"line":950,"column":37},"end":{"line":950,"column":44}},"loc":{"start":{"line":950,"column":62},"end":{"line":980,"column":4}}},"54":{"name":"(anonymous_71)","decl":{"start":{"line":950,"column":62},"end":{"line":950,"column":null}},"loc":{"start":{"line":950,"column":62},"end":{"line":980,"column":3}}},"55":{"name":"(anonymous_72)","decl":{"start":{"line":982,"column":40},"end":{"line":982,"column":47}},"loc":{"start":{"line":982,"column":65},"end":{"line":1009,"column":4}}},"56":{"name":"(anonymous_73)","decl":{"start":{"line":982,"column":65},"end":{"line":982,"column":null}},"loc":{"start":{"line":982,"column":65},"end":{"line":1009,"column":3}}},"57":{"name":"(anonymous_74)","decl":{"start":{"line":1011,"column":34},"end":{"line":1011,"column":41}},"loc":{"start":{"line":1011,"column":59},"end":{"line":1032,"column":4}}},"58":{"name":"(anonymous_75)","decl":{"start":{"line":1011,"column":59},"end":{"line":1011,"column":null}},"loc":{"start":{"line":1011,"column":59},"end":{"line":1032,"column":3}}},"59":{"name":"(anonymous_76)","decl":{"start":{"line":1035,"column":49},"end":{"line":1035,"column":56}},"loc":{"start":{"line":1035,"column":74},"end":{"line":1076,"column":4}}},"60":{"name":"(anonymous_77)","decl":{"start":{"line":1035,"column":74},"end":{"line":1035,"column":null}},"loc":{"start":{"line":1035,"column":74},"end":{"line":1076,"column":3}}},"61":{"name":"(anonymous_78)","decl":{"start":{"line":1078,"column":50},"end":{"line":1078,"column":57}},"loc":{"start":{"line":1078,"column":75},"end":{"line":1110,"column":4}}},"62":{"name":"(anonymous_79)","decl":{"start":{"line":1078,"column":75},"end":{"line":1078,"column":null}},"loc":{"start":{"line":1078,"column":75},"end":{"line":1110,"column":3}}},"63":{"name":"(anonymous_80)","decl":{"start":{"line":1112,"column":53},"end":{"line":1112,"column":60}},"loc":{"start":{"line":1112,"column":78},"end":{"line":1149,"column":4}}},"64":{"name":"(anonymous_81)","decl":{"start":{"line":1112,"column":78},"end":{"line":1112,"column":null}},"loc":{"start":{"line":1112,"column":78},"end":{"line":1149,"column":3}}},"65":{"name":"(anonymous_82)","decl":{"start":{"line":1151,"column":58},"end":{"line":1151,"column":65}},"loc":{"start":{"line":1151,"column":83},"end":{"line":1179,"column":4}}},"66":{"name":"(anonymous_83)","decl":{"start":{"line":1151,"column":83},"end":{"line":1151,"column":null}},"loc":{"start":{"line":1151,"column":83},"end":{"line":1179,"column":3}}},"67":{"name":"(anonymous_84)","decl":{"start":{"line":1182,"column":52},"end":{"line":1182,"column":59}},"loc":{"start":{"line":1182,"column":77},"end":{"line":1195,"column":2}}},"68":{"name":"(anonymous_85)","decl":{"start":{"line":1182,"column":77},"end":{"line":1182,"column":null}},"loc":{"start":{"line":1182,"column":77},"end":{"line":1195,"column":1}}},"69":{"name":"(anonymous_86)","decl":{"start":{"line":1197,"column":52},"end":{"line":1197,"column":59}},"loc":{"start":{"line":1197,"column":77},"end":{"line":1210,"column":2}}},"70":{"name":"(anonymous_87)","decl":{"start":{"line":1197,"column":77},"end":{"line":1197,"column":null}},"loc":{"start":{"line":1197,"column":77},"end":{"line":1210,"column":1}}},"71":{"name":"(anonymous_88)","decl":{"start":{"line":1212,"column":41},"end":{"line":1212,"column":48}},"loc":{"start":{"line":1212,"column":66},"end":{"line":1222,"column":2}}},"72":{"name":"(anonymous_89)","decl":{"start":{"line":1212,"column":66},"end":{"line":1212,"column":null}},"loc":{"start":{"line":1212,"column":66},"end":{"line":1222,"column":1}}},"73":{"name":"(anonymous_90)","decl":{"start":{"line":1224,"column":46},"end":{"line":1224,"column":53}},"loc":{"start":{"line":1224,"column":71},"end":{"line":1238,"column":2}}},"74":{"name":"(anonymous_91)","decl":{"start":{"line":1224,"column":71},"end":{"line":1224,"column":null}},"loc":{"start":{"line":1224,"column":71},"end":{"line":1238,"column":1}}},"75":{"name":"(anonymous_92)","decl":{"start":{"line":1240,"column":48},"end":{"line":1240,"column":55}},"loc":{"start":{"line":1240,"column":73},"end":{"line":1249,"column":2}}},"76":{"name":"(anonymous_93)","decl":{"start":{"line":1240,"column":73},"end":{"line":1240,"column":null}},"loc":{"start":{"line":1240,"column":73},"end":{"line":1249,"column":1}}},"77":{"name":"(anonymous_94)","decl":{"start":{"line":1251,"column":46},"end":{"line":1251,"column":53}},"loc":{"start":{"line":1251,"column":71},"end":{"line":1260,"column":2}}},"78":{"name":"(anonymous_95)","decl":{"start":{"line":1251,"column":71},"end":{"line":1251,"column":null}},"loc":{"start":{"line":1251,"column":71},"end":{"line":1260,"column":1}}},"79":{"name":"(anonymous_96)","decl":{"start":{"line":1263,"column":45},"end":{"line":1263,"column":52}},"loc":{"start":{"line":1263,"column":70},"end":{"line":1266,"column":2}}},"80":{"name":"(anonymous_97)","decl":{"start":{"line":1263,"column":70},"end":{"line":1263,"column":null}},"loc":{"start":{"line":1263,"column":70},"end":{"line":1266,"column":1}}},"81":{"name":"(anonymous_98)","decl":{"start":{"line":1268,"column":46},"end":{"line":1268,"column":53}},"loc":{"start":{"line":1268,"column":71},"end":{"line":1271,"column":2}}},"82":{"name":"(anonymous_99)","decl":{"start":{"line":1268,"column":71},"end":{"line":1268,"column":null}},"loc":{"start":{"line":1268,"column":71},"end":{"line":1271,"column":1}}},"83":{"name":"(anonymous_100)","decl":{"start":{"line":1273,"column":47},"end":{"line":1273,"column":54}},"loc":{"start":{"line":1273,"column":77},"end":{"line":1276,"column":2}}},"84":{"name":"(anonymous_101)","decl":{"start":{"line":1273,"column":77},"end":{"line":1273,"column":null}},"loc":{"start":{"line":1273,"column":77},"end":{"line":1276,"column":1}}},"85":{"name":"(anonymous_102)","decl":{"start":{"line":1278,"column":42},"end":{"line":1278,"column":49}},"loc":{"start":{"line":1278,"column":72},"end":{"line":1281,"column":2}}},"86":{"name":"(anonymous_103)","decl":{"start":{"line":1278,"column":72},"end":{"line":1278,"column":null}},"loc":{"start":{"line":1278,"column":72},"end":{"line":1281,"column":1}}},"87":{"name":"(anonymous_104)","decl":{"start":{"line":1290,"column":8},"end":{"line":1290,"column":9}},"loc":{"start":{"line":1290,"column":40},"end":{"line":1303,"column":1}}},"88":{"name":"(anonymous_105)","decl":{"start":{"line":1307,"column":2},"end":{"line":1307,"column":3}},"loc":{"start":{"line":1307,"column":77},"end":{"line":1312,"column":3}}},"89":{"name":"(anonymous_106)","decl":{"start":{"line":1316,"column":25},"end":{"line":1316,"column":28}},"loc":{"start":{"line":1316,"column":30},"end":{"line":1318,"column":3}}}},"branchMap":{"0":{"loc":{"start":{"line":56,"column":16},"end":{"line":56,"column":75}},"type":"cond-expr","locations":[{"start":{"line":56,"column":39},"end":{"line":56,"column":70}},{"start":{"line":56,"column":73},"end":{"line":56,"column":75}}]},"1":{"loc":{"start":{"line":63,"column":30},"end":{"line":63,"column":56}},"type":"binary-expr","locations":[{"start":{"line":63,"column":30},"end":{"line":63,"column":46}},{"start":{"line":63,"column":50},"end":{"line":63,"column":56}}]},"2":{"loc":{"start":{"line":64,"column":21},"end":{"line":64,"column":50}},"type":"binary-expr","locations":[{"start":{"line":64,"column":21},"end":{"line":64,"column":35}},{"start":{"line":64,"column":39},"end":{"line":64,"column":50}}]},"3":{"loc":{"start":{"line":91,"column":4},"end":{"line":93,"column":5}},"type":"if","locations":[{"start":{"line":91,"column":4},"end":{"line":93,"column":5}}]},"4":{"loc":{"start":{"line":103,"column":2},"end":{"line":105,"column":3}},"type":"if","locations":[{"start":{"line":103,"column":2},"end":{"line":105,"column":3}}]},"5":{"loc":{"start":{"line":112,"column":4},"end":{"line":116,"column":5}},"type":"if","locations":[{"start":{"line":112,"column":4},"end":{"line":116,"column":5}}]},"6":{"loc":{"start":{"line":122,"column":4},"end":{"line":124,"column":5}},"type":"if","locations":[{"start":{"line":122,"column":4},"end":{"line":124,"column":5}}]},"7":{"loc":{"start":{"line":140,"column":6},"end":{"line":142,"column":7}},"type":"if","locations":[{"start":{"line":140,"column":6},"end":{"line":142,"column":7}}]},"8":{"loc":{"start":{"line":152,"column":4},"end":{"line":154,"column":5}},"type":"if","locations":[{"start":{"line":152,"column":4},"end":{"line":154,"column":5}}]},"9":{"loc":{"start":{"line":161,"column":4},"end":{"line":163,"column":5}},"type":"if","locations":[{"start":{"line":161,"column":4},"end":{"line":163,"column":5}}]},"10":{"loc":{"start":{"line":173,"column":6},"end":{"line":175,"column":7}},"type":"if","locations":[{"start":{"line":173,"column":6},"end":{"line":175,"column":7}}]},"11":{"loc":{"start":{"line":191,"column":6},"end":{"line":193,"column":7}},"type":"if","locations":[{"start":{"line":191,"column":6},"end":{"line":193,"column":7}}]},"12":{"loc":{"start":{"line":205,"column":6},"end":{"line":209,"column":7}},"type":"if","locations":[{"start":{"line":205,"column":6},"end":{"line":209,"column":7}}]},"13":{"loc":{"start":{"line":214,"column":6},"end":{"line":216,"column":7}},"type":"if","locations":[{"start":{"line":214,"column":6},"end":{"line":216,"column":7}}]},"14":{"loc":{"start":{"line":219,"column":6},"end":{"line":223,"column":7}},"type":"if","locations":[{"start":{"line":219,"column":6},"end":{"line":223,"column":7}}]},"15":{"loc":{"start":{"line":230,"column":6},"end":{"line":232,"column":7}},"type":"if","locations":[{"start":{"line":230,"column":6},"end":{"line":232,"column":7}}]},"16":{"loc":{"start":{"line":243,"column":4},"end":{"line":245,"column":5}},"type":"if","locations":[{"start":{"line":243,"column":4},"end":{"line":245,"column":5}}]},"17":{"loc":{"start":{"line":251,"column":4},"end":{"line":253,"column":5}},"type":"if","locations":[{"start":{"line":251,"column":4},"end":{"line":253,"column":5}}]},"18":{"loc":{"start":{"line":256,"column":4},"end":{"line":258,"column":5}},"type":"if","locations":[{"start":{"line":256,"column":4},"end":{"line":258,"column":5}}]},"19":{"loc":{"start":{"line":264,"column":4},"end":{"line":266,"column":5}},"type":"if","locations":[{"start":{"line":264,"column":4},"end":{"line":266,"column":5}}]},"20":{"loc":{"start":{"line":274,"column":4},"end":{"line":285,"column":5}},"type":"if","locations":[{"start":{"line":274,"column":4},"end":{"line":285,"column":5}}]},"21":{"loc":{"start":{"line":275,"column":6},"end":{"line":277,"column":7}},"type":"if","locations":[{"start":{"line":275,"column":6},"end":{"line":277,"column":7}}]},"22":{"loc":{"start":{"line":278,"column":6},"end":{"line":280,"column":7}},"type":"if","locations":[{"start":{"line":278,"column":6},"end":{"line":280,"column":7}}]},"23":{"loc":{"start":{"line":281,"column":6},"end":{"line":283,"column":7}},"type":"if","locations":[{"start":{"line":281,"column":6},"end":{"line":283,"column":7}}]},"24":{"loc":{"start":{"line":295,"column":4},"end":{"line":297,"column":5}},"type":"if","locations":[{"start":{"line":295,"column":4},"end":{"line":297,"column":5}}]},"25":{"loc":{"start":{"line":305,"column":4},"end":{"line":307,"column":5}},"type":"if","locations":[{"start":{"line":305,"column":4},"end":{"line":307,"column":5}}]},"26":{"loc":{"start":{"line":318,"column":4},"end":{"line":320,"column":5}},"type":"if","locations":[{"start":{"line":318,"column":4},"end":{"line":320,"column":5}}]},"27":{"loc":{"start":{"line":326,"column":4},"end":{"line":328,"column":5}},"type":"if","locations":[{"start":{"line":326,"column":4},"end":{"line":328,"column":5}}]},"28":{"loc":{"start":{"line":331,"column":4},"end":{"line":333,"column":5}},"type":"if","locations":[{"start":{"line":331,"column":4},"end":{"line":333,"column":5}}]},"29":{"loc":{"start":{"line":339,"column":4},"end":{"line":341,"column":5}},"type":"if","locations":[{"start":{"line":339,"column":4},"end":{"line":341,"column":5}}]},"30":{"loc":{"start":{"line":349,"column":4},"end":{"line":360,"column":5}},"type":"if","locations":[{"start":{"line":349,"column":4},"end":{"line":360,"column":5}}]},"31":{"loc":{"start":{"line":350,"column":6},"end":{"line":352,"column":7}},"type":"if","locations":[{"start":{"line":350,"column":6},"end":{"line":352,"column":7}}]},"32":{"loc":{"start":{"line":353,"column":6},"end":{"line":355,"column":7}},"type":"if","locations":[{"start":{"line":353,"column":6},"end":{"line":355,"column":7}}]},"33":{"loc":{"start":{"line":356,"column":6},"end":{"line":358,"column":7}},"type":"if","locations":[{"start":{"line":356,"column":6},"end":{"line":358,"column":7}}]},"34":{"loc":{"start":{"line":383,"column":4},"end":{"line":385,"column":5}},"type":"if","locations":[{"start":{"line":383,"column":4},"end":{"line":385,"column":5}}]},"35":{"loc":{"start":{"line":391,"column":4},"end":{"line":393,"column":5}},"type":"if","locations":[{"start":{"line":391,"column":4},"end":{"line":393,"column":5}}]},"36":{"loc":{"start":{"line":396,"column":4},"end":{"line":407,"column":5}},"type":"if","locations":[{"start":{"line":396,"column":4},"end":{"line":407,"column":5}}]},"37":{"loc":{"start":{"line":397,"column":6},"end":{"line":404,"column":12}},"type":"binary-expr","locations":[{"start":{"line":397,"column":6},"end":{"line":397,"column":23}},{"start":{"line":398,"column":6},"end":{"line":398,"column":24}},{"start":{"line":399,"column":6},"end":{"line":399,"column":16}},{"start":{"line":400,"column":6},"end":{"line":400,"column":21}},{"start":{"line":401,"column":6},"end":{"line":401,"column":22}},{"start":{"line":402,"column":6},"end":{"line":402,"column":19}},{"start":{"line":403,"column":6},"end":{"line":403,"column":15}},{"start":{"line":404,"column":6},"end":{"line":404,"column":12}}]},"38":{"loc":{"start":{"line":440,"column":4},"end":{"line":442,"column":5}},"type":"if","locations":[{"start":{"line":440,"column":4},"end":{"line":442,"column":5}}]},"39":{"loc":{"start":{"line":450,"column":4},"end":{"line":460,"column":5}},"type":"if","locations":[{"start":{"line":450,"column":4},"end":{"line":460,"column":5}}]},"40":{"loc":{"start":{"line":451,"column":6},"end":{"line":453,"column":7}},"type":"if","locations":[{"start":{"line":451,"column":6},"end":{"line":453,"column":7}}]},"41":{"loc":{"start":{"line":454,"column":6},"end":{"line":456,"column":7}},"type":"if","locations":[{"start":{"line":454,"column":6},"end":{"line":456,"column":7}}]},"42":{"loc":{"start":{"line":457,"column":6},"end":{"line":459,"column":7}},"type":"if","locations":[{"start":{"line":457,"column":6},"end":{"line":459,"column":7}}]},"43":{"loc":{"start":{"line":473,"column":4},"end":{"line":475,"column":5}},"type":"if","locations":[{"start":{"line":473,"column":4},"end":{"line":475,"column":5}}]},"44":{"loc":{"start":{"line":480,"column":4},"end":{"line":482,"column":5}},"type":"if","locations":[{"start":{"line":480,"column":4},"end":{"line":482,"column":5}}]},"45":{"loc":{"start":{"line":486,"column":4},"end":{"line":490,"column":5}},"type":"if","locations":[{"start":{"line":486,"column":4},"end":{"line":490,"column":5}}]},"46":{"loc":{"start":{"line":496,"column":4},"end":{"line":498,"column":5}},"type":"if","locations":[{"start":{"line":496,"column":4},"end":{"line":498,"column":5}}]},"47":{"loc":{"start":{"line":526,"column":4},"end":{"line":528,"column":5}},"type":"if","locations":[{"start":{"line":526,"column":4},"end":{"line":528,"column":5}}]},"48":{"loc":{"start":{"line":531,"column":4},"end":{"line":533,"column":5}},"type":"if","locations":[{"start":{"line":531,"column":4},"end":{"line":533,"column":5}}]},"49":{"loc":{"start":{"line":538,"column":4},"end":{"line":540,"column":5}},"type":"if","locations":[{"start":{"line":538,"column":4},"end":{"line":540,"column":5}}]},"50":{"loc":{"start":{"line":544,"column":4},"end":{"line":548,"column":5}},"type":"if","locations":[{"start":{"line":544,"column":4},"end":{"line":548,"column":5}}]},"51":{"loc":{"start":{"line":562,"column":4},"end":{"line":564,"column":5}},"type":"if","locations":[{"start":{"line":562,"column":4},"end":{"line":564,"column":5}}]},"52":{"loc":{"start":{"line":588,"column":4},"end":{"line":590,"column":5}},"type":"if","locations":[{"start":{"line":588,"column":4},"end":{"line":590,"column":5}}]},"53":{"loc":{"start":{"line":594,"column":4},"end":{"line":596,"column":5}},"type":"if","locations":[{"start":{"line":594,"column":4},"end":{"line":596,"column":5}}]},"54":{"loc":{"start":{"line":601,"column":4},"end":{"line":603,"column":5}},"type":"if","locations":[{"start":{"line":601,"column":4},"end":{"line":603,"column":5}}]},"55":{"loc":{"start":{"line":616,"column":6},"end":{"line":618,"column":7}},"type":"if","locations":[{"start":{"line":616,"column":6},"end":{"line":618,"column":7}}]},"56":{"loc":{"start":{"line":621,"column":6},"end":{"line":623,"column":7}},"type":"if","locations":[{"start":{"line":621,"column":6},"end":{"line":623,"column":7}}]},"57":{"loc":{"start":{"line":632,"column":6},"end":{"line":634,"column":7}},"type":"if","locations":[{"start":{"line":632,"column":6},"end":{"line":634,"column":7}}]},"58":{"loc":{"start":{"line":648,"column":4},"end":{"line":650,"column":5}},"type":"if","locations":[{"start":{"line":648,"column":4},"end":{"line":650,"column":5}}]},"59":{"loc":{"start":{"line":653,"column":4},"end":{"line":655,"column":5}},"type":"if","locations":[{"start":{"line":653,"column":4},"end":{"line":655,"column":5}}]},"60":{"loc":{"start":{"line":660,"column":4},"end":{"line":662,"column":5}},"type":"if","locations":[{"start":{"line":660,"column":4},"end":{"line":662,"column":5}}]},"61":{"loc":{"start":{"line":673,"column":4},"end":{"line":675,"column":5}},"type":"if","locations":[{"start":{"line":673,"column":4},"end":{"line":675,"column":5}}]},"62":{"loc":{"start":{"line":678,"column":4},"end":{"line":680,"column":5}},"type":"if","locations":[{"start":{"line":678,"column":4},"end":{"line":680,"column":5}}]},"63":{"loc":{"start":{"line":689,"column":4},"end":{"line":691,"column":5}},"type":"if","locations":[{"start":{"line":689,"column":4},"end":{"line":691,"column":5}}]},"64":{"loc":{"start":{"line":707,"column":4},"end":{"line":709,"column":5}},"type":"if","locations":[{"start":{"line":707,"column":4},"end":{"line":709,"column":5}}]},"65":{"loc":{"start":{"line":714,"column":4},"end":{"line":716,"column":5}},"type":"if","locations":[{"start":{"line":714,"column":4},"end":{"line":716,"column":5}}]},"66":{"loc":{"start":{"line":720,"column":4},"end":{"line":722,"column":5}},"type":"if","locations":[{"start":{"line":720,"column":4},"end":{"line":722,"column":5}}]},"67":{"loc":{"start":{"line":725,"column":4},"end":{"line":727,"column":5}},"type":"if","locations":[{"start":{"line":725,"column":4},"end":{"line":727,"column":5}}]},"68":{"loc":{"start":{"line":753,"column":2},"end":{"line":755,"column":3}},"type":"if","locations":[{"start":{"line":753,"column":2},"end":{"line":755,"column":3}}]},"69":{"loc":{"start":{"line":761,"column":4},"end":{"line":763,"column":5}},"type":"if","locations":[{"start":{"line":761,"column":4},"end":{"line":763,"column":5}}]},"70":{"loc":{"start":{"line":773,"column":4},"end":{"line":775,"column":5}},"type":"if","locations":[{"start":{"line":773,"column":4},"end":{"line":775,"column":5}}]},"71":{"loc":{"start":{"line":780,"column":4},"end":{"line":782,"column":5}},"type":"if","locations":[{"start":{"line":780,"column":4},"end":{"line":782,"column":5}}]},"72":{"loc":{"start":{"line":797,"column":4},"end":{"line":799,"column":5}},"type":"if","locations":[{"start":{"line":797,"column":4},"end":{"line":799,"column":5}}]},"73":{"loc":{"start":{"line":809,"column":4},"end":{"line":811,"column":5}},"type":"if","locations":[{"start":{"line":809,"column":4},"end":{"line":811,"column":5}}]},"74":{"loc":{"start":{"line":809,"column":8},"end":{"line":809,"column":40}},"type":"binary-expr","locations":[{"start":{"line":809,"column":8},"end":{"line":809,"column":15}},{"start":{"line":809,"column":19},"end":{"line":809,"column":40}}]},"75":{"loc":{"start":{"line":815,"column":4},"end":{"line":817,"column":5}},"type":"if","locations":[{"start":{"line":815,"column":4},"end":{"line":817,"column":5}}]},"76":{"loc":{"start":{"line":821,"column":4},"end":{"line":823,"column":5}},"type":"if","locations":[{"start":{"line":821,"column":4},"end":{"line":823,"column":5}}]},"77":{"loc":{"start":{"line":832,"column":4},"end":{"line":834,"column":5}},"type":"if","locations":[{"start":{"line":832,"column":4},"end":{"line":834,"column":5}}]},"78":{"loc":{"start":{"line":832,"column":8},"end":{"line":832,"column":40}},"type":"binary-expr","locations":[{"start":{"line":832,"column":8},"end":{"line":832,"column":15}},{"start":{"line":832,"column":19},"end":{"line":832,"column":40}}]},"79":{"loc":{"start":{"line":838,"column":4},"end":{"line":840,"column":5}},"type":"if","locations":[{"start":{"line":838,"column":4},"end":{"line":840,"column":5}}]},"80":{"loc":{"start":{"line":844,"column":4},"end":{"line":846,"column":5}},"type":"if","locations":[{"start":{"line":844,"column":4},"end":{"line":846,"column":5}}]},"81":{"loc":{"start":{"line":874,"column":6},"end":{"line":878,"column":7}},"type":"if","locations":[{"start":{"line":874,"column":6},"end":{"line":878,"column":7}},{"start":{"line":876,"column":13},"end":{"line":878,"column":7}}]},"82":{"loc":{"start":{"line":905,"column":6},"end":{"line":909,"column":7}},"type":"if","locations":[{"start":{"line":905,"column":6},"end":{"line":909,"column":7}},{"start":{"line":907,"column":13},"end":{"line":909,"column":7}}]},"83":{"loc":{"start":{"line":918,"column":4},"end":{"line":920,"column":5}},"type":"if","locations":[{"start":{"line":918,"column":4},"end":{"line":920,"column":5}}]},"84":{"loc":{"start":{"line":918,"column":8},"end":{"line":918,"column":42}},"type":"binary-expr","locations":[{"start":{"line":918,"column":8},"end":{"line":918,"column":16}},{"start":{"line":918,"column":20},"end":{"line":918,"column":42}}]},"85":{"loc":{"start":{"line":925,"column":4},"end":{"line":927,"column":5}},"type":"if","locations":[{"start":{"line":925,"column":4},"end":{"line":927,"column":5}}]},"86":{"loc":{"start":{"line":936,"column":4},"end":{"line":938,"column":5}},"type":"if","locations":[{"start":{"line":936,"column":4},"end":{"line":938,"column":5}}]},"87":{"loc":{"start":{"line":936,"column":8},"end":{"line":936,"column":44}},"type":"binary-expr","locations":[{"start":{"line":936,"column":8},"end":{"line":936,"column":17}},{"start":{"line":936,"column":21},"end":{"line":936,"column":44}}]},"88":{"loc":{"start":{"line":943,"column":4},"end":{"line":945,"column":5}},"type":"if","locations":[{"start":{"line":943,"column":4},"end":{"line":945,"column":5}}]},"89":{"loc":{"start":{"line":954,"column":6},"end":{"line":956,"column":7}},"type":"if","locations":[{"start":{"line":954,"column":6},"end":{"line":956,"column":7}}]},"90":{"loc":{"start":{"line":954,"column":10},"end":{"line":954,"column":49}},"type":"binary-expr","locations":[{"start":{"line":954,"column":10},"end":{"line":954,"column":15}},{"start":{"line":954,"column":19},"end":{"line":954,"column":25}},{"start":{"line":954,"column":29},"end":{"line":954,"column":33}},{"start":{"line":954,"column":37},"end":{"line":954,"column":49}}]},"91":{"loc":{"start":{"line":958,"column":6},"end":{"line":960,"column":7}},"type":"if","locations":[{"start":{"line":958,"column":6},"end":{"line":960,"column":7}}]},"92":{"loc":{"start":{"line":958,"column":10},"end":{"line":958,"column":81}},"type":"binary-expr","locations":[{"start":{"line":958,"column":10},"end":{"line":958,"column":27}},{"start":{"line":958,"column":27},"end":{"line":958,"column":39}},{"start":{"line":958,"column":43},"end":{"line":958,"column":59}},{"start":{"line":958,"column":59},"end":{"line":958,"column":81}}]},"93":{"loc":{"start":{"line":958,"column":11},"end":{"line":958,"column":23}},"type":"cond-expr","locations":[{"start":{"line":958,"column":15},"end":{"line":958,"column":17}},{"start":{"line":958,"column":11},"end":{"line":958,"column":23}}]},"94":{"loc":{"start":{"line":958,"column":11},"end":{"line":958,"column":17}},"type":"binary-expr","locations":[{"start":{"line":958,"column":11},"end":{"line":958,"column":17}},{"start":{"line":958,"column":11},"end":{"line":958,"column":17}}]},"95":{"loc":{"start":{"line":958,"column":44},"end":{"line":958,"column":55}},"type":"cond-expr","locations":[{"start":{"line":958,"column":47},"end":{"line":958,"column":49}},{"start":{"line":958,"column":44},"end":{"line":958,"column":55}}]},"96":{"loc":{"start":{"line":958,"column":44},"end":{"line":958,"column":49}},"type":"binary-expr","locations":[{"start":{"line":958,"column":44},"end":{"line":958,"column":49}},{"start":{"line":958,"column":44},"end":{"line":958,"column":49}}]},"97":{"loc":{"start":{"line":958,"column":60},"end":{"line":958,"column":79}},"type":"cond-expr","locations":[{"start":{"line":958,"column":71},"end":{"line":958,"column":73}},{"start":{"line":958,"column":60},"end":{"line":958,"column":79}}]},"98":{"loc":{"start":{"line":958,"column":60},"end":{"line":958,"column":73}},"type":"binary-expr","locations":[{"start":{"line":958,"column":60},"end":{"line":958,"column":73}},{"start":{"line":958,"column":60},"end":{"line":958,"column":73}}]},"99":{"loc":{"start":{"line":975,"column":6},"end":{"line":977,"column":7}},"type":"if","locations":[{"start":{"line":975,"column":6},"end":{"line":977,"column":7}}]},"100":{"loc":{"start":{"line":986,"column":6},"end":{"line":988,"column":7}},"type":"if","locations":[{"start":{"line":986,"column":6},"end":{"line":988,"column":7}}]},"101":{"loc":{"start":{"line":986,"column":10},"end":{"line":986,"column":26}},"type":"binary-expr","locations":[{"start":{"line":986,"column":10},"end":{"line":986,"column":13}},{"start":{"line":986,"column":17},"end":{"line":986,"column":26}}]},"102":{"loc":{"start":{"line":995,"column":6},"end":{"line":997,"column":7}},"type":"if","locations":[{"start":{"line":995,"column":6},"end":{"line":997,"column":7}}]},"103":{"loc":{"start":{"line":1004,"column":6},"end":{"line":1006,"column":7}},"type":"if","locations":[{"start":{"line":1004,"column":6},"end":{"line":1006,"column":7}}]},"104":{"loc":{"start":{"line":1015,"column":6},"end":{"line":1017,"column":7}},"type":"if","locations":[{"start":{"line":1015,"column":6},"end":{"line":1017,"column":7}}]},"105":{"loc":{"start":{"line":1024,"column":6},"end":{"line":1026,"column":7}},"type":"if","locations":[{"start":{"line":1024,"column":6},"end":{"line":1026,"column":7}}]},"106":{"loc":{"start":{"line":1046,"column":6},"end":{"line":1048,"column":7}},"type":"if","locations":[{"start":{"line":1046,"column":6},"end":{"line":1048,"column":7}}]},"107":{"loc":{"start":{"line":1050,"column":6},"end":{"line":1052,"column":7}},"type":"if","locations":[{"start":{"line":1050,"column":6},"end":{"line":1052,"column":7}}]},"108":{"loc":{"start":{"line":1054,"column":6},"end":{"line":1056,"column":7}},"type":"if","locations":[{"start":{"line":1054,"column":6},"end":{"line":1056,"column":7}}]},"109":{"loc":{"start":{"line":1054,"column":10},"end":{"line":1054,"column":81}},"type":"binary-expr","locations":[{"start":{"line":1054,"column":10},"end":{"line":1054,"column":27}},{"start":{"line":1054,"column":27},"end":{"line":1054,"column":39}},{"start":{"line":1054,"column":43},"end":{"line":1054,"column":59}},{"start":{"line":1054,"column":59},"end":{"line":1054,"column":81}}]},"110":{"loc":{"start":{"line":1054,"column":11},"end":{"line":1054,"column":23}},"type":"cond-expr","locations":[{"start":{"line":1054,"column":15},"end":{"line":1054,"column":17}},{"start":{"line":1054,"column":11},"end":{"line":1054,"column":23}}]},"111":{"loc":{"start":{"line":1054,"column":11},"end":{"line":1054,"column":17}},"type":"binary-expr","locations":[{"start":{"l
[...]
art":{"line":102,"column":90},"end":{"line":113,"column":2}}},"3":{"name":"(anonymous_10)","decl":{"start":{"line":102,"column":90},"end":{"line":102,"column":null}},"loc":{"start":{"line":102,"column":90},"end":{"line":113,"column":1}}},"4":{"name":"(anonymous_11)","decl":{"start":{"line":116,"column":31},"end":{"line":116,"column":38}},"loc":{"start":{"line":116,"column":80},"end":{"line":182,"column":2}}},"5":{"name":"(anonymous_12)","decl":{"start":{"line":116,"column":80},"end":{"line":116,"column":null}},"loc":{"start":{"line":116,"column":80},"end":{"line":182,"column":1}}},"6":{"name":"(anonymous_13)","decl":{"start":{"line":184,"column":33},"end":{"line":184,"column":34}},"loc":{"start":{"line":184,"column":72},"end":{"line":229,"column":1}}},"7":{"name":"(anonymous_14)","decl":{"start":{"line":232,"column":38},"end":{"line":232,"column":45}},"loc":{"start":{"line":232,"column":62},"end":{"line":250,"column":4}}},"8":{"name":"(anonymous_15)","decl":{"start":{"line":232,"column":62},"end":{"line":232,"column":null}},"loc":{"start":{"line":232,"column":62},"end":{"line":250,"column":3}}},"9":{"name":"createSellerResponse","decl":{"start":{"line":258,"column":22},"end":{"line":258,"column":42}},"loc":{"start":{"line":258,"column":79},"end":{"line":286,"column":null}}},"10":{"name":"deleteOrder","decl":{"start":{"line":288,"column":22},"end":{"line":288,"column":33}},"loc":{"start":{"line":288,"column":49},"end":{"line":295,"column":null}}},"11":{"name":"convertToInvoiceXML","decl":{"start":{"line":319,"column":9},"end":{"line":319,"column":28}},"loc":{"start":{"line":319,"column":59},"end":{"line":400,"column":1}}},"12":{"name":"fetchOrder","decl":{"start":{"line":403,"column":15},"end":{"line":403,"column":25}},"loc":{"start":{"line":403,"column":42},"end":{"line":423,"column":null}}},"13":{"name":"generateInvoiceAPI","decl":{"start":{"line":426,"column":15},"end":{"line":426,"column":33}},"loc":{"start":{"line":426,"column":71},"end":{"line":448,"column":null}}},"14":{"name":"generateInvoice","decl":{"start":{"line":450,"column":22},"end":{"line":450,"column":37}},"loc":{"start":{"line":450,"column":71},"end":{"line":478,"column":null}}},"15":{"name":"getSellerRegisteredOrders","decl":{"start":{"line":480,"column":22},"end":{"line":480,"column":47}},"loc":{"start":{"line":480,"column":64},"end":{"line":486,"column":null}}},"16":{"name":"(anonymous_29)","decl":{"start":{"line":484,"column":42},"end":{"line":484,"column":45}},"loc":{"start":{"line":484,"column":49},"end":{"line":484,"column":61}}},"17":{"name":"saveInvoice","decl":{"start":{"line":488,"column":22},"end":{"line":488,"column":33}},"loc":{"start":{"line":488,"column":86},"end":{"line":518,"column":2}}},"18":{"name":"viewInvoices","decl":{"start":{"line":521,"column":22},"end":{"line":521,"column":34}},"loc":{"start":{"line":521,"column":82},"end":{"line":546,"column":2}}},"19":{"name":"transformToNewDespatchFormat","decl":{"start":{"line":548,"column":9},"end":{"line":548,"column":37}},"loc":{"start":{"line":548,"column":62},"end":{"line":599,"column":3}}},"20":{"name":"(anonymous_35)","decl":{"start":{"line":550,"column":71},"end":{"line":550,"column":75}},"loc":{"start":{"line":550,"column":79},"end":{"line":550,"column":90}}},"21":{"name":"callNewDespatchAPI","decl":{"start":{"line":601,"column":17},"end":{"line":601,"column":35}},"loc":{"start":{"line":601,"column":68},"end":{"line":620,"column":null}}},"22":{"name":"generateDespatchAdvice","decl":{"start":{"line":622,"column":24},"end":{"line":622,"column":46}},"loc":{"start":{"line":622,"column":62},"end":{"line":648,"column":null}}}},"branchMap":{"0":{"loc":{"start":{"line":96,"column":11},"end":{"line":96,"column":91}},"type":"binary-expr","locations":[{"start":{"line":96,"column":11},"end":{"line":96,"column":35}},{"start":{"line":96,"column":39},"end":{"line":96,"column":68}},{"start":{"line":96,"column":72},"end":{"line":96,"column":91}}]},"1":{"loc":{"start":{"line":107,"column":4},"end":{"line":109,"column":5}},"type":"if","locations":[{"start":{"line":107,"column":4},"end":{"line":109,"column":5}}]},"2":{"loc":{"start":{"line":107,"column":8},"end":{"line":107,"column":75}},"type":"binary-expr","locations":[{"start":{"line":107,"column":8},"end":{"line":107,"column":14}},{"start":{"line":107,"column":18},"end":{"line":107,"column":47}},{"start":{"line":107,"column":51},"end":{"line":107,"column":75}}]},"3":{"loc":{"start":{"line":140,"column":8},"end":{"line":142,"column":9}},"type":"if","locations":[{"start":{"line":140,"column":8},"end":{"line":142,"column":9}}]},"4":{"loc":{"start":{"line":238,"column":4},"end":{"line":240,"column":5}},"type":"if","locations":[{"start":{"line":238,"column":4},"end":{"line":240,"column":5}}]},"5":{"loc":{"start":{"line":259,"column":8},"end":{"line":261,"column":9}},"type":"if","locations":[{"start":{"line":259,"column":8},"end":{"line":261,"column":9}}]},"6":{"loc":{"start":{"line":259,"column":12},"end":{"line":259,"column":38}},"type":"binary-expr","locations":[{"start":{"line":259,"column":12},"end":{"line":259,"column":20}},{"start":{"line":259,"column":24},"end":{"line":259,"column":38}}]},"7":{"loc":{"start":{"line":266,"column":8},"end":{"line":268,"column":9}},"type":"if","locations":[{"start":{"line":266,"column":8},"end":{"line":268,"column":9}}]},"8":{"loc":{"start":{"line":273,"column":28},"end":{"line":273,"column":57}},"type":"binary-expr","locations":[{"start":{"line":273,"column":28},"end":{"line":273,"column":51}},{"start":{"line":273,"column":55},"end":{"line":273,"column":57}}]},"9":{"loc":{"start":{"line":292,"column":4},"end":{"line":294,"column":5}},"type":"if","locations":[{"start":{"line":292,"column":4},"end":{"line":294,"column":5}}]},"10":{"loc":{"start":{"line":413,"column":8},"end":{"line":415,"column":9}},"type":"if","locations":[{"start":{"line":413,"column":8},"end":{"line":415,"column":9}}]},"11":{"loc":{"start":{"line":438,"column":8},"end":{"line":440,"column":9}},"type":"if","locations":[{"start":{"line":438,"column":8},"end":{"line":440,"column":9}}]},"12":{"loc":{"start":{"line":451,"column":4},"end":{"line":453,"column":5}},"type":"if","locations":[{"start":{"line":451,"column":4},"end":{"line":453,"column":5}}]},"13":{"loc":{"start":{"line":451,"column":8},"end":{"line":451,"column":34}},"type":"binary-expr","locations":[{"start":{"line":451,"column":8},"end":{"line":451,"column":16}},{"start":{"line":451,"column":20},"end":{"line":451,"column":34}}]},"14":{"loc":{"start":{"line":455,"column":4},"end":{"line":457,"column":5}},"type":"if","locations":[{"start":{"line":455,"column":4},"end":{"line":457,"column":5}}]},"15":{"loc":{"start":{"line":455,"column":8},"end":{"line":455,"column":36}},"type":"binary-expr","locations":[{"start":{"line":455,"column":8},"end":{"line":455,"column":17}},{"start":{"line":455,"column":21},"end":{"line":455,"column":36}}]},"16":{"loc":{"start":{"line":461,"column":4},"end":{"line":472,"column":5}},"type":"if","locations":[{"start":{"line":461,"column":4},"end":{"line":472,"column":5}},{"start":{"line":464,"column":9},"end":{"line":472,"column":5}}]},"17":{"loc":{"start":{"line":464,"column":9},"end":{"line":472,"column":5}},"type":"if","locations":[{"start":{"line":464,"column":9},"end":{"line":472,"column":5}},{"start":{"line":467,"column":9},"end":{"line":472,"column":5}}]},"18":{"loc":{"start":{"line":467,"column":9},"end":{"line":472,"column":5}},"type":"if","locations":[{"start":{"line":467,"column":9},"end":{"line":472,"column":5}},{"start":{"line":470,"column":9},"end":{"line":472,"column":5}}]},"19":{"loc":{"start":{"line":470,"column":9},"end":{"line":472,"column":5}},"type":"if","locations":[{"start":{"line":470,"column":9},"end":{"line":472,"column":5}}]},"20":{"loc":{"start":{"line":489,"column":4},"end":{"line":491,"column":5}},"type":"if","locations":[{"start":{"line":489,"column":4},"end":{"line":491,"column":5}}]},"21":{"loc":{"start":{"line":489,"column":8},"end":{"line":489,"column":34}},"type":"binary-expr","locations":[{"start":{"line":489,"column":8},"end":{"line":489,"column":16}},{"start":{"line":489,"column":20},"end":{"line":489,"column":34}}]},"22":{"loc":{"start":{"line":493,"column":4},"end":{"line":495,"column":5}},"type":"if","locations":[{"start":{"line":493,"column":4},"end":{"line":495,"column":5}}]},"23":{"loc":{"start":{"line":493,"column":8},"end":{"line":493,"column":36}},"type":"binary-expr","locations":[{"start":{"line":493,"column":8},"end":{"line":493,"column":17}},{"start":{"line":493,"column":21},"end":{"line":493,"column":36}}]},"24":{"loc":{"start":{"line":497,"column":4},"end":{"line":499,"column":5}},"type":"if","locations":[{"start":{"line":497,"column":4},"end":{"line":499,"column":5}}]},"25":{"loc":{"start":{"line":503,"column":4},"end":{"line":514,"column":5}},"type":"if","locations":[{"start":{"line":503,"column":4},"end":{"line":514,"column":5}},{"start":{"line":506,"column":9},"end":{"line":514,"column":5}}]},"26":{"loc":{"start":{"line":506,"column":9},"end":{"line":514,"column":5}},"type":"if","locations":[{"start":{"line":506,"column":9},"end":{"line":514,"column":5}},{"start":{"line":509,"column":9},"end":{"line":514,"column":5}}]},"27":{"loc":{"start":{"line":509,"column":9},"end":{"line":514,"column":5}},"type":"if","locations":[{"start":{"line":509,"column":9},"end":{"line":514,"column":5}},{"start":{"line":512,"column":9},"end":{"line":514,"column":5}}]},"28":{"loc":{"start":{"line":512,"column":9},"end":{"line":514,"column":5}},"type":"if","locations":[{"start":{"line":512,"column":9},"end":{"line":514,"column":5}}]},"29":{"loc":{"start":{"line":523,"column":4},"end":{"line":525,"column":5}},"type":"if","locations":[{"start":{"line":523,"column":4},"end":{"line":525,"column":5}}]},"30":{"loc":{"start":{"line":523,"column":8},"end":{"line":523,"column":50}},"type":"binary-expr","locations":[{"start":{"line":523,"column":8},"end":{"line":523,"column":24}},{"start":{"line":523,"column":28},"end":{"line":523,"column":50}}]},"31":{"loc":{"start":{"line":527,"column":4},"end":{"line":542,"column":5}},"type":"if","locations":[{"start":{"line":527,"column":4},"end":{"line":542,"column":5}},{"start":{"line":535,"column":9},"end":{"line":542,"column":5}}]},"32":{"loc":{"start":{"line":550,"column":11},"end":{"line":550,"column":22}},"type":"default-arg","locations":[{"start":{"line":550,"column":20},"end":{"line":550,"column":22}}]},"33":{"loc":{"start":{"line":550,"column":24},"end":{"line":550,"column":33}},"type":"default-arg","locations":[{"start":{"line":550,"column":31},"end":{"line":550,"column":33}}]},"34":{"loc":{"start":{"line":550,"column":35},"end":{"line":550,"column":50}},"type":"default-arg","locations":[{"start":{"line":550,"column":48},"end":{"line":550,"column":50}}]},"35":{"loc":{"start":{"line":560,"column":24},"end":{"line":560,"column":49}},"type":"binary-expr","locations":[{"start":{"line":560,"column":24},"end":{"line":560,"column":30}},{"start":{"line":560,"column":34},"end":{"line":560,"column":49}}]},"36":{"loc":{"start":{"line":561,"column":22},"end":{"line":561,"column":38}},"type":"binary-expr","locations":[{"start":{"line":561,"column":22},"end":{"line":561,"column":26}},{"start":{"line":561,"column":30},"end":{"line":561,"column":38}}]},"37":{"loc":{"start":{"line":562,"column":24},"end":{"line":562,"column":44}},"type":"binary-expr","locations":[{"start":{"line":562,"column":24},"end":{"line":562,"column":34}},{"start":{"line":562,"column":38},"end":{"line":562,"column":44}}]},"38":{"loc":{"start":{"line":564,"column":25},"end":{"line":564,"column":69}},"type":"binary-expr","locations":[{"start":{"line":564,"column":25},"end":{"line":564,"column":46}},{"start":{"line":564,"column":50},"end":{"line":564,"column":69}}]},"39":{"loc":{"start":{"line":581,"column":24},"end":{"line":581,"column":49}},"type":"binary-expr","locations":[{"start":{"line":581,"column":24},"end":{"line":581,"column":30}},{"start":{"line":581,"column":34},"end":{"line":581,"column":49}}]},"40":{"loc":{"start":{"line":582,"column":22},"end":{"line":582,"column":38}},"type":"binary-expr","locations":[{"start":{"line":582,"column":22},"end":{"line":582,"column":26}},{"start":{"line":582,"column":30},"end":{"line":582,"column":38}}]},"41":{"loc":{"start":{"line":583,"column":24},"end":{"line":583,"column":44}},"type":"binary-expr","locations":[{"start":{"line":583,"column":24},"end":{"line":583,"column":34}},{"start":{"line":583,"column":38},"end":{"line":583,"column":44}}]},"42":{"loc":{"start":{"line":585,"column":25},"end":{"line":585,"column":69}},"type":"binary-expr","locations":[{"start":{"line":585,"column":25},"end":{"line":585,"column":46}},{"start":{"line":585,"column":50},"end":{"line":585,"column":69}}]},"43":{"loc":{"start":{"line":615,"column":4},"end":{"line":617,"column":5}},"type":"if","locations":[{"start":{"line":615,"column":4},"end":{"line":617,"column":5}}]},"44":{"loc":{"start":{"line":623,"column":4},"end":{"line":625,"column":5}},"type":"if","locations":[{"start":{"line":623,"column":4},"end":{"line":625,"column":5}}]},"45":{"loc":{"start":{"line":623,"column":8},"end":{"line":623,"column":34}},"type":"binary-expr","locations":[{"start":{"line":623,"column":8},"end":{"line":623,"column":16}},{"start":{"line":623,"column":20},"end":{"line":623,"column":34}}]},"46":{"loc":{"start":{"line":631,"column":4},"end":{"line":633,"column":5}},"type":"if","locations":[{"start":{"line":631,"column":4},"end":{"line":633,"column":5}}]},"47":{"loc":{"start":{"line":639,"column":4},"end":{"line":641,"column":5}},"type":"if","locations":[{"start":{"line":639,"column":4},"end":{"line":641,"column":5}}]}},"s":{"0":18,"1":18,"2":18,"3":18,"4":18,"5":18,"6":18,"7":18,"8":18,"9":18,"10":5,"11":5,"12":5,"13":4,"14":18,"15":18,"16":3,"17":3,"18":3,"19":3,"20":3,"21":0,"22":18,"23":18,"24":3,"25":3,"26":3,"27":3,"28":2,"29":1,"30":1,"31":1,"32":2,"33":18,"34":18,"35":5,"36":5,"37":1,"38":18,"39":18,"40":0,"41":0,"42":0,"43":0,"44":0,"45":0,"46":0,"47":18,"48":3,"49":1,"50":2,"51":2,"52":2,"53":1,"54":1,"55":1,"56":1,"57":1,"58":1,"59":1,"60":1,"61":1,"62":1,"63":4,"64":4,"65":3,"66":1,"67":0,"68":0,"69":0,"70":0,"71":0,"72":0,"73":0,"74":0,"75":0,"76":0,"77":0,"78":0,"79":0,"80":0,"81":0,"82":0,"83":0,"84":0,"85":0,"86":0,"87":0,"88":0,"89":0,"90":0,"91":0,"92":0,"93":0,"94":0,"95":0,"96":0,"97":0,"98":0,"99":0,"100":0,"101":0,"102":0,"103":0,"104":0,"105":0,"106":0,"107":0,"108":0,"109":0,"110":0,"111":0,"112":0,"113":0,"114":0,"115":0,"116":0,"117":0,"118":0,"119":0,"120":0,"121":0,"122":0,"123":0,"124":0,"125":0,"126":0,"127":0,"128":0,"129":0,"130":0,"131":0,"132":0,"133":0,"134":0,"135":0,"136":0,"137":0,"138":0,"139":0,"140":0,"141":0,"142":0,"143":0,"144":0,"145":0,"146":0,"147":0,"148":0,"149":0,"150":0,"151":0,"152":0,"153":0,"154":0,"155":0,"156":0,"157":0,"158":0,"159":0,"160":0,"161":0,"162":0},"f":{"0":5,"1":5,"2":3,"3":3,"4":3,"5":3,"6":5,"7":0,"8":0,"9":3,"10":4,"11":0,"12":0,"13":0,"14":0,"15":0,"16":0,"17":0,"18":0,"19":0,"20":0,"21":0,"22":0},"b":{"0":[4,3,2],"1":[3],"2":[3,3,3],"3":[1],"4":[0],"5":[1],"6":[3,2],"7":[1],"8":[1,1],"9":[1],"10":[0],"11":[0],"12":[0],"13":[0,0],"14":[0],"15":[0,0],"16":[0,0],"17":[0,0],"18":[0,0],"19":[0],"20":[0],"21":[0,0],"22":[0],"23":[0,0],"24":[0],"25":[0,0],"26":[0,0],"27":[0,0],"28":[0],"29":[0],"30":[0,0],"31":[0,0],"32":[0],"33":[0],"34":[0],"35":[0,0],"36":[0,0],"37":[0,0],"38":[0,0],"39":[0,0],"40":[0,0],"41":[0,0],"42":[0,0],"43":[0],"44":[0],"45":[0,0],"46":[0],"47":[0]}}
,"/Users/user/Desktop/Seng2021 Backend/src/validation/formValidation.ts": {"path":"/Users/user/Desktop/Seng2021 Backend/src/validation/formValidation.ts","statementMap":{"0":{"start":{"line":3,"column":0},"end":{"line":3,"column":16}},"1":{"start":{"line":1,"column":0},"end":{"line":1,"column":34}},"2":{"start":{"line":4,"column":2},"end":{"line":6,"column":3}},"3":{"start":{"line":5,"column":4},"end":{"line":5,"column":17}},"4":{"start":{"line":8,"column":12},"end":{"line":8,"column":17}},"5":{"start":{"line":9,"column":15},"end":{"line":9,"column":20}},"6":{"start":{"line":10,"column":2},"end":{"line":17,"column":3}},"7":{"start":{"line":11,"column":4},"end":{"line":13,"column":5}},"8":{"start":{"line":12,"column":6},"end":{"line":12,"column":20}},"9":{"start":{"line":14,"column":4},"end":{"line":16,"column":5}},"10":{"start":{"line":15,"column":6},"end":{"line":15,"column":17}},"11":{"start":{"line":18,"column":2},"end":{"line":20,"column":3}},"12":{"start":{"line":19,"column":4},"end":{"line":19,"column":17}},"13":{"start":{"line":21,"column":2},"end":{"line":21,"column":14}}},"fnMap":{"0":{"name":"validPassword","decl":{"start":{"line":3,"column":16},"end":{"line":3,"column":29}},"loc":{"start":{"line":3,"column":46},"end":{"line":22,"column":1}}}},"branchMap":{"0":{"loc":{"start":{"line":4,"column":2},"end":{"line":6,"column":3}},"type":"if","locations":[{"start":{"line":4,"column":2},"end":{"line":6,"column":3}}]},"1":{"loc":{"start":{"line":11,"column":4},"end":{"line":13,"column":5}},"type":"if","locations":[{"start":{"line":11,"column":4},"end":{"line":13,"column":5}}]},"2":{"loc":{"start":{"line":14,"column":4},"end":{"line":16,"column":5}},"type":"if","locations":[{"start":{"line":14,"column":4},"end":{"line":16,"column":5}}]},"3":{"loc":{"start":{"line":18,"column":2},"end":{"line":20,"column":3}},"type":"if","locations":[{"start":{"line":18,"column":2},"end":{"line":20,"column":3}}]},"4":{"loc":{"start":{"line":18,"column":8},"end":{"line":18,"column":21}},"type":"binary-expr","locations":[{"start":{"line":18,"column":8},"end":{"line":18,"column":11}},{"start":{"line":18,"column":15},"end":{"line":18,"column":21}}]}},"s":{"0":15,"1":15,"2":3,"3":0,"4":3,"5":3,"6":3,"7":30,"8":24,"9":30,"10":6,"11":3,"12":1,"13":2},"f":{"0":3},"b":{"0":[0],"1":[24],"2":[6],"3":[1],"4":[3,2]}}
,"/Users/user/Desktop/Seng2021 Backend/src/validation/orderSchema.ts": {"path":"/Users/user/Desktop/Seng2021 Backend/src/validation/orderSchema.ts","statementMap":{"0":{"start":{"line":1,"column":0},"end":{"line":1,"column":22}},"1":{"start":{"line":3,"column":20},"end":{"line":25,"column":4}},"2":{"start":{"line":27,"column":2},"end":{"line":27,"column":29}}},"fnMap":{},"branchMap":{},"s":{"0":19,"1":19,"2":19},"f":{},"b":{}}
,"/Users/user/Desktop/Seng2021 Backend/src/validation/orderSchemav2.ts": {"path":"/Users/user/Desktop/Seng2021 Backend/src/validation/orderSchemav2.ts","statementMap":{"0":{"start":{"line":1,"column":0},"end":{"line":1,"column":22}},"1":{"start":{"line":3,"column":22},"end":{"line":11,"column":4}},"2":{"start":{"line":12,"column":0},"end":{"line":12,"column":29}}},"fnMap":{},"branchMap":{},"s":{"0":19,"1":19,"2":19},"f":{},"b":{}}
,"/Users/user/Desktop/Seng2021 Backend/src/validation/security.ts": {"path":"/Users/user/Desktop/Seng2021 Backend/src/validation/security.ts","statementMap":{"0":{"start":{"line":3,"column":0},"end":{"line":3,"column":16}},"1":{"start":{"line":1,"column":0},"end":{"line":1,"column":38}},"2":{"start":{"line":4,"column":4},"end":{"line":8,"column":5}},"3":{"start":{"line":5,"column":8},"end":{"line":5,"column":null}},"4":{"start":{"line":6,"column":11},"end":{"line":8,"column":5}},"5":{"start":{"line":7,"column":8},"end":{"line":7,"column":50}},"6":{"start":{"line":9,"column":4},"end":{"line":9,"column":16}}},"fnMap":{"0":{"name":"validateApiKey","decl":{"start":{"line":3,"column":16},"end":{"line":3,"column":30}},"loc":{"start":{"line":3,"column":80},"end":{"line":10,"column":1}}}},"branchMap":{"0":{"loc":{"start":{"line":4,"column":4},"end":{"line":8,"column":5}},"type":"if","locations":[{"start":{"line":4,"column":4},"end":{"line":8,"column":5}},{"start":{"line":6,"column":11},"end":{"line":8,"column":5}}]},"1":{"loc":{"start":{"line":6,"column":11},"end":{"line":8,"column":5}},"type":"if","locations":[{"start":{"line":6,"column":11},"end":{"line":8,"column":5}}]}},"s":{"0":19,"1":19,"2":55,"3":2,"4":53,"5":4,"6":49},"f":{"0":55},"b":{"0":[2,53],"1":[4]}}
}
