TN:
SF:src/app.ts
FN:73,(anonymous_17)
FN:80,(anonymous_18)
FN:85,(anonymous_19)
FN:100,(anonymous_20)
FN:100,(anonymous_21)
FN:130,(anonymous_22)
FN:130,(anonymous_23)
FN:148,(anonymous_24)
FN:148,(anonymous_25)
FN:168,(anonymous_26)
FN:168,(anonymous_27)
FN:200,(anonymous_28)
FN:200,(anonymous_29)
FN:238,(anonymous_30)
FN:238,(anonymous_31)
FN:290,(anonymous_32)
FN:290,(anonymous_33)
FN:313,(anonymous_34)
FN:313,(anonymous_35)
FN:366,(anonymous_36)
FN:366,(anonymous_37)
FN:466,(anonymous_38)
FN:466,(anonymous_39)
FN:519,(anonymous_40)
FN:519,(anonymous_41)
FN:581,(anonymous_42)
FN:581,(anonymous_43)
FN:611,(anonymous_44)
FN:611,(anonymous_45)
FN:627,(anonymous_46)
FN:643,(anonymous_47)
FN:643,(anonymous_48)
FN:668,(anonymous_49)
FN:668,(anonymous_50)
FN:684,(anonymous_51)
FN:697,(anonymous_52)
FN:697,(anonymous_53)
FN:749,(anonymous_54)
FN:749,(anonymous_55)
FN:768,(anonymous_56)
FN:768,(anonymous_57)
FN:804,(anonymous_58)
FN:804,(anonymous_59)
FN:828,(anonymous_60)
FN:828,(anonymous_61)
FN:851,(anonymous_62)
FN:851,(anonymous_63)
FN:882,(anonymous_64)
FN:882,(anonymous_65)
FN:914,(anonymous_66)
FN:914,(anonymous_67)
FN:932,(anonymous_68)
FN:932,(anonymous_69)
FN:950,(anonymous_70)
FN:950,(anonymous_71)
FN:982,(anonymous_72)
FN:982,(anonymous_73)
FN:1011,(anonymous_74)
FN:1011,(anonymous_75)
FN:1035,(anonymous_76)
FN:1035,(anonymous_77)
FN:1078,(anonymous_78)
FN:1078,(anonymous_79)
FN:1112,(anonymous_80)
FN:1112,(anonymous_81)
FN:1151,(anonymous_82)
FN:1151,(anonymous_83)
FN:1182,(anonymous_84)
FN:1182,(anonymous_85)
FN:1197,(anonymous_86)
FN:1197,(anonymous_87)
FN:1212,(anonymous_88)
FN:1212,(anonymous_89)
FN:1224,(anonymous_90)
FN:1224,(anonymous_91)
FN:1240,(anonymous_92)
FN:1240,(anonymous_93)
FN:1251,(anonymous_94)
FN:1251,(anonymous_95)
FN:1263,(anonymous_96)
FN:1263,(anonymous_97)
FN:1268,(anonymous_98)
FN:1268,(anonymous_99)
FN:1273,(anonymous_100)
FN:1273,(anonymous_101)
FN:1278,(anonymous_102)
FN:1278,(anonymous_103)
FN:1290,(anonymous_104)
FN:1307,(anonymous_105)
FN:1316,(anonymous_106)
FNF:90
FNH:42
FNDA:0,(anonymous_17)
FNDA:0,(anonymous_18)
FNDA:2,(anonymous_19)
FNDA:4,(anonymous_20)
FNDA:4,(anonymous_21)
FNDA:3,(anonymous_22)
FNDA:3,(anonymous_23)
FNDA:13,(anonymous_24)
FNDA:13,(anonymous_25)
FNDA:0,(anonymous_26)
FNDA:0,(anonymous_27)
FNDA:5,(anonymous_28)
FNDA:5,(anonymous_29)
FNDA:5,(anonymous_30)
FNDA:5,(anonymous_31)
FNDA:7,(anonymous_32)
FNDA:7,(anonymous_33)
FNDA:5,(anonymous_34)
FNDA:5,(anonymous_35)
FNDA:4,(anonymous_36)
FNDA:4,(anonymous_37)
FNDA:7,(anonymous_38)
FNDA:7,(anonymous_39)
FNDA:7,(anonymous_40)
FNDA:7,(anonymous_41)
FNDA:4,(anonymous_42)
FNDA:4,(anonymous_43)
FNDA:0,(anonymous_44)
FNDA:0,(anonymous_45)
FNDA:0,(anonymous_46)
FNDA:4,(anonymous_47)
FNDA:4,(anonymous_48)
FNDA:8,(anonymous_49)
FNDA:8,(anonymous_50)
FNDA:5,(anonymous_51)
FNDA:4,(anonymous_52)
FNDA:4,(anonymous_53)
FNDA:8,(anonymous_54)
FNDA:8,(anonymous_55)
FNDA:3,(anonymous_56)
FNDA:3,(anonymous_57)
FNDA:0,(anonymous_58)
FNDA:0,(anonymous_59)
FNDA:0,(anonymous_60)
FNDA:0,(anonymous_61)
FNDA:0,(anonymous_62)
FNDA:0,(anonymous_63)
FNDA:0,(anonymous_64)
FNDA:0,(anonymous_65)
FNDA:0,(anonymous_66)
FNDA:0,(anonymous_67)
FNDA:0,(anonymous_68)
FNDA:0,(anonymous_69)
FNDA:4,(anonymous_70)
FNDA:4,(anonymous_71)
FNDA:4,(anonymous_72)
FNDA:4,(anonymous_73)
FNDA:4,(anonymous_74)
FNDA:4,(anonymous_75)
FNDA:0,(anonymous_76)
FNDA:0,(anonymous_77)
FNDA:0,(anonymous_78)
FNDA:0,(anonymous_79)
FNDA:0,(anonymous_80)
FNDA:0,(anonymous_81)
FNDA:0,(anonymous_82)
FNDA:0,(anonymous_83)
FNDA:0,(anonymous_84)
FNDA:0,(anonymous_85)
FNDA:0,(anonymous_86)
FNDA:0,(anonymous_87)
FNDA:0,(anonymous_88)
FNDA:0,(anonymous_89)
FNDA:0,(anonymous_90)
FNDA:0,(anonymous_91)
FNDA:0,(anonymous_92)
FNDA:0,(anonymous_93)
FNDA:0,(anonymous_94)
FNDA:0,(anonymous_95)
FNDA:0,(anonymous_96)
FNDA:0,(anonymous_97)
FNDA:0,(anonymous_98)
FNDA:0,(anonymous_99)
FNDA:0,(anonymous_100)
FNDA:0,(anonymous_101)
FNDA:0,(anonymous_102)
FNDA:0,(anonymous_103)
FNDA:1,(anonymous_104)
FNDA:76,(anonymous_105)
FNDA:0,(anonymous_106)
DA:1,19
DA:2,19
DA:3,19
DA:4,19
DA:5,19
DA:19,19
DA:28,19
DA:29,19
DA:30,19
DA:31,19
DA:32,19
DA:33,19
DA:34,19
DA:35,19
DA:36,19
DA:37,19
DA:38,19
DA:39,19
DA:44,19
DA:46,19
DA:48,19
DA:49,19
DA:56,19
DA:57,19
DA:60,19
DA:61,19
DA:63,19
DA:64,19
DA:65,19
DA:73,19
DA:74,0
DA:80,19
DA:81,0
DA:85,19
DA:86,2
DA:87,2
DA:88,2
DA:89,2
DA:91,1
DA:92,1
DA:94,0
DA:96,1
DA:100,19
DA:101,4
DA:103,4
DA:104,1
DA:107,3
DA:108,3
DA:110,2
DA:112,2
DA:113,1
DA:118,1
DA:122,1
DA:123,1
DA:128,19
DA:130,3
DA:131,3
DA:132,3
DA:133,3
DA:134,3
DA:135,3
DA:136,1
DA:140,2
DA:141,2
DA:143,0
DA:148,19
DA:149,13
DA:150,13
DA:151,11
DA:152,11
DA:153,1
DA:155,10
DA:156,10
DA:161,2
DA:162,2
DA:164,0
DA:168,19
DA:169,0
DA:170,0
DA:172,0
DA:173,0
DA:174,0
DA:177,0
DA:180,0
DA:182,0
DA:184,0
DA:186,0
DA:191,0
DA:192,0
DA:194,0
DA:198,19
DA:200,5
DA:201,5
DA:202,5
DA:203,4
DA:205,4
DA:206,1
DA:211,3
DA:212,3
DA:214,3
DA:215,1
DA:218,2
DA:219,2
DA:220,1
DA:225,1
DA:226,1
DA:230,1
DA:231,1
DA:233,0
DA:238,19
DA:239,5
DA:241,5
DA:242,5
DA:243,5
DA:244,1
DA:248,4
DA:249,4
DA:251,3
DA:252,1
DA:255,2
DA:256,2
DA:257,1
DA:261,1
DA:262,1
DA:264,1
DA:265,0
DA:269,1
DA:274,4
DA:275,4
DA:276,1
DA:278,3
DA:279,1
DA:281,2
DA:282,1
DA:284,1
DA:286,0
DA:290,19
DA:291,7
DA:292,7
DA:293,7
DA:294,5
DA:295,5
DA:296,1
DA:298,4
DA:300,1
DA:305,5
DA:306,5
DA:308,0
DA:313,19
DA:314,5
DA:316,5
DA:317,5
DA:318,5
DA:319,1
DA:323,4
DA:324,4
DA:326,3
DA:327,1
DA:330,2
DA:331,2
DA:332,1
DA:336,1
DA:337,1
DA:339,1
DA:340,0
DA:344,1
DA:349,4
DA:350,4
DA:351,1
DA:353,3
DA:354,1
DA:356,2
DA:357,1
DA:359,1
DA:361,0
DA:366,19
DA:367,4
DA:377,4
DA:379,4
DA:380,4
DA:382,4
DA:383,4
DA:384,1
DA:388,3
DA:389,3
DA:391,3
DA:392,1
DA:396,2
DA:406,1
DA:410,1
DA:426,1
DA:438,1
DA:440,1
DA:441,0
DA:445,1
DA:450,3
DA:451,3
DA:452,1
DA:454,2
DA:455,1
DA:457,1
DA:458,1
DA:462,0
DA:466,19
DA:467,7
DA:468,7
DA:470,7
DA:473,7
DA:474,1
DA:479,6
DA:480,6
DA:481,1
DA:485,5
DA:486,5
DA:487,1
DA:493,4
DA:496,3
DA:497,0
DA:501,3
DA:504,2
DA:509,2
DA:512,1
DA:513,1
DA:515,3
DA:519,19
DA:520,7
DA:521,7
DA:523,7
DA:526,7
DA:527,1
DA:530,6
DA:531,6
DA:532,1
DA:537,5
DA:538,5
DA:539,1
DA:543,4
DA:544,4
DA:545,1
DA:552,3
DA:560,3
DA:562,2
DA:563,1
DA:567,1
DA:569,1
DA:576,1
DA:581,19
DA:583,4
DA:584,4
DA:586,4
DA:588,4
DA:589,1
DA:593,3
DA:594,2
DA:595,1
DA:598,1
DA:599,1
DA:601,1
DA:602,1
DA:604,0
DA:609,19
DA:611,0
DA:613,0
DA:614,0
DA:616,0
DA:617,0
DA:620,0
DA:621,0
DA:622,0
DA:625,0
DA:626,0
DA:627,0
DA:630,0
DA:632,0
DA:633,0
DA:635,0
DA:643,19
DA:645,4
DA:646,4
DA:648,4
DA:649,1
DA:652,3
DA:653,2
DA:654,1
DA:657,1
DA:658,1
DA:660,1
DA:661,1
DA:663,0
DA:668,19
DA:670,8
DA:671,8
DA:673,8
DA:674,2
DA:677,6
DA:678,4
DA:679,2
DA:682,2
DA:683,2
DA:684,5
DA:687,2
DA:689,2
DA:690,2
DA:692,0
DA:697,19
DA:699,4
DA:701,4
DA:704,4
DA:707,4
DA:708,1
DA:713,3
DA:714,3
DA:715,1
DA:719,2
DA:720,2
DA:721,1
DA:724,1
DA:725,1
DA:726,0
DA:729,1
DA:745,0
DA:749,19
DA:750,8
DA:752,8
DA:753,8
DA:754,1
DA:757,8
DA:758,8
DA:759,2
DA:761,7
DA:762,6
DA:764,1
DA:768,19
DA:769,3
DA:771,3
DA:772,3
DA:773,3
DA:774,1
DA:777,3
DA:779,2
DA:780,2
DA:781,1
DA:784,2
DA:787,0
DA:795,0
DA:797,3
DA:798,3
DA:800,0
DA:804,19
DA:805,0
DA:806,0
DA:808,0
DA:809,0
DA:810,0
DA:813,0
DA:814,0
DA:815,0
DA:816,0
DA:819,0
DA:821,0
DA:822,0
DA:824,0
DA:828,19
DA:829,0
DA:830,0
DA:832,0
DA:833,0
DA:836,0
DA:838,0
DA:839,0
DA:842,0
DA:844,0
DA:845,0
DA:847,0
DA:851,19
DA:852,0
DA:860,0
DA:862,0
DA:872,0
DA:874,0
DA:875,0
DA:877,0
DA:882,19
DA:883,0
DA:891,0
DA:893,0
DA:903,0
DA:905,0
DA:906,0
DA:908,0
DA:914,19
DA:915,0
DA:916,0
DA:918,0
DA:919,0
DA:922,0
DA:923,0
DA:925,0
DA:926,0
DA:928,0
DA:932,19
DA:933,0
DA:934,0
DA:936,0
DA:937,0
DA:940,0
DA:941,0
DA:943,0
DA:944,0
DA:946,0
DA:950,19
DA:951,4
DA:952,4
DA:954,4
DA:955,2
DA:958,2
DA:959,0
DA:962,2
DA:969,1
DA:975,3
DA:976,3
DA:978,0
DA:982,19
DA:983,4
DA:984,4
DA:986,4
DA:987,1
DA:990,3
DA:995,2
DA:996,1
DA:999,1
DA:1004,2
DA:1005,2
DA:1007,0
DA:1011,19
DA:1012,4
DA:1013,4
DA:1015,4
DA:1016,1
DA:1019,3
DA:1024,2
DA:1025,1
DA:1028,1
DA:1030,1
DA:1035,19
DA:1036,0
DA:1037,0
DA:1038,0
DA:1041,0
DA:1046,0
DA:1047,0
DA:1050,0
DA:1051,0
DA:1054,0
DA:1055,0
DA:1058,0
DA:1065,0
DA:1071,0
DA:1072,0
DA:1074,0
DA:1078,19
DA:1079,0
DA:1080,0
DA:1081,0
DA:1083,0
DA:1084,0
DA:1087,0
DA:1088,0
DA:1091,0
DA:1096,0
DA:1097,0
DA:1100,0
DA:1105,0
DA:1106,0
DA:1108,0
DA:1112,19
DA:1113,0
DA:1114,0
DA:1115,0
DA:1117,0
DA:1118,0
DA:1121,0
DA:1122,0
DA:1126,0
DA:1131,0
DA:1132,0
DA:1136,0
DA:1141,0
DA:1142,0
DA:1145,0
DA:1147,0
DA:1151,19
DA:1152,0
DA:1153,0
DA:1155,0
DA:1156,0
DA:1160,0
DA:1165,0
DA:1166,0
DA:1170,0
DA:1175,0
DA:1177,0
DA:1182,19
DA:1183,0
DA:1184,0
DA:1185,0
DA:1186,0
DA:1188,0
DA:1189,0
DA:1193,0
DA:1197,19
DA:1198,0
DA:1199,0
DA:1200,0
DA:1201,0
DA:1203,0
DA:1208,0
DA:1212,19
DA:1213,0
DA:1214,0
DA:1215,0
DA:1216,0
DA:1218,0
DA:1220,0
DA:1224,19
DA:1225,0
DA:1226,0
DA:1227,0
DA:1228,0
DA:1229,0
DA:1230,0
DA:1231,0
DA:1236,0
DA:1240,19
DA:1241,0
DA:1242,0
DA:1243,0
DA:1244,0
DA:1245,0
DA:1247,0
DA:1251,19
DA:1252,0
DA:1253,0
DA:1254,0
DA:1255,0
DA:1256,0
DA:1258,0
DA:1263,19
DA:1264,0
DA:1268,19
DA:1269,0
DA:1273,19
DA:1274,0
DA:1278,19
DA:1279,0
DA:1290,19
DA:1291,1
DA:1302,1
DA:1306,19
DA:1308,76
DA:1315,19
DA:1316,0
DA:1317,0
DA:1321,19
LF:564
LH:356
BRDA:56,0,0,19
BRDA:56,0,1,0
BRDA:63,1,0,19
BRDA:63,1,1,19
BRDA:64,2,0,19
BRDA:64,2,1,19
BRDA:91,3,0,1
BRDA:103,4,0,1
BRDA:112,5,0,1
BRDA:122,6,0,1
BRDA:140,7,0,2
BRDA:152,8,0,1
BRDA:161,9,0,2
BRDA:173,10,0,0
BRDA:191,11,0,0
BRDA:205,12,0,1
BRDA:214,13,0,1
BRDA:219,14,0,1
BRDA:230,15,0,1
BRDA:243,16,0,1
BRDA:251,17,0,1
BRDA:256,18,0,1
BRDA:264,19,0,0
BRDA:274,20,0,4
BRDA:275,21,0,1
BRDA:278,22,0,1
BRDA:281,23,0,1
BRDA:295,24,0,1
BRDA:305,25,0,5
BRDA:318,26,0,1
BRDA:326,27,0,1
BRDA:331,28,0,1
BRDA:339,29,0,0
BRDA:349,30,0,4
BRDA:350,31,0,1
BRDA:353,32,0,1
BRDA:356,33,0,1
BRDA:383,34,0,1
BRDA:391,35,0,1
BRDA:396,36,0,1
BRDA:397,37,0,2
BRDA:397,37,1,2
BRDA:397,37,2,2
BRDA:397,37,3,2
BRDA:397,37,4,1
BRDA:397,37,5,1
BRDA:397,37,6,1
BRDA:397,37,7,1
BRDA:440,38,0,0
BRDA:450,39,0,3
BRDA:451,40,0,1
BRDA:454,41,0,1
BRDA:457,42,0,1
BRDA:473,43,0,1
BRDA:480,44,0,1
BRDA:486,45,0,1
BRDA:496,46,0,0
BRDA:526,47,0,1
BRDA:531,48,0,1
BRDA:538,49,0,1
BRDA:544,50,0,1
BRDA:562,51,0,1
BRDA:588,52,0,1
BRDA:594,53,0,1
BRDA:601,54,0,1
BRDA:616,55,0,0
BRDA:621,56,0,0
BRDA:632,57,0,0
BRDA:648,58,0,1
BRDA:653,59,0,1
BRDA:660,60,0,1
BRDA:673,61,0,2
BRDA:678,62,0,2
BRDA:689,63,0,2
BRDA:707,64,0,1
BRDA:714,65,0,1
BRDA:720,66,0,1
BRDA:725,67,0,0
BRDA:753,68,0,1
BRDA:761,69,0,6
BRDA:773,70,0,1
BRDA:780,71,0,1
BRDA:797,72,0,3
BRDA:809,73,0,0
BRDA:809,74,0,0
BRDA:809,74,1,0
BRDA:815,75,0,0
BRDA:821,76,0,0
BRDA:832,77,0,0
BRDA:832,78,0,0
BRDA:832,78,1,0
BRDA:838,79,0,0
BRDA:844,80,0,0
BRDA:874,81,0,0
BRDA:874,81,1,0
BRDA:905,82,0,0
BRDA:905,82,1,0
BRDA:918,83,0,0
BRDA:918,84,0,0
BRDA:918,84,1,0
BRDA:925,85,0,0
BRDA:936,86,0,0
BRDA:936,87,0,0
BRDA:936,87,1,0
BRDA:943,88,0,0
BRDA:954,89,0,2
BRDA:954,90,0,4
BRDA:954,90,1,4
BRDA:954,90,2,3
BRDA:954,90,3,2
BRDA:958,91,0,0
BRDA:958,92,0,2
BRDA:958,92,1,2
BRDA:958,92,2,2
BRDA:958,92,3,2
BRDA:958,93,0,0
BRDA:958,93,1,2
BRDA:958,94,0,2
BRDA:958,94,1,2
BRDA:958,95,0,0
BRDA:958,95,1,2
BRDA:958,96,0,2
BRDA:958,96,1,2
BRDA:958,97,0,0
BRDA:958,97,1,2
BRDA:958,98,0,2
BRDA:958,98,1,2
BRDA:975,99,0,3
BRDA:986,100,0,1
BRDA:986,101,0,4
BRDA:986,101,1,3
BRDA:995,102,0,1
BRDA:1004,103,0,2
BRDA:1015,104,0,1
BRDA:1024,105,0,1
BRDA:1046,106,0,0
BRDA:1050,107,0,0
BRDA:1054,108,0,0
BRDA:1054,109,0,0
BRDA:1054,109,1,0
BRDA:1054,109,2,0
BRDA:1054,109,3,0
BRDA:1054,110,0,0
BRDA:1054,110,1,0
BRDA:1054,111,0,0
BRDA:1054,111,1,0
BRDA:1054,112,0,0
BRDA:1054,112,1,0
BRDA:1054,113,0,0
BRDA:1054,113,1,0
BRDA:1054,114,0,0
BRDA:1054,114,1,0
BRDA:1054,115,0,0
BRDA:1054,115,1,0
BRDA:1071,116,0,0
BRDA:1083,117,0,0
BRDA:1083,118,0,0
BRDA:1083,118,1,0
BRDA:1087,119,0,0
BRDA:1087,120,0,0
BRDA:1087,120,1,0
BRDA:1096,121,0,0
BRDA:1105,122,0,0
BRDA:1117,123,0,0
BRDA:1121,124,0,0
BRDA:1131,125,0,0
BRDA:1141,126,0,0
BRDA:1155,127,0,0
BRDA:1165,128,0,0
BRDA:1308,129,0,76
BRDA:1308,129,1,10
BRDA:1309,130,0,76
BRDA:1309,130,1,0
BRDA:1310,131,0,76
BRDA:1310,131,1,10
BRDA:1315,132,0,0
BRF:176
BRH:103
end_of_record
TN:
SF:src/db.ts
FNF:0
FNH:0
DA:1,17
DA:2,17
DA:4,17
DA:6,17
DA:18,17
LF:5
LH:5
BRF:0
BRH:0
end_of_record
TN:
SF:src/services/buyerId.ts
FN:6,findBuyerIdForUser
FN:23,createBuyer
FN:69,retrieveBuyerDetails
FNF:3
FNH:0
FNDA:0,findBuyerIdForUser
FNDA:0,createBuyer
FNDA:0,retrieveBuyerDetails
DA:2,19
DA:3,19
DA:6,19
DA:7,0
DA:11,0
DA:12,0
DA:15,0
DA:16,0
DA:19,0
DA:23,19
DA:34,0
DA:36,0
DA:43,0
DA:51,0
DA:53,0
DA:54,0
DA:57,0
DA:60,0
DA:65,0
DA:66,0
DA:69,19
DA:70,0
DA:78,0
DA:79,0
DA:83,0
DA:85,0
LF:26
LH:5
BRDA:11,0,0,0
BRDA:15,1,0,0
BRDA:53,2,0,0
BRDA:53,3,0,0
BRDA:53,3,1,0
BRDA:53,4,0,0
BRDA:53,4,1,0
BRDA:78,5,0,0
BRF:8
BRH:0
end_of_record
TN:
SF:src/services/buyerService.ts
FN:13,cancelOrder
FN:24,addOrderToDB
FN:159,addOrdertoDBv2
FN:198,buyerAccept
FN:218,(anonymous_16)
FN:218,(anonymous_17)
FN:235,(anonymous_18)
FN:235,(anonymous_19)
FN:245,(anonymous_20)
FN:252,(anonymous_21)
FNF:10
FNH:5
FNDA:2,cancelOrder
FNDA:10,addOrderToDB
FNDA:0,addOrdertoDBv2
FNDA:4,buyerAccept
FNDA:3,(anonymous_16)
FNDA:3,(anonymous_17)
FNDA:0,(anonymous_18)
FNDA:0,(anonymous_19)
FNDA:0,(anonymous_20)
FNDA:0,(anonymous_21)
DA:2,17
DA:4,17
DA:13,17
DA:15,2
DA:16,2
DA:18,2
DA:19,1
DA:21,1
DA:24,17
DA:45,10
DA:49,10
DA:57,10
DA:64,10
DA:72,10
DA:73,10
DA:79,10
DA:87,10
DA:94,10
DA:102,10
DA:103,10
DA:109,10
DA:115,10
DA:122,10
DA:128,10
DA:129,10
DA:133,10
DA:146,10
DA:155,10
DA:156,10
DA:159,17
DA:169,0
DA:171,0
DA:184,0
DA:193,0
DA:194,0
DA:198,17
DA:201,4
DA:202,4
DA:204,3
DA:205,1
DA:208,2
DA:209,2
DA:210,1
DA:214,1
DA:215,1
DA:218,17
DA:219,3
DA:231,3
DA:232,2
DA:235,17
DA:236,0
DA:240,0
DA:241,0
DA:245,17
DA:252,0
DA:253,0
DA:259,0
DA:260,0
DA:264,0
DA:269,0
DA:270,0
DA:273,0
DA:278,0
DA:279,0
DA:282,0
LF:65
LH:46
BRDA:18,0,0,1
BRDA:73,1,0,8
BRDA:73,1,1,2
BRDA:103,2,0,10
BRDA:103,2,1,0
BRDA:129,3,0,10
BRDA:129,3,1,0
BRDA:204,4,0,1
BRDA:209,5,0,1
BRDA:240,6,0,0
BRDA:259,7,0,0
BRDA:269,8,0,0
BRDA:278,9,0,0
BRF:13
BRH:7
end_of_record
TN:
SF:src/services/exampleService.ts
FN:3,checkValidEmail
FNF:1
FNH:1
FNDA:10,checkValidEmail
DA:1,19
DA:3,19
DA:4,10
DA:5,10
DA:6,2
LF:5
LH:5
BRDA:5,0,0,2
BRF:1
BRH:1
end_of_record
TN:
SF:src/services/loginService.ts
FN:10,(anonymous_17)
FN:15,(anonymous_18)
FN:68,(anonymous_19)
FN:68,(anonymous_20)
FNF:4
FNH:4
FNDA:8,(anonymous_17)
FNDA:8,(anonymous_18)
FNDA:11,(anonymous_19)
FNDA:11,(anonymous_20)
DA:2,15
DA:3,15
DA:4,15
DA:5,15
DA:6,15
DA:7,15
DA:10,15
DA:15,8
DA:16,8
DA:17,8
DA:19,1
DA:20,1
DA:27,7
DA:28,1
DA:31,6
DA:32,1
DA:35,5
DA:36,21
DA:37,1
DA:44,4
DA:45,13
DA:46,1
DA:53,3
DA:54,1
DA:60,2
DA:61,2
DA:68,15
DA:69,11
DA:70,11
LF:29
LH:29
BRDA:19,0,0,1
BRDA:27,1,0,1
BRDA:27,2,0,7
BRDA:27,2,1,6
BRDA:31,3,0,1
BRDA:31,4,0,6
BRDA:31,4,1,5
BRDA:36,5,0,1
BRDA:36,6,0,21
BRDA:36,6,1,1
BRDA:36,6,2,1
BRDA:36,6,3,1
BRDA:45,7,0,1
BRDA:45,8,0,13
BRDA:45,8,1,1
BRDA:45,8,2,1
BRDA:45,8,3,1
BRDA:53,9,0,1
BRF:18
BRH:18
end_of_record
TN:
SF:src/services/sellerId.ts
FN:14,retrieveSellerDetails
FN:40,findSellerIdForUser
FN:56,createSeller
FNF:3
FNH:0
FNDA:0,retrieveSellerDetails
FNDA:0,findSellerIdForUser
FNDA:0,createSeller
DA:2,19
DA:3,19
DA:14,19
DA:15,0
DA:23,0
DA:24,0
DA:28,0
DA:30,0
DA:40,19
DA:41,0
DA:45,0
DA:46,0
DA:49,0
DA:50,0
DA:53,0
DA:56,19
DA:67,0
DA:69,0
DA:76,0
DA:84,0
DA:86,0
DA:87,0
DA:90,0
DA:93,0
DA:98,0
DA:99,0
LF:26
LH:5
BRDA:23,0,0,0
BRDA:45,1,0,0
BRDA:49,2,0,0
BRDA:86,3,0,0
BRDA:86,4,0,0
BRDA:86,4,1,0
BRDA:86,5,0,0
BRDA:86,5,1,0
BRF:8
BRH:0
end_of_record
TN:
SF:src/services/sellerService.ts
FN:91,(anonymous_7)
FN:91,(anonymous_8)
FN:102,(anonymous_9)
FN:102,(anonymous_10)
FN:116,(anonymous_11)
FN:116,(anonymous_12)
FN:184,(anonymous_13)
FN:232,(anonymous_14)
FN:232,(anonymous_15)
FN:258,createSellerResponse
FN:288,deleteOrder
FN:319,convertToInvoiceXML
FN:403,fetchOrder
FN:426,generateInvoiceAPI
FN:450,generateInvoice
FN:480,getSellerRegisteredOrders
FN:484,(anonymous_29)
FN:488,saveInvoice
FN:521,viewInvoices
FN:548,transformToNewDespatchFormat
FN:550,(anonymous_35)
FN:601,callNewDespatchAPI
FN:622,generateDespatchAdvice
FNF:23
FNH:9
FNDA:5,(anonymous_7)
FNDA:5,(anonymous_8)
FNDA:3,(anonymous_9)
FNDA:3,(anonymous_10)
FNDA:3,(anonymous_11)
FNDA:3,(anonymous_12)
FNDA:5,(anonymous_13)
FNDA:0,(anonymous_14)
FNDA:0,(anonymous_15)
FNDA:3,createSellerResponse
FNDA:4,deleteOrder
FNDA:0,convertToInvoiceXML
FNDA:0,fetchOrder
FNDA:0,generateInvoiceAPI
FNDA:0,generateInvoice
FNDA:0,getSellerRegisteredOrders
FNDA:0,(anonymous_29)
FNDA:0,saveInvoice
FNDA:0,viewInvoices
FNDA:0,transformToNewDespatchFormat
FNDA:0,(anonymous_35)
FNDA:0,callNewDespatchAPI
FNDA:0,generateDespatchAdvice
DA:2,18
DA:3,18
DA:91,18
DA:92,5
DA:93,5
DA:96,4
DA:102,18
DA:103,3
DA:104,3
DA:107,3
DA:108,3
DA:112,0
DA:116,18
DA:117,3
DA:119,3
DA:137,3
DA:140,2
DA:141,1
DA:145,1
DA:148,1
DA:180,2
DA:184,18
DA:185,5
DA:191,5
DA:228,1
DA:232,18
DA:233,0
DA:238,0
DA:239,0
DA:242,0
DA:244,0
DA:249,0
DA:258,18
DA:259,3
DA:260,1
DA:264,2
DA:265,2
DA:266,2
DA:267,1
DA:271,1
DA:272,1
DA:273,1
DA:275,1
DA:277,1
DA:280,1
DA:281,1
DA:284,1
DA:285,1
DA:288,18
DA:289,4
DA:290,4
DA:292,3
DA:293,1
DA:321,0
DA:322,0
DA:324,0
DA:325,0
DA:327,0
DA:328,0
DA:330,0
DA:331,0
DA:332,0
DA:335,0
DA:399,0
DA:404,0
DA:405,0
DA:406,0
DA:413,0
DA:414,0
DA:417,0
DA:418,0
DA:421,0
DA:427,0
DA:428,0
DA:438,0
DA:439,0
DA:442,0
DA:443,0
DA:446,0
DA:450,18
DA:451,0
DA:452,0
DA:455,0
DA:456,0
DA:459,0
DA:460,0
DA:461,0
DA:462,0
DA:464,0
DA:465,0
DA:467,0
DA:468,0
DA:470,0
DA:471,0
DA:474,0
DA:475,0
DA:476,0
DA:477,0
DA:480,18
DA:481,0
DA:482,0
DA:483,0
DA:484,0
DA:485,0
DA:488,18
DA:489,0
DA:490,0
DA:493,0
DA:494,0
DA:497,0
DA:498,0
DA:501,0
DA:502,0
DA:503,0
DA:504,0
DA:506,0
DA:507,0
DA:509,0
DA:510,0
DA:512,0
DA:513,0
DA:516,0
DA:517,0
DA:521,18
DA:523,0
DA:524,0
DA:527,0
DA:528,0
DA:536,0
DA:544,0
DA:545,0
DA:549,0
DA:550,0
DA:552,0
DA:602,0
DA:613,0
DA:615,0
DA:616,0
DA:619,0
DA:622,18
DA:623,0
DA:624,0
DA:627,0
DA:631,0
DA:632,0
DA:635,0
DA:639,0
DA:640,0
DA:643,0
DA:644,0
DA:645,0
DA:647,0
LF:152
LH:51
BRDA:96,0,0,4
BRDA:96,0,1,3
BRDA:96,0,2,2
BRDA:107,1,0,3
BRDA:107,2,0,3
BRDA:107,2,1,3
BRDA:107,2,2,3
BRDA:140,3,0,1
BRDA:238,4,0,0
BRDA:259,5,0,1
BRDA:259,6,0,3
BRDA:259,6,1,2
BRDA:266,7,0,1
BRDA:273,8,0,1
BRDA:273,8,1,1
BRDA:292,9,0,1
BRDA:413,10,0,0
BRDA:438,11,0,0
BRDA:451,12,0,0
BRDA:451,13,0,0
BRDA:451,13,1,0
BRDA:455,14,0,0
BRDA:455,15,0,0
BRDA:455,15,1,0
BRDA:461,16,0,0
BRDA:461,16,1,0
BRDA:464,17,0,0
BRDA:464,17,1,0
BRDA:467,18,0,0
BRDA:467,18,1,0
BRDA:470,19,0,0
BRDA:489,20,0,0
BRDA:489,21,0,0
BRDA:489,21,1,0
BRDA:493,22,0,0
BRDA:493,23,0,0
BRDA:493,23,1,0
BRDA:497,24,0,0
BRDA:503,25,0,0
BRDA:503,25,1,0
BRDA:506,26,0,0
BRDA:506,26,1,0
BRDA:509,27,0,0
BRDA:509,27,1,0
BRDA:512,28,0,0
BRDA:523,29,0,0
BRDA:523,30,0,0
BRDA:523,30,1,0
BRDA:527,31,0,0
BRDA:527,31,1,0
BRDA:550,32,0,0
BRDA:550,33,0,0
BRDA:550,34,0,0
BRDA:560,35,0,0
BRDA:560,35,1,0
BRDA:561,36,0,0
BRDA:561,36,1,0
BRDA:562,37,0,0
BRDA:562,37,1,0
BRDA:564,38,0,0
BRDA:564,38,1,0
BRDA:581,39,0,0
BRDA:581,39,1,0
BRDA:582,40,0,0
BRDA:582,40,1,0
BRDA:583,41,0,0
BRDA:583,41,1,0
BRDA:585,42,0,0
BRDA:585,42,1,0
BRDA:615,43,0,0
BRDA:623,44,0,0
BRDA:623,45,0,0
BRDA:623,45,1,0
BRDA:631,46,0,0
BRDA:639,47,0,0
BRF:75
BRH:15
end_of_record
TN:
SF:src/validation/formValidation.ts
FN:3,validPassword
FNF:1
FNH:1
FNDA:3,validPassword
DA:1,15
DA:3,15
DA:4,3
DA:5,0
DA:8,3
DA:9,3
DA:10,3
DA:11,30
DA:12,24
DA:14,30
DA:15,6
DA:18,3
DA:19,1
DA:21,2
LF:14
LH:13
BRDA:4,0,0,0
BRDA:11,1,0,24
BRDA:14,2,0,6
BRDA:18,3,0,1
BRDA:18,4,0,3
BRDA:18,4,1,2
BRF:6
BRH:5
end_of_record
TN:
SF:src/validation/orderSchema.ts
FNF:0
FNH:0
DA:1,19
DA:3,19
DA:27,19
LF:3
LH:3
BRF:0
BRH:0
end_of_record
TN:
SF:src/validation/orderSchemav2.ts
FNF:0
FNH:0
DA:1,19
DA:3,19
DA:12,19
LF:3
LH:3
BRF:0
BRH:0
end_of_record
TN:
SF:src/validation/security.ts
FN:3,validateApiKey
FNF:1
FNH:1
FNDA:55,validateApiKey
DA:1,19
DA:3,19
DA:4,55
DA:5,2
DA:6,53
DA:7,4
DA:9,49
LF:7
LH:7
BRDA:4,0,0,2
BRDA:4,0,1,53
BRDA:6,1,0,4
BRF:3
BRH:3
end_of_record
